#
# There is insufficient memory for the Java Runtime Environment to continue.
# Native memory allocation (malloc) failed to allocate 32744 bytes. Error detail: Chunk::new
# Possible reasons:
#   The system is out of physical RAM or swap space
#   This process is running with CompressedOops enabled, and the Java Heap may be blocking the growth of the native heap
# Possible solutions:
#   Reduce memory load on the system
#   Increase physical memory or swap space
#   Check if swap backing store is full
#   Decrease Java heap size (-Xmx/-Xms)
#   Decrease number of Java threads
#   Decrease Java thread stack sizes (-Xss)
#   Set larger code cache with -XX:ReservedCodeCacheSize=
#   JVM is running with Zero Based Compressed Oops mode in which the Java heap is
#     placed in the first 32GB address space. The Java Heap base address is the
#     maximum limit for the native heap growth. Please use -XX:HeapBaseMinAddress
#     to set the Java Heap base and to place the Java Heap above 32GB virtual address.
# This output file may be truncated or incomplete.
#
#  Out of Memory Error (arena.cpp:150), pid=25216, tid=18456
#
# JRE version: Java(TM) SE Runtime Environment (22.0.1+8) (build 22.0.1+8-16)
# Java VM: Java HotSpot(TM) 64-Bit Server VM (22.0.1+8-16, mixed mode, sharing, tiered, compressed oops, compressed class ptrs, g1 gc, windows-amd64)
# No core dump will be written. Minidumps are not enabled by default on client versions of Windows
#

---------------  S U M M A R Y ------------

Command Line: -Dmaven.multiModuleProjectDirectory=C:\Users\User\Desktop\sistema.inventario\sistema.inventario -Djansi.passthrough=true -Dmaven.home=C:\Program Files\JetBrains\IntelliJ IDEA 2024.1.4\plugins\maven\lib\maven3 -Dclassworlds.conf=C:\Program Files\JetBrains\IntelliJ IDEA 2024.1.4\plugins\maven\lib\maven3\bin\m2.conf -Dmaven.ext.class.path=C:\Program Files\JetBrains\IntelliJ IDEA 2024.1.4\plugins\maven\lib\maven-event-listener.jar -javaagent:C:\Program Files\JetBrains\IntelliJ IDEA 2024.1.4\lib\idea_rt.jar=63202:C:\Program Files\JetBrains\IntelliJ IDEA 2024.1.4\bin -Dfile.encoding=UTF-8 -Dsun.stdout.encoding=UTF-8 -Dsun.stderr.encoding=UTF-8 org.codehaus.classworlds.Launcher -Didea.version=2024.3.2.2 package

Host: AMD Ryzen 5 5600X 6-Core Processor             , 12 cores, 15G,  Windows 10 , 64 bit Build 19041 (10.0.19041.3636)
Time: Sat Mar  8 01:35:58 2025 Hora est. Pac璗ico, Sudam廨ica elapsed time: 5.563660 seconds (0d 0h 0m 5s)

---------------  T H R E A D  ---------------

Current thread (0x0000022f6465e2b0):  JavaThread "C2 CompilerThread0" daemon [_thread_in_native, id=18456, stack(0x0000003d62000000,0x0000003d62100000) (1024K)]


Current CompileTask:
C2:5563 10224       4       java.lang.invoke.MemberName::getMethodOrFieldType (72 bytes)

Stack: [0x0000003d62000000,0x0000003d62100000]
Native frames: (J=compiled Java code, j=interpreted, Vv=VM code, C=native code)
V  [jvm.dll+0x6e2279]  (no source info available)
V  [jvm.dll+0x874e33]  (no source info available)
V  [jvm.dll+0x87725e]  (no source info available)
V  [jvm.dll+0x877933]  (no source info available)
V  [jvm.dll+0x27fd76]  (no source info available)
V  [jvm.dll+0xc3d0f]  (no source info available)
V  [jvm.dll+0xc3f6b]  (no source info available)
V  [jvm.dll+0x3c03a5]  (no source info available)
V  [jvm.dll+0x5ed654]  (no source info available)
V  [jvm.dll+0x387b9a]  (no source info available)
V  [jvm.dll+0x386fda]  (no source info available)
V  [jvm.dll+0x247918]  (no source info available)
V  [jvm.dll+0x246fbf]  (no source info available)
V  [jvm.dll+0x1c4e90]  (no source info available)
V  [jvm.dll+0x2569fe]  (no source info available)
V  [jvm.dll+0x254cba]  (no source info available)
V  [jvm.dll+0x3f5336]  (no source info available)
V  [jvm.dll+0x81d44b]  (no source info available)
V  [jvm.dll+0x6e0915]  (no source info available)
C  [ucrtbase.dll+0x21bb2]  (no source info available)
C  [KERNEL32.DLL+0x17344]  (no source info available)
C  [ntdll.dll+0x526b1]  (no source info available)


---------------  P R O C E S S  ---------------

Threads class SMR info:
_java_thread_list=0x0000022f6daba5e0, length=21, elements={
0x0000022f42f61720, 0x0000022f64641e30, 0x0000022f64643d60, 0x0000022f6464dd80,
0x0000022f6464eb40, 0x0000022f6464f5a0, 0x0000022f64650000, 0x0000022f6465e2b0,
0x0000022f41150090, 0x0000022f64612a50, 0x0000022f41317bb0, 0x0000022f41375b30,
0x0000022f413761a0, 0x0000022f41830aa0, 0x0000022f427eb460, 0x0000022f6a6a92b0,
0x0000022f6a6a9940, 0x0000022f6a6a9fd0, 0x0000022f429a4ec0, 0x0000022f429a3b10,
0x0000022f4299e5c0
}

Java Threads: ( => current thread )
  0x0000022f42f61720 JavaThread "main"                              [_thread_in_native, id=15636, stack(0x0000003d61200000,0x0000003d61300000) (1024K)]
  0x0000022f64641e30 JavaThread "Reference Handler"          daemon [_thread_blocked, id=7264, stack(0x0000003d61a00000,0x0000003d61b00000) (1024K)]
  0x0000022f64643d60 JavaThread "Finalizer"                  daemon [_thread_blocked, id=16300, stack(0x0000003d61b00000,0x0000003d61c00000) (1024K)]
  0x0000022f6464dd80 JavaThread "Signal Dispatcher"          daemon [_thread_blocked, id=22628, stack(0x0000003d61c00000,0x0000003d61d00000) (1024K)]
  0x0000022f6464eb40 JavaThread "Attach Listener"            daemon [_thread_blocked, id=14400, stack(0x0000003d61d00000,0x0000003d61e00000) (1024K)]
  0x0000022f6464f5a0 JavaThread "Service Thread"             daemon [_thread_blocked, id=23332, stack(0x0000003d61e00000,0x0000003d61f00000) (1024K)]
  0x0000022f64650000 JavaThread "Monitor Deflation Thread"   daemon [_thread_blocked, id=1436, stack(0x0000003d61f00000,0x0000003d62000000) (1024K)]
=>0x0000022f6465e2b0 JavaThread "C2 CompilerThread0"         daemon [_thread_in_native, id=18456, stack(0x0000003d62000000,0x0000003d62100000) (1024K)]
  0x0000022f41150090 JavaThread "C1 CompilerThread0"         daemon [_thread_in_native, id=23364, stack(0x0000003d62100000,0x0000003d62200000) (1024K)]
  0x0000022f64612a50 JavaThread "Common-Cleaner"             daemon [_thread_blocked, id=6032, stack(0x0000003d62200000,0x0000003d62300000) (1024K)]
  0x0000022f41317bb0 JavaThread "C2 CompilerThread1"         daemon [_thread_in_native, id=17792, stack(0x0000003d62300000,0x0000003d62400000) (1024K)]
  0x0000022f41375b30 JavaThread "Monitor Ctrl-Break"         daemon [_thread_in_native, id=13908, stack(0x0000003d62400000,0x0000003d62500000) (1024K)]
  0x0000022f413761a0 JavaThread "Notification Thread"        daemon [_thread_blocked, id=24564, stack(0x0000003d62500000,0x0000003d62600000) (1024K)]
  0x0000022f41830aa0 JavaThread "C2 CompilerThread2"         daemon [_thread_in_native, id=16264, stack(0x0000003d62600000,0x0000003d62700000) (1024K)]
  0x0000022f427eb460 JavaThread "Thread-1"                   daemon [_thread_blocked, id=21872, stack(0x0000003d63000000,0x0000003d63100000) (1024K)]
  0x0000022f6a6a92b0 JavaThread "timeout-check-timer"        daemon [_thread_blocked, id=24744, stack(0x0000003d63300000,0x0000003d63400000) (1024K)]
  0x0000022f6a6a9940 JavaThread "ping-timer-10s"             daemon [_thread_blocked, id=14040, stack(0x0000003d63400000,0x0000003d63500000) (1024K)]
  0x0000022f6a6a9fd0 JavaThread "ThreadedStreamConsumer"     daemon [_thread_blocked, id=4448, stack(0x0000003d63500000,0x0000003d63600000) (1024K)]
  0x0000022f429a4ec0 JavaThread "fork-1-err-thread"          daemon [_thread_in_native, id=11620, stack(0x0000003d63600000,0x0000003d63700000) (1024K)]
  0x0000022f429a3b10 JavaThread "commands-fork-1"            daemon [_thread_blocked, id=7000, stack(0x0000003d63700000,0x0000003d63800000) (1024K)]
  0x0000022f4299e5c0 JavaThread "fork-1-event-thread"        daemon [_thread_in_native, id=22516, stack(0x0000003d63800000,0x0000003d63900000) (1024K)]
Total: 21

Other Threads:
  0x0000022f646266c0 VMThread "VM Thread"                           [id=23504, stack(0x0000003d61900000,0x0000003d61a00000) (1024K)]
  0x0000022f64612050 WatcherThread "VM Periodic Task Thread"        [id=24072, stack(0x0000003d61800000,0x0000003d61900000) (1024K)]
  0x0000022f451e9e50 WorkerThread "GC Thread#0"                     [id=24136, stack(0x0000003d61300000,0x0000003d61400000) (1024K)]
  0x0000022f42209830 WorkerThread "GC Thread#1"                     [id=23972, stack(0x0000003d62700000,0x0000003d62800000) (1024K)]
  0x0000022f42209be0 WorkerThread "GC Thread#2"                     [id=15264, stack(0x0000003d62800000,0x0000003d62900000) (1024K)]
  0x0000022f42289680 WorkerThread "GC Thread#3"                     [id=9008, stack(0x0000003d62900000,0x0000003d62a00000) (1024K)]
  0x0000022f42289a30 WorkerThread "GC Thread#4"                     [id=9492, stack(0x0000003d62a00000,0x0000003d62b00000) (1024K)]
  0x0000022f4228a5f0 WorkerThread "GC Thread#5"                     [id=17304, stack(0x0000003d62b00000,0x0000003d62c00000) (1024K)]
  0x0000022f41f78be0 WorkerThread "GC Thread#6"                     [id=13364, stack(0x0000003d62c00000,0x0000003d62d00000) (1024K)]
  0x0000022f426098f0 WorkerThread "GC Thread#7"                     [id=26416, stack(0x0000003d62d00000,0x0000003d62e00000) (1024K)]
  0x0000022f427cc550 WorkerThread "GC Thread#8"                     [id=16092, stack(0x0000003d62e00000,0x0000003d62f00000) (1024K)]
  0x0000022f4213d760 WorkerThread "GC Thread#9"                     [id=10992, stack(0x0000003d62f00000,0x0000003d63000000) (1024K)]
  0x0000022f451fadd0 ConcurrentGCThread "G1 Main Marker"            [id=6368, stack(0x0000003d61400000,0x0000003d61500000) (1024K)]
  0x0000022f451fbf90 WorkerThread "G1 Conc#0"                       [id=9536, stack(0x0000003d61500000,0x0000003d61600000) (1024K)]
  0x0000022f69a911c0 WorkerThread "G1 Conc#1"                       [id=10636, stack(0x0000003d63100000,0x0000003d63200000) (1024K)]
  0x0000022f69a91570 WorkerThread "G1 Conc#2"                       [id=7760, stack(0x0000003d63200000,0x0000003d63300000) (1024K)]
  0x0000022f4524e6a0 ConcurrentGCThread "G1 Refine#0"               [id=17888, stack(0x0000003d61600000,0x0000003d61700000) (1024K)]
  0x0000022f644d4300 ConcurrentGCThread "G1 Service"                [id=21156, stack(0x0000003d61700000,0x0000003d61800000) (1024K)]
Total: 18

Threads with active compile tasks:
C2 CompilerThread0  5606 10224       4       java.lang.invoke.MemberName::getMethodOrFieldType (72 bytes)
C1 CompilerThread0  5606 10242   !   3       org.apache.maven.surefire.stream.EventDecoder::decode (399 bytes)
C2 CompilerThread1  5606 10017   !   4       java.lang.ClassLoader::loadClass (121 bytes)
C2 CompilerThread2  5606 9906       4       org.apache.maven.model.inheritance.DefaultInheritanceAssembler$InheritanceModelMerger::mergePluginContainer_Plugins (433 bytes)
Total: 4

VM state: not at safepoint (normal execution)

VM Mutex/Monitor currently owned by a thread: None

Heap address: 0x0000000701200000, size: 4078 MB, Compressed Oops mode: Zero based, Oop shift amount: 3

CDS archive(s) mapped at: [0x0000022f00000000-0x0000022f00c60000-0x0000022f00c60000), size 12976128, SharedBaseAddress: 0x0000022f00000000, ArchiveRelocationMode: 1.
Compressed class space mapped at: 0x0000022f01000000-0x0000022f41000000, reserved size: 1073741824
Narrow klass base: 0x0000022f00000000, Narrow klass shift: 0, Narrow klass range: 0x41000000

GC Precious Log:
 CardTable entry size: 512
 Card Set container configuration: InlinePtr #cards 4 size 8 Array Of Cards #cards 16 size 48 Howl #buckets 8 coarsen threshold 3686 Howl Bitmap #cards 512 size 80 coarsen threshold 460 Card regions per heap region 1 cards per card region 4096
 CPUs: 12 total, 12 available
 Memory: 16310M
 Large Page Support: Disabled
 NUMA Support: Disabled
 Compressed Oops: Enabled (Zero based)
 Heap Region Size: 2M
 Heap Min Capacity: 8M
 Heap Initial Capacity: 256M
 Heap Max Capacity: 4078M
 Pre-touch: Disabled
 Parallel Workers: 10
 Concurrent Workers: 3
 Concurrent Refinement Workers: 10
 Periodic GC: Disabled

Heap:
 garbage-first heap   total reserved 4175872K, committed 174080K, used 109491K [0x0000000701200000, 0x0000000800000000)
  region size 2048K, 12 young (24576K), 2 survivors (4096K)
 Metaspace       used 35182K, committed 35776K, reserved 1114112K
  class space    used 3970K, committed 4288K, reserved 1048576K

Heap Regions: E=young(eden), S=young(survivor), O=old, HS=humongous(starts), HC=humongous(continues), CS=collection set, F=free, TAMS=top-at-mark-start, PB=parsable bottom
|   0|0x0000000701200000, 0x0000000701400000, 0x0000000701400000|100%| O|  |TAMS 0x0000000701200000| PB 0x0000000701200000| Untracked |  0
|   1|0x0000000701400000, 0x0000000701600000, 0x0000000701600000|100%| O|  |TAMS 0x0000000701400000| PB 0x0000000701400000| Untracked |  0
|   2|0x0000000701600000, 0x0000000701800000, 0x0000000701800000|100%| O|Cm|TAMS 0x0000000701600000| PB 0x0000000701600000| Complete |  0
|   3|0x0000000701800000, 0x0000000701a00000, 0x0000000701a00000|100%|HS|  |TAMS 0x0000000701800000| PB 0x0000000701800000| Complete |  0
|   4|0x0000000701a00000, 0x0000000701c00000, 0x0000000701c00000|100%| O|  |TAMS 0x0000000701a00000| PB 0x0000000701a00000| Untracked |  0
|   5|0x0000000701c00000, 0x0000000701e00000, 0x0000000701e00000|100%| O|  |TAMS 0x0000000701c00000| PB 0x0000000701c00000| Untracked |  0
|   6|0x0000000701e00000, 0x0000000702000000, 0x0000000702000000|100%| O|  |TAMS 0x0000000701e00000| PB 0x0000000701e00000| Untracked |  0
|   7|0x0000000702000000, 0x0000000702200000, 0x0000000702200000|100%| O|  |TAMS 0x0000000702000000| PB 0x0000000702000000| Untracked |  0
|   8|0x0000000702200000, 0x0000000702400000, 0x0000000702400000|100%| O|  |TAMS 0x0000000702200000| PB 0x0000000702200000| Untracked |  0
|   9|0x0000000702400000, 0x0000000702600000, 0x0000000702600000|100%| O|  |TAMS 0x0000000702400000| PB 0x0000000702400000| Untracked |  0
|  10|0x0000000702600000, 0x0000000702800000, 0x0000000702800000|100%| O|Cm|TAMS 0x0000000702600000| PB 0x0000000702600000| Complete |  0
|  11|0x0000000702800000, 0x0000000702a00000, 0x0000000702a00000|100%| O|Cm|TAMS 0x0000000702800000| PB 0x0000000702800000| Complete |  0
|  12|0x0000000702a00000, 0x0000000702a00000, 0x0000000702c00000|  0%| F|  |TAMS 0x0000000702a00000| PB 0x0000000702a00000| Untracked |  0
|  13|0x0000000702c00000, 0x0000000702e00000, 0x0000000702e00000|100%| O|Cm|TAMS 0x0000000702c00000| PB 0x0000000702c00000| Complete |  0
|  14|0x0000000702e00000, 0x0000000702e00000, 0x0000000703000000|  0%| F|  |TAMS 0x0000000702e00000| PB 0x0000000702e00000| Untracked |  0
|  15|0x0000000703000000, 0x0000000703200000, 0x0000000703200000|100%| O|Cm|TAMS 0x0000000703000000| PB 0x0000000703000000| Complete |  0
|  16|0x0000000703200000, 0x0000000703400000, 0x0000000703400000|100%| O|  |TAMS 0x0000000703200000| PB 0x0000000703200000| Untracked |  0
|  17|0x0000000703400000, 0x0000000703600000, 0x0000000703600000|100%| O|  |TAMS 0x0000000703400000| PB 0x0000000703400000| Untracked |  0
|  18|0x0000000703600000, 0x0000000703800000, 0x0000000703800000|100%| O|Cm|TAMS 0x0000000703600000| PB 0x0000000703600000| Complete |  0
|  19|0x0000000703800000, 0x0000000703a00000, 0x0000000703a00000|100%| O|Cm|TAMS 0x0000000703800000| PB 0x0000000703800000| Complete |  0
|  20|0x0000000703a00000, 0x0000000703c00000, 0x0000000703c00000|100%|HS|  |TAMS 0x0000000703a00000| PB 0x0000000703a00000| Complete |  0
|  21|0x0000000703c00000, 0x0000000703e00000, 0x0000000703e00000|100%| O|Cm|TAMS 0x0000000703c00000| PB 0x0000000703c00000| Complete |  0
|  22|0x0000000703e00000, 0x0000000704000000, 0x0000000704000000|100%| O|Cm|TAMS 0x0000000703e00000| PB 0x0000000703e00000| Complete |  0
|  23|0x0000000704000000, 0x0000000704200000, 0x0000000704200000|100%| O|  |TAMS 0x0000000704000000| PB 0x0000000704000000| Untracked |  0
|  24|0x0000000704200000, 0x0000000704400000, 0x0000000704400000|100%| O|Cm|TAMS 0x0000000704200000| PB 0x0000000704200000| Complete |  0
|  25|0x0000000704400000, 0x0000000704600000, 0x0000000704600000|100%| O|Cm|TAMS 0x0000000704400000| PB 0x0000000704400000| Complete |  0
|  26|0x0000000704600000, 0x0000000704800000, 0x0000000704800000|100%| O|Cm|TAMS 0x0000000704600000| PB 0x0000000704600000| Complete |  0
|  27|0x0000000704800000, 0x0000000704a00000, 0x0000000704a00000|100%| O|  |TAMS 0x0000000704800000| PB 0x0000000704800000| Untracked |  0
|  28|0x0000000704a00000, 0x0000000704c00000, 0x0000000704c00000|100%| O|  |TAMS 0x0000000704a00000| PB 0x0000000704a00000| Untracked |  0
|  29|0x0000000704c00000, 0x0000000704e00000, 0x0000000704e00000|100%| O|Cm|TAMS 0x0000000704c00000| PB 0x0000000704c00000| Complete |  0
|  30|0x0000000704e00000, 0x0000000705000000, 0x0000000705000000|100%| O|  |TAMS 0x0000000704e00000| PB 0x0000000704e00000| Untracked |  0
|  31|0x0000000705000000, 0x0000000705200000, 0x0000000705200000|100%| O|Cm|TAMS 0x0000000705000000| PB 0x0000000705000000| Complete |  0
|  32|0x0000000705200000, 0x0000000705288998, 0x0000000705400000| 26%| O|  |TAMS 0x0000000705200000| PB 0x0000000705200000| Untracked |  0
|  33|0x0000000705400000, 0x0000000705400000, 0x0000000705600000|  0%| F|  |TAMS 0x0000000705400000| PB 0x0000000705400000| Untracked |  0
|  34|0x0000000705600000, 0x0000000705600000, 0x0000000705800000|  0%| F|  |TAMS 0x0000000705600000| PB 0x0000000705600000| Untracked |  0
|  35|0x0000000705800000, 0x0000000705a00000, 0x0000000705a00000|100%| O|Cm|TAMS 0x0000000705800000| PB 0x0000000705800000| Complete |  0
|  36|0x0000000705a00000, 0x0000000705c00000, 0x0000000705c00000|100%| O|Cm|TAMS 0x0000000705a00000| PB 0x0000000705a00000| Complete |  0
|  37|0x0000000705c00000, 0x0000000705e00000, 0x0000000705e00000|100%| O|Cm|TAMS 0x0000000705c00000| PB 0x0000000705c00000| Complete |  0
|  38|0x0000000705e00000, 0x0000000706000000, 0x0000000706000000|100%| O|Cm|TAMS 0x0000000705e00000| PB 0x0000000705e00000| Complete |  0
|  39|0x0000000706000000, 0x0000000706200000, 0x0000000706200000|100%| O|  |TAMS 0x0000000706000000| PB 0x0000000706000000| Untracked |  0
|  40|0x0000000706200000, 0x0000000706400000, 0x0000000706400000|100%| O|  |TAMS 0x0000000706200000| PB 0x0000000706200000| Untracked |  0
|  41|0x0000000706400000, 0x0000000706600000, 0x0000000706600000|100%| O|  |TAMS 0x0000000706400000| PB 0x0000000706400000| Untracked |  0
|  42|0x0000000706600000, 0x0000000706600000, 0x0000000706800000|  0%| F|  |TAMS 0x0000000706600000| PB 0x0000000706600000| Untracked |  0
|  43|0x0000000706800000, 0x0000000706800000, 0x0000000706a00000|  0%| F|  |TAMS 0x0000000706800000| PB 0x0000000706800000| Untracked |  0
|  44|0x0000000706a00000, 0x0000000706a00000, 0x0000000706c00000|  0%| F|  |TAMS 0x0000000706a00000| PB 0x0000000706a00000| Untracked |  0
|  45|0x0000000706c00000, 0x0000000706c00000, 0x0000000706e00000|  0%| F|  |TAMS 0x0000000706c00000| PB 0x0000000706c00000| Untracked |  0
|  46|0x0000000706e00000, 0x0000000706e00000, 0x0000000707000000|  0%| F|  |TAMS 0x0000000706e00000| PB 0x0000000706e00000| Untracked |  0
|  47|0x0000000707000000, 0x0000000707000000, 0x0000000707200000|  0%| F|  |TAMS 0x0000000707000000| PB 0x0000000707000000| Untracked |  0
|  48|0x0000000707200000, 0x0000000707200000, 0x0000000707400000|  0%| F|  |TAMS 0x0000000707200000| PB 0x0000000707200000| Untracked |  0
|  49|0x0000000707400000, 0x0000000707400000, 0x0000000707600000|  0%| F|  |TAMS 0x0000000707400000| PB 0x0000000707400000| Untracked |  0
|  50|0x0000000707600000, 0x0000000707600000, 0x0000000707800000|  0%| F|  |TAMS 0x0000000707600000| PB 0x0000000707600000| Untracked |  0
|  51|0x0000000707800000, 0x0000000707800000, 0x0000000707a00000|  0%| F|  |TAMS 0x0000000707800000| PB 0x0000000707800000| Untracked |  0
|  52|0x0000000707a00000, 0x0000000707a00000, 0x0000000707c00000|  0%| F|  |TAMS 0x0000000707a00000| PB 0x0000000707a00000| Untracked |  0
|  53|0x0000000707c00000, 0x0000000707c642d8, 0x0000000707e00000| 19%| S|CS|TAMS 0x0000000707c00000| PB 0x0000000707c00000| Complete |  0
|  54|0x0000000707e00000, 0x0000000708000000, 0x0000000708000000|100%| S|CS|TAMS 0x0000000707e00000| PB 0x0000000707e00000| Complete |  0
|  55|0x0000000708000000, 0x0000000708000000, 0x0000000708200000|  0%| F|  |TAMS 0x0000000708000000| PB 0x0000000708000000| Untracked |  0
|  56|0x0000000708200000, 0x0000000708200000, 0x0000000708400000|  0%| F|  |TAMS 0x0000000708200000| PB 0x0000000708200000| Untracked |  0
|  57|0x0000000708400000, 0x0000000708400000, 0x0000000708600000|  0%| F|  |TAMS 0x0000000708400000| PB 0x0000000708400000| Untracked |  0
|  58|0x0000000708600000, 0x0000000708600000, 0x0000000708800000|  0%| F|  |TAMS 0x0000000708600000| PB 0x0000000708600000| Untracked |  0
|  59|0x0000000708800000, 0x0000000708800000, 0x0000000708a00000|  0%| F|  |TAMS 0x0000000708800000| PB 0x0000000708800000| Untracked |  0
|  60|0x0000000708a00000, 0x0000000708a00000, 0x0000000708c00000|  0%| F|  |TAMS 0x0000000708a00000| PB 0x0000000708a00000| Untracked |  0
|  61|0x0000000708c00000, 0x0000000708c00000, 0x0000000708e00000|  0%| F|  |TAMS 0x0000000708c00000| PB 0x0000000708c00000| Untracked |  0
|  62|0x0000000708e00000, 0x0000000708e00000, 0x0000000709000000|  0%| F|  |TAMS 0x0000000708e00000| PB 0x0000000708e00000| Untracked |  0
|  63|0x0000000709000000, 0x0000000709000000, 0x0000000709200000|  0%| F|  |TAMS 0x0000000709000000| PB 0x0000000709000000| Untracked |  0
|  64|0x0000000709200000, 0x0000000709200000, 0x0000000709400000|  0%| F|  |TAMS 0x0000000709200000| PB 0x0000000709200000| Untracked |  0
|  65|0x0000000709400000, 0x0000000709400000, 0x0000000709600000|  0%| F|  |TAMS 0x0000000709400000| PB 0x0000000709400000| Untracked |  0
|  66|0x0000000709600000, 0x0000000709600000, 0x0000000709800000|  0%| F|  |TAMS 0x0000000709600000| PB 0x0000000709600000| Untracked |  0
|  67|0x0000000709800000, 0x0000000709800000, 0x0000000709a00000|  0%| F|  |TAMS 0x0000000709800000| PB 0x0000000709800000| Untracked |  0
|  68|0x0000000709a00000, 0x0000000709a00000, 0x0000000709c00000|  0%| F|  |TAMS 0x0000000709a00000| PB 0x0000000709a00000| Untracked |  0
|  69|0x0000000709c00000, 0x0000000709caabc8, 0x0000000709e00000| 33%| E|  |TAMS 0x0000000709c00000| PB 0x0000000709c00000| Complete |  0
|  70|0x0000000709e00000, 0x000000070a000000, 0x000000070a000000|100%| E|CS|TAMS 0x0000000709e00000| PB 0x0000000709e00000| Complete |  0
|  71|0x000000070a000000, 0x000000070a200000, 0x000000070a200000|100%| E|CS|TAMS 0x000000070a000000| PB 0x000000070a000000| Complete |  0
|  72|0x000000070a200000, 0x000000070a400000, 0x000000070a400000|100%| E|CS|TAMS 0x000000070a200000| PB 0x000000070a200000| Complete |  0
|  73|0x000000070a400000, 0x000000070a600000, 0x000000070a600000|100%| E|CS|TAMS 0x000000070a400000| PB 0x000000070a400000| Complete |  0
|  74|0x000000070a600000, 0x000000070a800000, 0x000000070a800000|100%| E|CS|TAMS 0x000000070a600000| PB 0x000000070a600000| Complete |  0
| 113|0x000000070f400000, 0x000000070f600000, 0x000000070f600000|100%| E|CS|TAMS 0x000000070f400000| PB 0x000000070f400000| Complete |  0
| 114|0x000000070f600000, 0x000000070f800000, 0x000000070f800000|100%| E|CS|TAMS 0x000000070f600000| PB 0x000000070f600000| Complete |  0
| 115|0x000000070f800000, 0x000000070fa00000, 0x000000070fa00000|100%| E|CS|TAMS 0x000000070f800000| PB 0x000000070f800000| Complete |  0
| 127|0x0000000711000000, 0x0000000711200000, 0x0000000711200000|100%| E|CS|TAMS 0x0000000711000000| PB 0x0000000711000000| Complete |  0
|2033|0x00000007ff400000, 0x00000007ff600000, 0x00000007ff600000|100%| O|Cm|TAMS 0x00000007ff400000| PB 0x00000007ff400000| Complete |  0
|2034|0x00000007ff600000, 0x00000007ff800000, 0x00000007ff800000|100%| O|  |TAMS 0x00000007ff600000| PB 0x00000007ff600000| Untracked |  0
|2035|0x00000007ff800000, 0x00000007ffa00000, 0x00000007ffa00000|100%| O|Cm|TAMS 0x00000007ff800000| PB 0x00000007ff800000| Complete |  0
|2036|0x00000007ffa00000, 0x00000007ffc00000, 0x00000007ffc00000|100%| O|Cm|TAMS 0x00000007ffa00000| PB 0x00000007ffa00000| Complete |  0
|2037|0x00000007ffc00000, 0x00000007ffe00000, 0x00000007ffe00000|100%| O|  |TAMS 0x00000007ffc00000| PB 0x00000007ffc00000| Untracked |  0
|2038|0x00000007ffe00000, 0x0000000800000000, 0x0000000800000000|100%| O|Cm|TAMS 0x00000007ffe00000| PB 0x00000007ffe00000| Complete |  0

Card table byte_map: [0x0000022f5d220000,0x0000022f5da20000] _byte_map_base: 0x0000022f59a17000

Marking Bits: (CMBitMap*) 0x0000022f451ea470
 Bits: [0x0000022f5da20000, 0x0000022f619d8000)

Polling page: 0x0000022f43120000

Metaspace:

Usage:
  Non-class:     30.48 MB used.
      Class:      3.88 MB used.
       Both:     34.36 MB used.

Virtual space:
  Non-class space:       64.00 MB reserved,      30.75 MB ( 48%) committed,  1 nodes.
      Class space:        1.00 GB reserved,       4.19 MB ( <1%) committed,  1 nodes.
             Both:        1.06 GB reserved,      34.94 MB (  3%) committed. 

Chunk freelists:
   Non-Class:  512.00 KB
       Class:  11.67 MB
        Both:  12.17 MB

MaxMetaspaceSize: unlimited
CompressedClassSpaceSize: 1.00 GB
Initial GC threshold: 21.00 MB
Current GC threshold: 56.25 MB
CDS: on
 - commit_granule_bytes: 65536.
 - commit_granule_words: 8192.
 - virtual_space_node_default_size: 8388608.
 - enlarge_chunks_in_place: 1.
 - use_allocation_guard: 0.


Internal statistics:

num_allocs_failed_limit: 3.
num_arena_births: 614.
num_arena_deaths: 6.
num_vsnodes_births: 2.
num_vsnodes_deaths: 0.
num_space_committed: 574.
num_space_uncommitted: 9.
num_chunks_returned_to_freelist: 105.
num_chunks_taken_from_freelist: 2040.
num_chunk_merges: 20.
num_chunk_splits: 1373.
num_chunks_enlarged: 1015.
num_inconsistent_stats: 0.

CodeHeap 'non-profiled nmethods': size=120000Kb used=5324Kb max_used=6171Kb free=114675Kb
 bounds [0x0000022f54fa0000, 0x0000022f555b0000, 0x0000022f5c4d0000]
CodeHeap 'profiled nmethods': size=120000Kb used=18930Kb max_used=20581Kb free=101069Kb
 bounds [0x0000022f4d4d0000, 0x0000022f4e8f0000, 0x0000022f54a00000]
CodeHeap 'non-nmethods': size=5760Kb used=1532Kb max_used=1553Kb free=4227Kb
 bounds [0x0000022f54a00000, 0x0000022f54c70000, 0x0000022f54fa0000]
 total_blobs=9275 nmethods=8674 adapters=505
 compilation: enabled
              stopped_count=0, restarted_count=0
 full_count=0

Compilation events (20 events):
Event: 5.465 Thread 0x0000022f41150090 10223       3       java.util.zip.CRC32::update (38 bytes)
Event: 5.466 Thread 0x0000022f41150090 nmethod 10223 0x0000022f4d7cb710 code [0x0000022f4d7cb900, 0x0000022f4d7cbd28]
Event: 5.466 Thread 0x0000022f6465e2b0 nmethod 10137 0x0000022f54ff6f90 code [0x0000022f54ff7180, 0x0000022f54ff7728]
Event: 5.466 Thread 0x0000022f6465e2b0 10201       4       jdk.internal.util.Preconditions::checkFromIndexSize (25 bytes)
Event: 5.467 Thread 0x0000022f6465e2b0 nmethod 10201 0x0000022f552f4e10 code [0x0000022f552f4f80, 0x0000022f552f5050]
Event: 5.467 Thread 0x0000022f6465e2b0 10187       4       jdk.internal.util.ImmutableBitSetPredicate$SmallImmutableBitSetPredicate::test (50 bytes)
Event: 5.467 Thread 0x0000022f6465e2b0 nmethod 10187 0x0000022f54fb7a90 code [0x0000022f54fb7c20, 0x0000022f54fb7d08]
Event: 5.467 Thread 0x0000022f6465e2b0 10131       4       java.util.LinkedHashMap::sequencedValues (31 bytes)
Event: 5.468 Thread 0x0000022f6465e2b0 nmethod 10131 0x0000022f552f3b10 code [0x0000022f552f3ca0, 0x0000022f552f3eb8]
Event: 5.468 Thread 0x0000022f6465e2b0 10181       4       java.util.regex.Pattern$TreeInfo::reset (21 bytes)
Event: 5.469 Thread 0x0000022f6465e2b0 nmethod 10181 0x0000022f552feb90 code [0x0000022f552fed00, 0x0000022f552fed98]
Event: 5.469 Thread 0x0000022f6465e2b0 10125       4       jdk.internal.util.StrongReferenceKey::equals (28 bytes)
Event: 5.470 Thread 0x0000022f6465e2b0 nmethod 10125 0x0000022f55288610 code [0x0000022f552887a0, 0x0000022f55288908]
Event: 5.470 Thread 0x0000022f6465e2b0 10123       4       org.eclipse.aether.internal.impl.collect.CachingArtifactTypeRegistry::get (43 bytes)
Event: 5.474 Thread 0x0000022f6465e2b0 nmethod 10123 0x0000022f552df190 code [0x0000022f552df380, 0x0000022f552df880]
Event: 5.474 Thread 0x0000022f6465e2b0 10224       4       java.lang.invoke.MemberName::getMethodOrFieldType (72 bytes)
Event: 5.476 Thread 0x0000022f41150090 10225       3       java.lang.AbstractStringBuilder::append (45 bytes)
Event: 5.476 Thread 0x0000022f41150090 nmethod 10225 0x0000022f4dc7f990 code [0x0000022f4dc7fba0, 0x0000022f4dc800d0]
Event: 5.476 Thread 0x0000022f41150090 10226       3       java.lang.String::getBytes (44 bytes)
Event: 5.476 Thread 0x0000022f41150090 nmethod 10226 0x0000022f4da41990 code [0x0000022f4da41b60, 0x0000022f4da41e70]

GC Heap History (20 events):
Event: 2.237 GC heap before
{Heap before GC invocations=3 (full 0):
 garbage-first heap   total reserved 4175872K, committed 262144K, used 44555K [0x0000000701200000, 0x0000000800000000)
  region size 2048K, 19 young (38912K), 7 survivors (14336K)
 Metaspace       used 21225K, committed 21504K, reserved 1114112K
  class space    used 2495K, committed 2624K, reserved 1048576K
}
Event: 2.245 GC heap after
{Heap after GC invocations=4 (full 0):
 garbage-first heap   total reserved 4175872K, committed 262144K, used 26640K [0x0000000701200000, 0x0000000800000000)
  region size 2048K, 3 young (6144K), 3 survivors (6144K)
 Metaspace       used 21225K, committed 21504K, reserved 1114112K
  class space    used 2495K, committed 2624K, reserved 1048576K
}
Event: 2.676 GC heap before
{Heap before GC invocations=5 (full 0):
 garbage-first heap   total reserved 4175872K, committed 96256K, used 92176K [0x0000000701200000, 0x0000000800000000)
  region size 2048K, 36 young (73728K), 3 survivors (6144K)
 Metaspace       used 26229K, committed 26560K, reserved 1114112K
  class space    used 3043K, committed 3200K, reserved 1048576K
}
Event: 2.701 GC heap after
{Heap after GC invocations=6 (full 0):
 garbage-first heap   total reserved 4175872K, committed 124928K, used 48148K [0x0000000701200000, 0x0000000800000000)
  region size 2048K, 10 young (20480K), 10 survivors (20480K)
 Metaspace       used 26229K, committed 26560K, reserved 1114112K
  class space    used 3043K, committed 3200K, reserved 1048576K
}
Event: 3.060 GC heap before
{Heap before GC invocations=6 (full 0):
 garbage-first heap   total reserved 4175872K, committed 124928K, used 95252K [0x0000000701200000, 0x0000000800000000)
  region size 2048K, 33 young (67584K), 10 survivors (20480K)
 Metaspace       used 27881K, committed 28352K, reserved 1114112K
  class space    used 3176K, committed 3392K, reserved 1048576K
}
Event: 3.073 GC heap after
{Heap after GC invocations=7 (full 0):
 garbage-first heap   total reserved 4175872K, committed 126976K, used 56926K [0x0000000701200000, 0x0000000800000000)
  region size 2048K, 4 young (8192K), 4 survivors (8192K)
 Metaspace       used 27881K, committed 28352K, reserved 1114112K
  class space    used 3176K, committed 3392K, reserved 1048576K
}
Event: 3.377 GC heap before
{Heap before GC invocations=7 (full 0):
 garbage-first heap   total reserved 4175872K, committed 126976K, used 104030K [0x0000000701200000, 0x0000000800000000)
  region size 2048K, 27 young (55296K), 4 survivors (8192K)
 Metaspace       used 29513K, committed 30016K, reserved 1114112K
  class space    used 3398K, committed 3648K, reserved 1048576K
}
Event: 3.384 GC heap after
{Heap after GC invocations=8 (full 0):
 garbage-first heap   total reserved 4175872K, committed 126976K, used 57872K [0x0000000701200000, 0x0000000800000000)
  region size 2048K, 1 young (2048K), 1 survivors (2048K)
 Metaspace       used 29513K, committed 30016K, reserved 1114112K
  class space    used 3398K, committed 3648K, reserved 1048576K
}
Event: 3.581 GC heap before
{Heap before GC invocations=8 (full 0):
 garbage-first heap   total reserved 4175872K, committed 126976K, used 107024K [0x0000000701200000, 0x0000000800000000)
  region size 2048K, 25 young (51200K), 1 survivors (2048K)
 Metaspace       used 29956K, committed 30528K, reserved 1114112K
  class space    used 3438K, committed 3712K, reserved 1048576K
}
Event: 3.586 GC heap after
{Heap after GC invocations=9 (full 0):
 garbage-first heap   total reserved 4175872K, committed 126976K, used 58872K [0x0000000701200000, 0x0000000800000000)
  region size 2048K, 2 young (4096K), 2 survivors (4096K)
 Metaspace       used 29956K, committed 30528K, reserved 1114112K
  class space    used 3438K, committed 3712K, reserved 1048576K
}
Event: 3.741 GC heap before
{Heap before GC invocations=10 (full 0):
 garbage-first heap   total reserved 4175872K, committed 126976K, used 108024K [0x0000000701200000, 0x0000000800000000)
  region size 2048K, 26 young (53248K), 2 survivors (4096K)
 Metaspace       used 30084K, committed 30656K, reserved 1114112K
  class space    used 3440K, committed 3712K, reserved 1048576K
}
Event: 3.744 GC heap after
{Heap after GC invocations=11 (full 0):
 garbage-first heap   total reserved 4175872K, committed 126976K, used 59069K [0x0000000701200000, 0x0000000800000000)
  region size 2048K, 2 young (4096K), 2 survivors (4096K)
 Metaspace       used 30084K, committed 30656K, reserved 1114112K
  class space    used 3440K, committed 3712K, reserved 1048576K
}
Event: 3.926 GC heap before
{Heap before GC invocations=11 (full 0):
 garbage-first heap   total reserved 4175872K, committed 126976K, used 110269K [0x0000000701200000, 0x0000000800000000)
  region size 2048K, 27 young (55296K), 2 survivors (4096K)
 Metaspace       used 31271K, committed 31872K, reserved 1114112K
  class space    used 3622K, committed 3904K, reserved 1048576K
}
Event: 3.931 GC heap after
{Heap after GC invocations=12 (full 0):
 garbage-first heap   total reserved 4175872K, committed 169984K, used 58553K [0x0000000701200000, 0x0000000800000000)
  region size 2048K, 2 young (4096K), 2 survivors (4096K)
 Metaspace       used 31271K, committed 31872K, reserved 1114112K
  class space    used 3622K, committed 3904K, reserved 1048576K
}
Event: 4.578 GC heap before
{Heap before GC invocations=12 (full 0):
 garbage-first heap   total reserved 4175872K, committed 169984K, used 148665K [0x0000000701200000, 0x0000000800000000)
  region size 2048K, 46 young (94208K), 2 survivors (4096K)
 Metaspace       used 32525K, committed 33088K, reserved 1114112K
  class space    used 3706K, committed 3968K, reserved 1048576K
}
Event: 4.590 GC heap after
{Heap after GC invocations=13 (full 0):
 garbage-first heap   total reserved 4175872K, committed 174080K, used 79509K [0x0000000701200000, 0x0000000800000000)
  region size 2048K, 6 young (12288K), 6 survivors (12288K)
 Metaspace       used 32525K, committed 33088K, reserved 1114112K
  class space    used 3706K, committed 3968K, reserved 1048576K
}
Event: 4.957 GC heap before
{Heap before GC invocations=13 (full 0):
 garbage-first heap   total reserved 4175872K, committed 174080K, used 145045K [0x0000000701200000, 0x0000000800000000)
  region size 2048K, 38 young (77824K), 6 survivors (12288K)
 Metaspace       used 33069K, committed 33664K, reserved 1114112K
  class space    used 3776K, committed 4032K, reserved 1048576K
}
Event: 4.966 GC heap after
{Heap after GC invocations=14 (full 0):
 garbage-first heap   total reserved 4175872K, committed 174080K, used 95840K [0x0000000701200000, 0x0000000800000000)
  region size 2048K, 5 young (10240K), 5 survivors (10240K)
 Metaspace       used 33069K, committed 33664K, reserved 1114112K
  class space    used 3776K, committed 4032K, reserved 1048576K
}
Event: 5.297 GC heap before
{Heap before GC invocations=14 (full 0):
 garbage-first heap   total reserved 4175872K, committed 174080K, used 144992K [0x0000000701200000, 0x0000000800000000)
  region size 2048K, 29 young (59392K), 5 survivors (10240K)
 Metaspace       used 34559K, committed 35200K, reserved 1114112K
  class space    used 3921K, committed 4224K, reserved 1048576K
}
Event: 5.300 GC heap after
{Heap after GC invocations=15 (full 0):
 garbage-first heap   total reserved 4175872K, committed 174080K, used 95155K [0x0000000701200000, 0x0000000800000000)
  region size 2048K, 2 young (4096K), 2 survivors (4096K)
 Metaspace       used 34559K, committed 35200K, reserved 1114112K
  class space    used 3921K, committed 4224K, reserved 1048576K
}

Dll operation events (12 events):
Event: 0.004 Loaded shared library C:\Program Files\Java\jdk-22\bin\java.dll
Event: 0.024 Loaded shared library C:\Program Files\Java\jdk-22\bin\jsvml.dll
Event: 0.046 Loaded shared library C:\Program Files\Java\jdk-22\bin\zip.dll
Event: 0.048 Loaded shared library C:\Program Files\Java\jdk-22\bin\instrument.dll
Event: 0.050 Loaded shared library C:\Program Files\Java\jdk-22\bin\net.dll
Event: 0.051 Loaded shared library C:\Program Files\Java\jdk-22\bin\nio.dll
Event: 0.052 Loaded shared library C:\Program Files\Java\jdk-22\bin\zip.dll
Event: 0.059 Loaded shared library C:\Program Files\JetBrains\IntelliJ IDEA 2024.1.4\bin\breakgen64.dll
Event: 0.064 Loaded shared library C:\Program Files\Java\jdk-22\bin\extnet.dll
Event: 0.116 Loaded shared library C:\Program Files\Java\jdk-22\bin\jimage.dll
Event: 0.124 Loaded shared library C:\Users\User\AppData\Local\Temp\jansi-2.4.1-dcf5e07a1e0caf6-jansi.dll
Event: 0.129 Loaded shared library C:\Program Files\Java\jdk-22\bin\verify.dll

Deoptimization events (20 events):
Event: 5.475 Thread 0x0000022f429a4ec0 Uncommon trap: trap_request=0xffffff45 fr.pc=0x0000022f550cc0cc relative=0x00000000000002ec
Event: 5.475 Thread 0x0000022f429a4ec0 Uncommon trap: reason=unstable_if action=reinterpret pc=0x0000022f550cc0cc method=java.lang.AbstractStringBuilder.inflateIfNeededFor(Ljava/lang/String;)V @ 14 c2
Event: 5.475 Thread 0x0000022f429a4ec0 DEOPT PACKING pc=0x0000022f550cc0cc sp=0x0000003d636ff160
Event: 5.475 Thread 0x0000022f429a4ec0 DEOPT UNPACKING pc=0x0000022f54a546a2 sp=0x0000003d636ff058 mode 2
Event: 5.475 Thread 0x0000022f429a4ec0 Uncommon trap: trap_request=0xffffff45 fr.pc=0x0000022f54fce790 relative=0x00000000000000f0
Event: 5.475 Thread 0x0000022f429a4ec0 Uncommon trap: reason=unstable_if action=reinterpret pc=0x0000022f54fce790 method=java.lang.String.getBytes([BIB)V @ 5 c2
Event: 5.475 Thread 0x0000022f429a4ec0 DEOPT PACKING pc=0x0000022f54fce790 sp=0x0000003d636ff080
Event: 5.475 Thread 0x0000022f429a4ec0 DEOPT UNPACKING pc=0x0000022f54a546a2 sp=0x0000003d636ff048 mode 2
Event: 5.475 Thread 0x0000022f429a4ec0 Uncommon trap: trap_request=0xffffff45 fr.pc=0x0000022f5507c93c relative=0x00000000000004fc
Event: 5.475 Thread 0x0000022f429a4ec0 Uncommon trap: reason=unstable_if action=reinterpret pc=0x0000022f5507c93c method=java.lang.String.<init>(Ljava/lang/AbstractStringBuilder;Ljava/lang/Void;)V @ 19 c2
Event: 5.475 Thread 0x0000022f429a4ec0 DEOPT PACKING pc=0x0000022f5507c93c sp=0x0000003d636ff1c0
Event: 5.475 Thread 0x0000022f429a4ec0 DEOPT UNPACKING pc=0x0000022f54a546a2 sp=0x0000003d636ff0c0 mode 2
Event: 5.475 Thread 0x0000022f429a4ec0 Uncommon trap: trap_request=0xffffff45 fr.pc=0x0000022f5514f768 relative=0x00000000000000c8
Event: 5.475 Thread 0x0000022f429a4ec0 Uncommon trap: reason=unstable_if action=reinterpret pc=0x0000022f5514f768 method=java.lang.String.codePointAt(I)I @ 4 c2
Event: 5.475 Thread 0x0000022f429a4ec0 DEOPT PACKING pc=0x0000022f5514f768 sp=0x0000003d636ff140
Event: 5.475 Thread 0x0000022f429a4ec0 DEOPT UNPACKING pc=0x0000022f54a546a2 sp=0x0000003d636ff0c8 mode 2
Event: 5.475 Thread 0x0000022f429a4ec0 Uncommon trap: trap_request=0xffffffc6 fr.pc=0x0000022f551a6b48 relative=0x0000000000000288
Event: 5.475 Thread 0x0000022f429a4ec0 Uncommon trap: reason=bimorphic_or_optimized_type_check action=maybe_recompile pc=0x0000022f551a6b48 method=java.util.regex.Matcher.getTextLength()I @ 4 c2
Event: 5.475 Thread 0x0000022f429a4ec0 DEOPT PACKING pc=0x0000022f551a6b48 sp=0x0000003d636ff230
Event: 5.475 Thread 0x0000022f429a4ec0 DEOPT UNPACKING pc=0x0000022f54a546a2 sp=0x0000003d636ff160 mode 2

Classes loaded (20 events):
Event: 5.462 Loading class jdk/internal/logger/LoggerFinderLoader
Event: 5.463 Loading class jdk/internal/logger/LoggerFinderLoader done
Event: 5.463 Loading class jdk/internal/logger/LoggerFinderLoader$TemporaryLoggerFinder
Event: 5.463 Loading class jdk/internal/logger/LoggerFinderLoader$TemporaryLoggerFinder done
Event: 5.463 Loading class sun/util/logging/internal/LoggingProviderImpl$JULWrapper
Event: 5.463 Loading class sun/util/logging/PlatformLogger$ConfigurableBridge$LoggerConfiguration
Event: 5.463 Loading class sun/util/logging/PlatformLogger$ConfigurableBridge$LoggerConfiguration done
Event: 5.463 Loading class sun/util/logging/internal/LoggingProviderImpl$JULWrapper done
Event: 5.463 Loading class java/lang/System$Logger$Level
Event: 5.463 Loading class java/lang/System$Logger$Level done
Event: 5.464 Loading class java/nio/channels/ClosedChannelException
Event: 5.464 Loading class java/nio/channels/ClosedChannelException done
Event: 5.465 Loading class java/nio/channels/NonReadableChannelException
Event: 5.465 Loading class java/nio/channels/NonReadableChannelException done
Event: 5.465 Loading class java/nio/channels/NonWritableChannelException
Event: 5.465 Loading class java/nio/channels/NonWritableChannelException done
Event: 5.473 Loading class java/util/Scanner
Event: 5.474 Loading class java/util/Scanner done
Event: 5.474 Loading class java/util/Scanner$PatternLRUCache
Event: 5.475 Loading class java/util/Scanner$PatternLRUCache done

Classes unloaded (20 events):
Event: 5.312 Thread 0x0000022f646266c0 Unloading class 0x0000022f0133e7e8 'lombok/javac/apt/MessagerDiagnosticsReceiver'
Event: 5.312 Thread 0x0000022f646266c0 Unloading class 0x0000022f0133e420 'lombok/javac/apt/InterceptingJavaFileManager'
Event: 5.312 Thread 0x0000022f646266c0 Unloading class 0x0000022f0133e218 'lombok/permit/dummy/Parent'
Event: 5.312 Thread 0x0000022f646266c0 Unloading class 0x0000022f0133e000 'lombok/core/CleanupRegistry'
Event: 5.312 Thread 0x0000022f646266c0 Unloading class 0x0000022f0133dde8 'lombok/permit/Permit$Fake'
Event: 5.312 Thread 0x0000022f646266c0 Unloading class 0x0000022f0133dbe8 'lombok/permit/Permit'
Event: 5.312 Thread 0x0000022f646266c0 Unloading class 0x0000022f0133d8f8 'lombok/javac/apt/LombokProcessor$1'
Event: 5.312 Thread 0x0000022f646266c0 Unloading class 0x0000022f0133d700 'lombok/core/DiagnosticsReceiver'
Event: 5.312 Thread 0x0000022f646266c0 Unloading class 0x0000022f0133d468 'lombok/javac/apt/LombokProcessor'
Event: 5.312 Thread 0x0000022f646266c0 Unloading class 0x0000022f0133d238 'lombok/core/AnnotationProcessor$EcjDescriptor'
Event: 5.312 Thread 0x0000022f646266c0 Unloading class 0x0000022f0133d000 'lombok/core/AnnotationProcessor$JavacDescriptor'
Event: 5.312 Thread 0x0000022f646266c0 Unloading class 0x0000022f0133ca80 'lombok/core/AnnotationProcessor$ProcessorDescriptor'
Event: 5.312 Thread 0x0000022f646266c0 Unloading class 0x0000022f0133c800 'lombok/core/AnnotationProcessor'
Event: 5.312 Thread 0x0000022f646266c0 Unloading class 0x0000022f01393000 'lombok/launch/AnnotationProcessorHider$ClaimingProcessor'
Event: 5.312 Thread 0x0000022f646266c0 Unloading class 0x0000022f0133c498 'lombok/launch/AnnotationProcessorHider$AstModificationNotifierData'
Event: 5.312 Thread 0x0000022f646266c0 Unloading class 0x0000022f0133c218 'lombok/launch/ClassFileMetaData'
Event: 5.312 Thread 0x0000022f646266c0 Unloading class 0x0000022f0133c000 'lombok/launch/PackageShader'
Event: 5.312 Thread 0x0000022f646266c0 Unloading class 0x0000022f01318480 'lombok/launch/ShadowClassLoader'
Event: 5.312 Thread 0x0000022f646266c0 Unloading class 0x0000022f01318280 'lombok/launch/Main'
Event: 5.312 Thread 0x0000022f646266c0 Unloading class 0x0000022f01318000 'lombok/launch/AnnotationProcessorHider$AnnotationProcessor'

Classes redefined (0 events):
No events

Internal exceptions (20 events):
Event: 5.105 Thread 0x0000022f42f61720 Exception <a 'sun/nio/fs/WindowsException'{0x0000000709e1e680}> (0x0000000709e1e680) 
thrown [s\open\src\hotspot\share\prims\jni.cpp, line 520]
Event: 5.106 Thread 0x0000022f42f61720 Exception <a 'sun/nio/fs/WindowsException'{0x0000000709e422f0}> (0x0000000709e422f0) 
thrown [s\open\src\hotspot\share\prims\jni.cpp, line 520]
Event: 5.106 Thread 0x0000022f42f61720 Exception <a 'sun/nio/fs/WindowsException'{0x0000000709e42d08}> (0x0000000709e42d08) 
thrown [s\open\src\hotspot\share\prims\jni.cpp, line 520]
Event: 5.106 Thread 0x0000022f42f61720 Exception <a 'sun/nio/fs/WindowsException'{0x0000000709e437e8}> (0x0000000709e437e8) 
thrown [s\open\src\hotspot\share\prims\jni.cpp, line 520]
Event: 5.108 Thread 0x0000022f42f61720 Exception <a 'sun/nio/fs/WindowsException'{0x0000000709ec7f18}> (0x0000000709ec7f18) 
thrown [s\open\src\hotspot\share\prims\jni.cpp, line 520]
Event: 5.115 Thread 0x0000022f42f61720 Exception <a 'sun/nio/fs/WindowsException'{0x0000000709ee1b10}> (0x0000000709ee1b10) 
thrown [s\open\src\hotspot\share\prims\jni.cpp, line 520]
Event: 5.117 Thread 0x0000022f42f61720 Exception <a 'sun/nio/fs/WindowsException'{0x0000000709efdfc0}> (0x0000000709efdfc0) 
thrown [s\open\src\hotspot\share\prims\jni.cpp, line 520]
Event: 5.117 Thread 0x0000022f42f61720 Exception <a 'sun/nio/fs/WindowsException'{0x0000000709efe758}> (0x0000000709efe758) 
thrown [s\open\src\hotspot\share\prims\jni.cpp, line 520]
Event: 5.117 Thread 0x0000022f42f61720 Exception <a 'sun/nio/fs/WindowsException'{0x0000000709efed28}> (0x0000000709efed28) 
thrown [s\open\src\hotspot\share\prims\jni.cpp, line 520]
Event: 5.117 Thread 0x0000022f42f61720 Exception <a 'sun/nio/fs/WindowsException'{0x0000000709eff488}> (0x0000000709eff488) 
thrown [s\open\src\hotspot\share\prims\jni.cpp, line 520]
Event: 5.117 Thread 0x0000022f42f61720 Exception <a 'sun/nio/fs/WindowsException'{0x0000000709effbd0}> (0x0000000709effbd0) 
thrown [s\open\src\hotspot\share\prims\jni.cpp, line 520]
Event: 5.117 Thread 0x0000022f42f61720 Exception <a 'sun/nio/fs/WindowsException'{0x0000000709f005c0}> (0x0000000709f005c0) 
thrown [s\open\src\hotspot\share\prims\jni.cpp, line 520]
Event: 5.168 Thread 0x0000022f42f61720 Implicit null exception at 0x0000022f55217afe to 0x0000022f55218fa4
Event: 5.306 Thread 0x0000022f6a6a9fd0 Exception <a 'java/lang/NoSuchMethodError'{0x0000000711038358}: 'java.lang.Object java.lang.invoke.DirectMethodHandle$Holder.invokeStatic(java.lang.Object, long, java.lang.Object)'> (0x0000000711038358) 
thrown [s\open\src\hotspot\share\interpreter\linkResolver.cpp, line 774]
Event: 5.306 Thread 0x0000022f6a6a9fd0 Exception <a 'java/lang/NoSuchMethodError'{0x000000071103b730}: 'java.lang.Object java.lang.invoke.DirectMethodHandle$Holder.invokeStaticInit(java.lang.Object, long, java.lang.Object)'> (0x000000071103b730) 
thrown [s\open\src\hotspot\share\interpreter\linkResolver.cpp, line 774]
Event: 5.306 Thread 0x0000022f6a6a9fd0 Exception <a 'java/lang/NoSuchMethodError'{0x0000000711040c28}: 'java.lang.Object java.lang.invoke.DirectMethodHandle$Holder.newInvokeSpecial(java.lang.Object, long)'> (0x0000000711040c28) 
thrown [s\open\src\hotspot\share\interpreter\linkResolver.cpp, line 774]
Event: 5.307 Thread 0x0000022f6a6a9fd0 Exception <a 'java/lang/NoSuchMethodError'{0x00000007110454e0}: 'long java.lang.invoke.DirectMethodHandle$Holder.invokeInterface(java.lang.Object, java.lang.Object)'> (0x00000007110454e0) 
thrown [s\open\src\hotspot\share\interpreter\linkResolver.cpp, line 774]
Event: 5.307 Thread 0x0000022f6a6a9fd0 Exception <a 'java/lang/NoSuchMethodError'{0x00000007110489c8}: 'long java.lang.invoke.DelegatingMethodHandle$Holder.reinvoke_L(java.lang.Object, java.lang.Object)'> (0x00000007110489c8) 
thrown [s\open\src\hotspot\share\interpreter\linkResolver.cpp, line 774]
Event: 5.345 Thread 0x0000022f42f61720 Exception <a 'java/lang/NoSuchMethodError'{0x000000070f65ae90}: 'java.lang.Object java.lang.invoke.DirectMethodHandle$Holder.invokeStaticInit(java.lang.Object, java.lang.Object, int, int, int, int)'> (0x000000070f65ae90) 
thrown [s\open\src\hotspot\share\interpreter\linkResolver.cpp, line 774]
Event: 5.459 Thread 0x0000022f42f61720 Exception <a 'java/lang/NoSuchMethodError'{0x000000070a17e3f0}: 'void java.lang.invoke.DirectMethodHandle$Holder.invokeStatic(java.lang.Object, long)'> (0x000000070a17e3f0) 
thrown [s\open\src\hotspot\share\interpreter\linkResolver.cpp, line 774]

ZGC Phase Switch (0 events):
No events

VM Operations (20 events):
Event: 5.297 Executing VM operation: G1CollectForAllocation (G1 Evacuation Pause)
Event: 5.300 Executing VM operation: G1CollectForAllocation (G1 Evacuation Pause) done
Event: 5.311 Executing VM operation: G1PauseRemark
Event: 5.321 Executing VM operation: G1PauseRemark done
Event: 5.324 Executing VM operation: HandshakeAllThreads (Deoptimize)
Event: 5.324 Executing VM operation: HandshakeAllThreads (Deoptimize) done
Event: 5.326 Executing VM operation: G1PauseCleanup
Event: 5.326 Executing VM operation: G1PauseCleanup done
Event: 5.397 Executing VM operation: HandshakeAllThreads (Deoptimize)
Event: 5.397 Executing VM operation: HandshakeAllThreads (Deoptimize) done
Event: 5.397 Executing VM operation: HandshakeAllThreads (Deoptimize)
Event: 5.397 Executing VM operation: HandshakeAllThreads (Deoptimize) done
Event: 5.414 Executing VM operation: HandshakeAllThreads (Deoptimize)
Event: 5.415 Executing VM operation: HandshakeAllThreads (Deoptimize) done
Event: 5.421 Executing VM operation: HandshakeAllThreads (Deoptimize)
Event: 5.421 Executing VM operation: HandshakeAllThreads (Deoptimize) done
Event: 5.421 Executing VM operation: HandshakeAllThreads (Deoptimize)
Event: 5.421 Executing VM operation: HandshakeAllThreads (Deoptimize) done
Event: 5.462 Executing VM operation: HandshakeAllThreads (Deoptimize)
Event: 5.462 Executing VM operation: HandshakeAllThreads (Deoptimize) done

Events (20 events):
Event: 5.320 Thread 0x0000022f646266c0 flushing nmethod 0x0000022f4e550010
Event: 5.320 Thread 0x0000022f646266c0 flushing nmethod 0x0000022f4e551d10
Event: 5.320 Thread 0x0000022f646266c0 flushing nmethod 0x0000022f4e555190
Event: 5.320 Thread 0x0000022f646266c0 flushing nmethod 0x0000022f4e557510
Event: 5.320 Thread 0x0000022f646266c0 flushing nmethod 0x0000022f4e559090
Event: 5.320 Thread 0x0000022f646266c0 flushing nmethod 0x0000022f4e576510
Event: 5.320 Thread 0x0000022f646266c0 flushing nmethod 0x0000022f4e576d10
Event: 5.320 Thread 0x0000022f646266c0 flushing nmethod 0x0000022f4e579e90
Event: 5.320 Thread 0x0000022f646266c0 flushing nmethod 0x0000022f4e57b990
Event: 5.320 Thread 0x0000022f646266c0 flushing nmethod 0x0000022f4e57d210
Event: 5.320 Thread 0x0000022f646266c0 flushing nmethod 0x0000022f4e57e490
Event: 5.320 Thread 0x0000022f646266c0 flushing nmethod 0x0000022f4e57e810
Event: 5.320 Thread 0x0000022f646266c0 flushing nmethod 0x0000022f4e6f8f10
Event: 5.320 Thread 0x0000022f646266c0 flushing nmethod 0x0000022f4e6fa110
Event: 5.382 Thread 0x0000022f6a6a92b0 Thread added: 0x0000022f6a6a92b0
Event: 5.384 Thread 0x0000022f6a6a9940 Thread added: 0x0000022f6a6a9940
Event: 5.453 Thread 0x0000022f6a6a9fd0 Thread added: 0x0000022f6a6a9fd0
Event: 5.473 Thread 0x0000022f429a4ec0 Thread added: 0x0000022f429a4ec0
Event: 5.473 Thread 0x0000022f429a3b10 Thread added: 0x0000022f429a3b10
Event: 5.478 Thread 0x0000022f4299e5c0 Thread added: 0x0000022f4299e5c0


Dynamic libraries:
0x00007ff655db0000 - 0x00007ff655dc0000 	C:\Program Files\Java\jdk-22\bin\java.exe
0x00007ff9774d0000 - 0x00007ff9776c8000 	C:\Windows\SYSTEM32\ntdll.dll
0x00007ff975520000 - 0x00007ff9755dd000 	C:\Windows\System32\KERNEL32.DLL
0x00007ff975220000 - 0x00007ff975516000 	C:\Windows\System32\KERNELBASE.dll
0x00007ff974eb0000 - 0x00007ff974fb0000 	C:\Windows\System32\ucrtbase.dll
0x00007ff95fc60000 - 0x00007ff95fc77000 	C:\Program Files\Java\jdk-22\bin\jli.dll
0x00007ff95edd0000 - 0x00007ff95edeb000 	C:\Program Files\Java\jdk-22\bin\VCRUNTIME140.dll
0x00007ff976be0000 - 0x00007ff976c93000 	C:\Windows\System32\ADVAPI32.dll
0x00007ff975790000 - 0x00007ff97582e000 	C:\Windows\System32\msvcrt.dll
0x00007ff9772c0000 - 0x00007ff97735f000 	C:\Windows\System32\sechost.dll
0x00007ff976d30000 - 0x00007ff976e56000 	C:\Windows\System32\RPCRT4.dll
0x00007ff975170000 - 0x00007ff975197000 	C:\Windows\System32\bcrypt.dll
0x00007ff976a40000 - 0x00007ff976bde000 	C:\Windows\System32\USER32.dll
0x00007ff9751f0000 - 0x00007ff975212000 	C:\Windows\System32\win32u.dll
0x00007ff960ad0000 - 0x00007ff960d6a000 	C:\Windows\WinSxS\amd64_microsoft.windows.common-controls_6595b64144ccf1df_6.0.19041.3636_none_60b6a03d71f818d5\COMCTL32.dll
0x00007ff975d00000 - 0x00007ff975d2c000 	C:\Windows\System32\GDI32.dll
0x00007ff974d00000 - 0x00007ff974e1a000 	C:\Windows\System32\gdi32full.dll
0x00007ff974fb0000 - 0x00007ff97504d000 	C:\Windows\System32\msvcp_win.dll
0x00007ff96ea90000 - 0x00007ff96ea9a000 	C:\Windows\SYSTEM32\VERSION.dll
0x00007ff9770d0000 - 0x00007ff977100000 	C:\Windows\System32\IMM32.DLL
0x00007ff962080000 - 0x00007ff96208c000 	C:\Program Files\Java\jdk-22\bin\vcruntime140_1.dll
0x00007ff94a360000 - 0x00007ff94a3ee000 	C:\Program Files\Java\jdk-22\bin\msvcp140.dll
0x00007ff92c550000 - 0x00007ff92d297000 	C:\Program Files\Java\jdk-22\bin\server\jvm.dll
0x00007ff976f40000 - 0x00007ff976fab000 	C:\Windows\System32\WS2_32.dll
0x00007ff974140000 - 0x00007ff97418b000 	C:\Windows\SYSTEM32\POWRPROF.dll
0x00007ff96e160000 - 0x00007ff96e187000 	C:\Windows\SYSTEM32\WINMM.dll
0x00007ff973fb0000 - 0x00007ff973fc2000 	C:\Windows\SYSTEM32\UMPDC.dll
0x00007ff972a70000 - 0x00007ff972a82000 	C:\Windows\SYSTEM32\kernel.appcore.dll
0x00007ff95eef0000 - 0x00007ff95eefa000 	C:\Program Files\Java\jdk-22\bin\jimage.dll
0x00007ff961740000 - 0x00007ff961924000 	C:\Windows\SYSTEM32\DBGHELP.DLL
0x00007ff95c6d0000 - 0x00007ff95c704000 	C:\Windows\SYSTEM32\dbgcore.DLL
0x00007ff974e20000 - 0x00007ff974ea2000 	C:\Windows\System32\bcryptPrimitives.dll
0x00007ff9722d0000 - 0x00007ff9722df000 	C:\Program Files\Java\jdk-22\bin\instrument.dll
0x00007ff95e680000 - 0x00007ff95e69e000 	C:\Program Files\Java\jdk-22\bin\java.dll
0x00007ff975d30000 - 0x00007ff976475000 	C:\Windows\System32\SHELL32.dll
0x00007ff976900000 - 0x00007ff976a2b000 	C:\Windows\System32\ole32.dll
0x00007ff976540000 - 0x00007ff976894000 	C:\Windows\System32\combase.dll
0x00007ff972c70000 - 0x00007ff97340b000 	C:\Windows\SYSTEM32\windows.storage.dll
0x00007ff9745d0000 - 0x00007ff9745fd000 	C:\Windows\SYSTEM32\Wldp.dll
0x00007ff976480000 - 0x00007ff97652d000 	C:\Windows\System32\SHCORE.dll
0x00007ff975830000 - 0x00007ff975885000 	C:\Windows\System32\shlwapi.dll
0x00007ff974ad0000 - 0x00007ff974af5000 	C:\Windows\SYSTEM32\profapi.dll
0x00007ff9489c0000 - 0x00007ff948a97000 	C:\Program Files\Java\jdk-22\bin\jsvml.dll
0x00007ff95d760000 - 0x00007ff95d777000 	C:\Program Files\Java\jdk-22\bin\zip.dll
0x00007ff95ee30000 - 0x00007ff95ee40000 	C:\Program Files\Java\jdk-22\bin\net.dll
0x00007ff974330000 - 0x00007ff97439a000 	C:\Windows\system32\mswsock.dll
0x00007ff95d7b0000 - 0x00007ff95d7c6000 	C:\Program Files\Java\jdk-22\bin\nio.dll
0x00007ff95aae0000 - 0x00007ff95aafa000 	C:\Program Files\JetBrains\IntelliJ IDEA 2024.1.4\bin\breakgen64.dll
0x00007ff95d910000 - 0x00007ff95d919000 	C:\Program Files\Java\jdk-22\bin\extnet.dll
0x00007ff9626c0000 - 0x00007ff9626e4000 	C:\Users\User\AppData\Local\Temp\jansi-2.4.1-dcf5e07a1e0caf6-jansi.dll
0x00007ff9624b0000 - 0x00007ff9624c0000 	C:\Program Files\Java\jdk-22\bin\verify.dll
0x00007ff973c80000 - 0x00007ff973cb3000 	C:\Windows\SYSTEM32\ntmarta.dll
0x00007ff974520000 - 0x00007ff974538000 	C:\Windows\SYSTEM32\CRYPTSP.dll
0x00007ff973bf0000 - 0x00007ff973c24000 	C:\Windows\system32\rsaenh.dll
0x00007ff974a50000 - 0x00007ff974a7e000 	C:\Windows\SYSTEM32\USERENV.dll
0x00007ff974540000 - 0x00007ff97454c000 	C:\Windows\SYSTEM32\CRYPTBASE.dll
0x00007ff973fd0000 - 0x00007ff97400b000 	C:\Windows\SYSTEM32\IPHLPAPI.DLL
0x00007ff976530000 - 0x00007ff976538000 	C:\Windows\System32\NSI.dll

dbghelp: loaded successfully - version: 4.0.5 - missing functions: none
symbol engine: initialized successfully - sym options: 0x614 - pdb path: .;C:\Program Files\Java\jdk-22\bin;C:\Windows\SYSTEM32;C:\Windows\WinSxS\amd64_microsoft.windows.common-controls_6595b64144ccf1df_6.0.19041.3636_none_60b6a03d71f818d5;C:\Program Files\Java\jdk-22\bin\server;C:\Program Files\JetBrains\IntelliJ IDEA 2024.1.4\bin;C:\Users\User\AppData\Local\Temp

VM Arguments:
jvm_args: -Dmaven.multiModuleProjectDirectory=C:\Users\User\Desktop\sistema.inventario\sistema.inventario -Djansi.passthrough=true -Dmaven.home=C:\Program Files\JetBrains\IntelliJ IDEA 2024.1.4\plugins\maven\lib\maven3 -Dclassworlds.conf=C:\Program Files\JetBrains\IntelliJ IDEA 2024.1.4\plugins\maven\lib\maven3\bin\m2.conf -Dmaven.ext.class.path=C:\Program Files\JetBrains\IntelliJ IDEA 2024.1.4\plugins\maven\lib\maven-event-listener.jar -javaagent:C:\Program Files\JetBrains\IntelliJ IDEA 2024.1.4\lib\idea_rt.jar=63202:C:\Program Files\JetBrains\IntelliJ IDEA 2024.1.4\bin -Dfile.encoding=UTF-8 -Dsun.stdout.encoding=UTF-8 -Dsun.stderr.encoding=UTF-8 
java_command: org.codehaus.classworlds.Launcher -Didea.version=2024.3.2.2 package
java_class_path (initial): C:\Program Files\JetBrains\IntelliJ IDEA 2024.1.4\plugins\maven\lib\maven3\boot\plexus-classworlds-2.8.0.jar;C:\Program Files\JetBrains\IntelliJ IDEA 2024.1.4\plugins\maven\lib\maven3\boot\plexus-classworlds.license
Launcher Type: SUN_STANDARD

[Global flags]
     intx CICompilerCount                          = 4                                         {product} {ergonomic}
     uint ConcGCThreads                            = 3                                         {product} {ergonomic}
     uint G1ConcRefinementThreads                  = 10                                        {product} {ergonomic}
   size_t G1HeapRegionSize                         = 2097152                                   {product} {ergonomic}
   size_t InitialHeapSize                          = 268435456                                 {product} {ergonomic}
   size_t MarkStackSize                            = 4194304                                   {product} {ergonomic}
   size_t MaxHeapSize                              = 4276092928                                {product} {ergonomic}
   size_t MaxNewSize                               = 2564816896                                {product} {ergonomic}
   size_t MinHeapDeltaBytes                        = 2097152                                   {product} {ergonomic}
   size_t MinHeapSize                              = 8388608                                   {product} {ergonomic}
    uintx NonNMethodCodeHeapSize                   = 5839372                                {pd product} {ergonomic}
    uintx NonProfiledCodeHeapSize                  = 122909434                              {pd product} {ergonomic}
    uintx ProfiledCodeHeapSize                     = 122909434                              {pd product} {ergonomic}
    uintx ReservedCodeCacheSize                    = 251658240                              {pd product} {ergonomic}
     bool SegmentedCodeCache                       = true                                      {product} {ergonomic}
   size_t SoftMaxHeapSize                          = 4276092928                             {manageable} {ergonomic}
     bool UseCompressedOops                        = true                           {product lp64_product} {ergonomic}
     bool UseG1GC                                  = true                                      {product} {ergonomic}
     bool UseLargePagesIndividualAllocation        = false                                  {pd product} {ergonomic}

Logging:
Log output configuration:
 #0: stdout all=warning uptime,level,tags foldmultilines=false
 #1: stderr all=off uptime,level,tags foldmultilines=false

Environment Variables:
JAVA_HOME=C:\Program Files\Java\jdk-19
PATH=C:\Program Files\Common Files\Oracle\Java\javapath;C:\Program Files\swipl\bin;C:\Program Files\NVIDIA Corporation\NVIDIA NvDLISR;C:\Program Files\Git\cmd;C:\Program Files\dotnet\;C:\Program Files (x86)\Windows Kits\10\Windows Performance Toolkit\;C:\Program Files\nodejs\;C:\Program Files\MySQL\MySQL Shell 8.0\bin\;C:\Users\User\AppData\Local\Microsoft\WindowsApps;C:\Program Files\mingw-w64\x86_64-8.1.0-posix-seh-rt_v6-rev0\mingw64\bin;C:\msys64\usr\bin;C:\Users\User\AppData\Local\Programs\Microsoft VS Code\bin;C:\Program Files\Azure Data Studio\bin;C:\MinGW\bin;C:\Program Files (x86)\GnuWin32\bin;C:\Program Files\Java\jdk-19\bin;C:\Program Files\Java\jdk-19\lib;C:\Program Files\swipl\lib;C:\Windows\system32\cmd.exe;C:\Program Files\JetBrains\IntelliJ IDEA 2024.1.4\bin;C:\Users\User\AppData\Roaming\npm
USERNAME=User
OS=Windows_NT
PROCESSOR_IDENTIFIER=AMD64 Family 25 Model 33 Stepping 0, AuthenticAMD
TMP=C:\Users\User\AppData\Local\Temp
TEMP=C:\Users\User\AppData\Local\Temp




Periodic native trim disabled

---------------  S Y S T E M  ---------------

OS:
 Windows 10 , 64 bit Build 19041 (10.0.19041.3636)
OS uptime: 14 days 1:26 hours

CPU: total 12 (initial active 12) (12 cores per cpu, 2 threads per core) family 25 model 33 stepping 0 microcode 0x0, cx8, cmov, fxsr, ht, mmx, 3dnowpref, sse, sse2, sse3, ssse3, sse4a, sse4.1, sse4.2, popcnt, lzcnt, tsc, tscinvbit, avx, avx2, aes, erms, clmul, bmi1, bmi2, adx, sha, fma, vzeroupper, clflush, clflushopt, rdtscp, rdpid, fsrm, f16c, pku, cet_ss
Processor Information for all 12 processors :
  Max Mhz: 3701, Current Mhz: 3701, Mhz Limit: 3701

Memory: 4k page, system-wide physical 16310M (3308M free)
TotalPageFile size 18358M (AvailPageFile size 5M)
current process WorkingSet (physical memory assigned to process): 370M, peak: 388M
current process commit charge ("private bytes"): 410M, peak: 429M

vm_info: Java HotSpot(TM) 64-Bit Server VM (22.0.1+8-16) for windows-amd64 JRE (22.0.1+8-16), built on 2024-03-12T10:33:16Z by "mach5one" with MS VC++ 17.6 (VS2022)

END.
