#
# There is insufficient memory for the Java Runtime Environment to continue.
# Native memory allocation (mmap) failed to map 12582912 bytes. Error detail: G1 virtual space
# Possible reasons:
#   The system is out of physical RAM or swap space
#   This process is running with CompressedOops enabled, and the Java Heap may be blocking the growth of the native heap
# Possible solutions:
#   Reduce memory load on the system
#   Increase physical memory or swap space
#   Check if swap backing store is full
#   Decrease Java heap size (-Xmx/-Xms)
#   Decrease number of Java threads
#   Decrease Java thread stack sizes (-Xss)
#   Set larger code cache with -XX:ReservedCodeCacheSize=
#   JVM is running with Zero Based Compressed Oops mode in which the Java heap is
#     placed in the first 32GB address space. The Java Heap base address is the
#     maximum limit for the native heap growth. Please use -XX:HeapBaseMinAddress
#     to set the Java Heap base and to place the Java Heap above 32GB virtual address.
# This output file may be truncated or incomplete.
#
#  Out of Memory Error (os_windows.cpp:3631), pid=12208, tid=3080
#
# JRE version: Java(TM) SE Runtime Environment (22.0.1+8) (build 22.0.1+8-16)
# Java VM: Java HotSpot(TM) 64-Bit Server VM (22.0.1+8-16, mixed mode, emulated-client, sharing, tiered, compressed oops, compressed class ptrs, g1 gc, windows-amd64)
# No core dump will be written. Minidumps are not enabled by default on client versions of Windows
#

---------------  S U M M A R Y ------------

Command Line: -XX:TieredStopAtLevel=1 -Dspring.output.ansi.enabled=always -Dcom.sun.management.jmxremote -Dspring.jmx.enabled=true -Dspring.liveBeansView.mbeanDomain -Dspring.application.admin.enabled=true -Dmanagement.endpoints.jmx.exposure.include=* -javaagent:C:\Program Files\JetBrains\IntelliJ IDEA 2024.1.4\lib\idea_rt.jar=55222:C:\Program Files\JetBrains\IntelliJ IDEA 2024.1.4\bin -Dfile.encoding=UTF-8 -Dsun.stdout.encoding=UTF-8 -Dsun.stderr.encoding=UTF-8 com.clinica.sistema.inventario.InventarioApplication

Host: AMD Ryzen 5 5600X 6-Core Processor             , 12 cores, 15G,  Windows 10 , 64 bit Build 19041 (10.0.19041.3636)
Time: Fri Nov 29 11:39:39 2024 Hora est. Pac璗ico, Sudam廨ica elapsed time: 77.038579 seconds (0d 0h 1m 17s)

---------------  T H R E A D  ---------------

Current thread (0x00000272e6eea7c0):  VMThread "VM Thread"          [id=3080, stack(0x000000b2b9300000,0x000000b2b9400000) (1024K)]

Stack: [0x000000b2b9300000,0x000000b2b9400000]
Native frames: (J=compiled Java code, j=interpreted, Vv=VM code, C=native code)
V  [jvm.dll+0x6e2279]  (no source info available)
V  [jvm.dll+0x874e33]  (no source info available)
V  [jvm.dll+0x87725e]  (no source info available)
V  [jvm.dll+0x877933]  (no source info available)
V  [jvm.dll+0x27fd76]  (no source info available)
V  [jvm.dll+0x6de915]  (no source info available)
V  [jvm.dll+0x6d341a]  (no source info available)
V  [jvm.dll+0x3589da]  (no source info available)
V  [jvm.dll+0x360f06]  (no source info available)
V  [jvm.dll+0x3b3e2e]  (no source info available)
V  [jvm.dll+0x3b40d8]  (no source info available)
V  [jvm.dll+0x32c59c]  (no source info available)
V  [jvm.dll+0x32c627]  (no source info available)
V  [jvm.dll+0x37229c]  (no source info available)
V  [jvm.dll+0x370996]  (no source info available)
V  [jvm.dll+0x32bc87]  (no source info available)
V  [jvm.dll+0x370468]  (no source info available)
V  [jvm.dll+0x87d7d0]  (no source info available)
V  [jvm.dll+0x87eb57]  (no source info available)
V  [jvm.dll+0x87f0d0]  (no source info available)
V  [jvm.dll+0x87f373]  (no source info available)
V  [jvm.dll+0x81d44b]  (no source info available)
V  [jvm.dll+0x6e0915]  (no source info available)
C  [ucrtbase.dll+0x21bb2]  (no source info available)
C  [KERNEL32.DLL+0x17344]  (no source info available)
C  [ntdll.dll+0x526b1]  (no source info available)

VM_Operation (0x000000b2b89fe698): G1TryInitiateConcMark, mode: safepoint, requested by thread 0x00000272ce2bef60


---------------  P R O C E S S  ---------------

Threads class SMR info:
_java_thread_list=0x00000272c9502fc0, length=37, elements={
0x00000272e6f050f0, 0x00000272e6f0c0e0, 0x00000272e6f0d730, 0x00000272e6f0e2f0,
0x00000272c5131240, 0x00000272c51351a0, 0x00000272c513ddc0, 0x00000272c522e880,
0x00000272c522e1f0, 0x00000272c52302c0, 0x00000272c522db60, 0x00000272c5230950,
0x00000272c522ef10, 0x00000272c522d4d0, 0x00000272c658dd50, 0x00000272c658e3e0,
0x00000272c65932a0, 0x00000272c6593930, 0x00000272c6593fc0, 0x00000272c658fe20,
0x00000272c6592c10, 0x00000272c6592580, 0x00000272c6591860, 0x00000272c658d030,
0x00000272c6594650, 0x00000272c658f100, 0x00000272c658f790, 0x00000272c6591ef0,
0x00000272c94388b0, 0x00000272c9439c60, 0x00000272c9437500, 0x00000272c9435ac0,
0x00000272ce2bef60, 0x00000272ce2e5360, 0x00000272ce2fa0f0, 0x00000272c943a980,
0x00000272c94395d0
}

Java Threads: ( => current thread )
  0x00000272e6f050f0 JavaThread "Reference Handler"          daemon [_thread_blocked, id=4848, stack(0x000000b2b9400000,0x000000b2b9500000) (1024K)]
  0x00000272e6f0c0e0 JavaThread "Finalizer"                  daemon [_thread_blocked, id=19552, stack(0x000000b2b9500000,0x000000b2b9600000) (1024K)]
  0x00000272e6f0d730 JavaThread "Signal Dispatcher"          daemon [_thread_blocked, id=10316, stack(0x000000b2b9600000,0x000000b2b9700000) (1024K)]
  0x00000272e6f0e2f0 JavaThread "Attach Listener"            daemon [_thread_blocked, id=16736, stack(0x000000b2b9700000,0x000000b2b9800000) (1024K)]
  0x00000272c5131240 JavaThread "Service Thread"             daemon [_thread_blocked, id=23256, stack(0x000000b2b9800000,0x000000b2b9900000) (1024K)]
  0x00000272c51351a0 JavaThread "Monitor Deflation Thread"   daemon [_thread_blocked, id=17532, stack(0x000000b2b9900000,0x000000b2b9a00000) (1024K)]
  0x00000272c513ddc0 JavaThread "C1 CompilerThread0"         daemon [_thread_blocked, id=15344, stack(0x000000b2b9a00000,0x000000b2b9b00000) (1024K)]
  0x00000272c522e880 JavaThread "Common-Cleaner"             daemon [_thread_blocked, id=12040, stack(0x000000b2b9b00000,0x000000b2b9c00000) (1024K)]
  0x00000272c522e1f0 JavaThread "Monitor Ctrl-Break"         daemon [_thread_in_native, id=5060, stack(0x000000b2b9f00000,0x000000b2ba000000) (1024K)]
  0x00000272c52302c0 JavaThread "Notification Thread"        daemon [_thread_blocked, id=21748, stack(0x000000b2ba000000,0x000000b2ba100000) (1024K)]
  0x00000272c522db60 JavaThread "RMI TCP Accept-0"           daemon [_thread_in_native, id=8, stack(0x000000b2ba100000,0x000000b2ba200000) (1024K)]
  0x00000272c5230950 JavaThread "RMI TCP Connection(1)-192.168.18.93" daemon [_thread_in_native, id=12232, stack(0x000000b2ba200000,0x000000b2ba300000) (1024K)]
  0x00000272c522ef10 JavaThread "RMI Scheduler(0)"           daemon [_thread_blocked, id=19348, stack(0x000000b2bab00000,0x000000b2bac00000) (1024K)]
  0x00000272c522d4d0 JavaThread "JMX server connection timeout 34" daemon [_thread_blocked, id=18504, stack(0x000000b2bac00000,0x000000b2bad00000) (1024K)]
  0x00000272c658dd50 JavaThread "Catalina-utility-1"                [_thread_blocked, id=7968, stack(0x000000b2bae00000,0x000000b2baf00000) (1024K)]
  0x00000272c658e3e0 JavaThread "Catalina-utility-2"                [_thread_blocked, id=22792, stack(0x000000b2bb100000,0x000000b2bb200000) (1024K)]
  0x00000272c65932a0 JavaThread "container-0"                       [_thread_blocked, id=9684, stack(0x000000b2bb200000,0x000000b2bb300000) (1024K)]
  0x00000272c6593930 JavaThread "mysql-cj-abandoned-connection-cleanup" daemon [_thread_blocked, id=5764, stack(0x000000b2bb300000,0x000000b2bb400000) (1024K)]
  0x00000272c6593fc0 JavaThread "HikariPool-1 housekeeper"   daemon [_thread_blocked, id=3548, stack(0x000000b2bb500000,0x000000b2bb600000) (1024K)]
  0x00000272c658fe20 JavaThread "http-nio-8081-exec-1"       daemon [_thread_blocked, id=18452, stack(0x000000b2bb700000,0x000000b2bb800000) (1024K)]
  0x00000272c6592c10 JavaThread "http-nio-8081-exec-2"       daemon [_thread_blocked, id=9928, stack(0x000000b2bb800000,0x000000b2bb900000) (1024K)]
  0x00000272c6592580 JavaThread "http-nio-8081-exec-3"       daemon [_thread_blocked, id=11272, stack(0x000000b2bb900000,0x000000b2bba00000) (1024K)]
  0x00000272c6591860 JavaThread "http-nio-8081-exec-4"       daemon [_thread_blocked, id=11872, stack(0x000000b2bba00000,0x000000b2bbb00000) (1024K)]
  0x00000272c658d030 JavaThread "http-nio-8081-exec-5"       daemon [_thread_blocked, id=21332, stack(0x000000b2bbb00000,0x000000b2bbc00000) (1024K)]
  0x00000272c6594650 JavaThread "http-nio-8081-exec-6"       daemon [_thread_blocked, id=8736, stack(0x000000b2bbc00000,0x000000b2bbd00000) (1024K)]
  0x00000272c658f100 JavaThread "http-nio-8081-exec-7"       daemon [_thread_blocked, id=11816, stack(0x000000b2bbd00000,0x000000b2bbe00000) (1024K)]
  0x00000272c658f790 JavaThread "http-nio-8081-exec-8"       daemon [_thread_blocked, id=2700, stack(0x000000b2bbe00000,0x000000b2bbf00000) (1024K)]
  0x00000272c6591ef0 JavaThread "http-nio-8081-exec-9"       daemon [_thread_blocked, id=14104, stack(0x000000b2bbf00000,0x000000b2bc000000) (1024K)]
  0x00000272c94388b0 JavaThread "http-nio-8081-exec-10"      daemon [_thread_blocked, id=16696, stack(0x000000b2bc000000,0x000000b2bc100000) (1024K)]
  0x00000272c9439c60 JavaThread "http-nio-8081-Poller"       daemon [_thread_in_native, id=3120, stack(0x000000b2bc100000,0x000000b2bc200000) (1024K)]
  0x00000272c9437500 JavaThread "http-nio-8081-Acceptor"     daemon [_thread_in_native, id=16496, stack(0x000000b2bc200000,0x000000b2bc300000) (1024K)]
  0x00000272c9435ac0 JavaThread "DestroyJavaVM"                     [_thread_blocked, id=10548, stack(0x000000b2b8c00000,0x000000b2b8d00000) (1024K)]
  0x00000272ce2bef60 JavaThread "C1 CompilerThread1"         daemon [_thread_blocked, id=10816, stack(0x000000b2b8900000,0x000000b2b8a00000) (1024K)]
  0x00000272ce2e5360 JavaThread "C1 CompilerThread2"         daemon [_thread_blocked, id=16176, stack(0x000000b2b8a00000,0x000000b2b8b00000) (1024K)]
  0x00000272ce2fa0f0 JavaThread "C1 CompilerThread3"         daemon [_thread_blocked, id=7252, stack(0x000000b2b8b00000,0x000000b2b8c00000) (1024K)]
  0x00000272c943a980 JavaThread "ForkJoinPool.commonPool-worker-1" daemon [_thread_blocked, id=17816, stack(0x000000b2b9e00000,0x000000b2b9f00000) (1024K)]
  0x00000272c94395d0 JavaThread "ForkJoinPool.commonPool-worker-2" daemon [_thread_blocked, id=7728, stack(0x000000b2bb600000,0x000000b2bb700000) (1024K)]
Total: 37

Other Threads:
=>0x00000272e6eea7c0 VMThread "VM Thread"                           [id=3080, stack(0x000000b2b9300000,0x000000b2b9400000) (1024K)]
  0x00000272e6ed5270 WatcherThread "VM Periodic Task Thread"        [id=4188, stack(0x000000b2b9200000,0x000000b2b9300000) (1024K)]
  0x00000272d23aae60 WorkerThread "GC Thread#0"                     [id=20740, stack(0x000000b2b8d00000,0x000000b2b8e00000) (1024K)]
  0x00000272c5b4ea20 WorkerThread "GC Thread#1"                     [id=19564, stack(0x000000b2ba300000,0x000000b2ba400000) (1024K)]
  0x00000272c5b4edd0 WorkerThread "GC Thread#2"                     [id=13244, stack(0x000000b2ba400000,0x000000b2ba500000) (1024K)]
  0x00000272c5b4f180 WorkerThread "GC Thread#3"                     [id=15832, stack(0x000000b2ba500000,0x000000b2ba600000) (1024K)]
  0x00000272c5b4f530 WorkerThread "GC Thread#4"                     [id=2184, stack(0x000000b2ba600000,0x000000b2ba700000) (1024K)]
  0x00000272c5b4f8e0 WorkerThread "GC Thread#5"                     [id=21164, stack(0x000000b2ba700000,0x000000b2ba800000) (1024K)]
  0x00000272c5bc72f0 WorkerThread "GC Thread#6"                     [id=23044, stack(0x000000b2ba800000,0x000000b2ba900000) (1024K)]
  0x00000272c5bc76a0 WorkerThread "GC Thread#7"                     [id=20336, stack(0x000000b2ba900000,0x000000b2baa00000) (1024K)]
  0x00000272c5bc7a50 WorkerThread "GC Thread#8"                     [id=23040, stack(0x000000b2baa00000,0x000000b2bab00000) (1024K)]
  0x00000272c5cbdf30 WorkerThread "GC Thread#9"                     [id=13400, stack(0x000000b2bad00000,0x000000b2bae00000) (1024K)]
  0x00000272d23bbe60 ConcurrentGCThread "G1 Main Marker"            [id=23192, stack(0x000000b2b8e00000,0x000000b2b8f00000) (1024K)]
  0x00000272d23be030 WorkerThread "G1 Conc#0"                       [id=18556, stack(0x000000b2b8f00000,0x000000b2b9000000) (1024K)]
  0x00000272c6fed2a0 WorkerThread "G1 Conc#1"                       [id=16872, stack(0x000000b2baf00000,0x000000b2bb000000) (1024K)]
  0x00000272c6fed650 WorkerThread "G1 Conc#2"                       [id=15716, stack(0x000000b2bb000000,0x000000b2bb100000) (1024K)]
  0x00000272e6d94430 ConcurrentGCThread "G1 Refine#0"               [id=20004, stack(0x000000b2b9000000,0x000000b2b9100000) (1024K)]
  0x00000272e6d94ec0 ConcurrentGCThread "G1 Service"                [id=20944, stack(0x000000b2b9100000,0x000000b2b9200000) (1024K)]
Total: 18

Threads with active compile tasks:
C1 CompilerThread1  77092 9320       1       org.apache.catalina.connector.OutputBuffer::appendByteArray (61 bytes)
Total: 1

VM state: at safepoint (normal execution)

VM Mutex/Monitor currently owned by a thread:  ([mutex/lock_event])
[0x00007ffe8e32bbb8] Threads_lock - owner thread: 0x00000272e6eea7c0
[0x00007ffe8e32bcb8] Heap_lock - owner thread: 0x00000272ce2bef60

Heap address: 0x0000000701200000, size: 4078 MB, Compressed Oops mode: Zero based, Oop shift amount: 3

CDS archive(s) mapped at: [0x0000027280000000-0x0000027280c60000-0x0000027280c60000), size 12976128, SharedBaseAddress: 0x0000027280000000, ArchiveRelocationMode: 1.
Compressed class space mapped at: 0x0000027281000000-0x00000272c1000000, reserved size: 1073741824
Narrow klass base: 0x0000027280000000, Narrow klass shift: 0, Narrow klass range: 0x41000000

GC Precious Log:
 CardTable entry size: 512
 Card Set container configuration: InlinePtr #cards 4 size 8 Array Of Cards #cards 16 size 48 Howl #buckets 8 coarsen threshold 3686 Howl Bitmap #cards 512 size 80 coarsen threshold 460 Card regions per heap region 1 cards per card region 4096
 CPUs: 12 total, 12 available
 Memory: 16310M
 Large Page Support: Disabled
 NUMA Support: Disabled
 Compressed Oops: Enabled (Zero based)
 Heap Region Size: 2M
 Heap Min Capacity: 8M
 Heap Initial Capacity: 256M
 Heap Max Capacity: 4078M
 Pre-touch: Disabled
 Parallel Workers: 10
 Concurrent Workers: 3
 Concurrent Refinement Workers: 10
 Periodic GC: Disabled

Heap:
 garbage-first heap   total reserved 4175872K, committed 108544K, used 54492K [0x0000000701200000, 0x0000000800000000)
  region size 2048K, 1 young (2048K), 1 survivors (2048K)
 Metaspace       used 83374K, committed 84480K, reserved 1179648K
  class space    used 12093K, committed 12608K, reserved 1048576K

Heap Regions: E=young(eden), S=young(survivor), O=old, HS=humongous(starts), HC=humongous(continues), CS=collection set, F=free, TAMS=top-at-mark-start, PB=parsable bottom
|   0|0x0000000701200000, 0x0000000701400000, 0x0000000701400000|100%| O|  |TAMS 0x0000000701400000| PB 0x0000000701200000| Untracked |  0
|   1|0x0000000701400000, 0x0000000701600000, 0x0000000701600000|100%| O|  |TAMS 0x0000000701600000| PB 0x0000000701400000| Untracked |  0
|   2|0x0000000701600000, 0x0000000701800000, 0x0000000701800000|100%| O|  |TAMS 0x0000000701800000| PB 0x0000000701600000| Untracked |  0
|   3|0x0000000701800000, 0x0000000701a00000, 0x0000000701a00000|100%| O|  |TAMS 0x0000000701a00000| PB 0x0000000701800000| Untracked |  0
|   4|0x0000000701a00000, 0x0000000701c00000, 0x0000000701c00000|100%| O|  |TAMS 0x0000000701c00000| PB 0x0000000701a00000| Untracked |  0
|   5|0x0000000701c00000, 0x0000000701e00000, 0x0000000701e00000|100%| O|  |TAMS 0x0000000701e00000| PB 0x0000000701c00000| Untracked |  0
|   6|0x0000000701e00000, 0x0000000702000000, 0x0000000702000000|100%| O|  |TAMS 0x0000000702000000| PB 0x0000000701e00000| Untracked |  0
|   7|0x0000000702000000, 0x0000000702200000, 0x0000000702200000|100%| O|  |TAMS 0x0000000702200000| PB 0x0000000702000000| Untracked |  0
|   8|0x0000000702200000, 0x0000000702400000, 0x0000000702400000|100%| O|  |TAMS 0x0000000702400000| PB 0x0000000702200000| Untracked |  0
|   9|0x0000000702400000, 0x0000000702600000, 0x0000000702600000|100%| O|  |TAMS 0x0000000702400000| PB 0x0000000702400000| Untracked |  0
|  10|0x0000000702600000, 0x0000000702668820, 0x0000000702800000| 20%| O|  |TAMS 0x0000000702600000| PB 0x0000000702600000| Untracked |  0
|  11|0x0000000702800000, 0x0000000702800000, 0x0000000702a00000|  0%| F|  |TAMS 0x0000000702800000| PB 0x0000000702800000| Untracked |  0
|  12|0x0000000702a00000, 0x0000000702c00000, 0x0000000702c00000|100%| O|  |TAMS 0x0000000702c00000| PB 0x0000000702a00000| Untracked |  0
|  13|0x0000000702c00000, 0x0000000702e00000, 0x0000000702e00000|100%| O|  |TAMS 0x0000000702e00000| PB 0x0000000702c00000| Untracked |  0
|  14|0x0000000702e00000, 0x0000000703000000, 0x0000000703000000|100%| O|  |TAMS 0x0000000703000000| PB 0x0000000702e00000| Untracked |  0
|  15|0x0000000703000000, 0x0000000703200000, 0x0000000703200000|100%| O|  |TAMS 0x0000000703200000| PB 0x0000000703000000| Untracked |  0
|  16|0x0000000703200000, 0x0000000703400000, 0x0000000703400000|100%| O|  |TAMS 0x0000000703400000| PB 0x0000000703200000| Untracked |  0
|  17|0x0000000703400000, 0x0000000703400000, 0x0000000703600000|  0%| F|  |TAMS 0x0000000703400000| PB 0x0000000703400000| Untracked |  0
|  18|0x0000000703600000, 0x0000000703800000, 0x0000000703800000|100%| O|  |TAMS 0x0000000703800000| PB 0x0000000703600000| Untracked |  0
|  19|0x0000000703800000, 0x0000000703a00000, 0x0000000703a00000|100%| O|  |TAMS 0x0000000703a00000| PB 0x0000000703800000| Untracked |  0
|  20|0x0000000703a00000, 0x0000000703c00000, 0x0000000703c00000|100%| O|  |TAMS 0x0000000703c00000| PB 0x0000000703a00000| Untracked |  0
|  21|0x0000000703c00000, 0x0000000703e00000, 0x0000000703e00000|100%| O|  |TAMS 0x0000000703e00000| PB 0x0000000703c00000| Untracked |  0
|  22|0x0000000703e00000, 0x0000000703e00000, 0x0000000704000000|  0%| F|  |TAMS 0x0000000703e00000| PB 0x0000000703e00000| Untracked |  0
|  23|0x0000000704000000, 0x0000000704200000, 0x0000000704200000|100%| O|  |TAMS 0x0000000704200000| PB 0x0000000704000000| Untracked |  0
|  24|0x0000000704200000, 0x0000000704400000, 0x0000000704400000|100%| O|  |TAMS 0x0000000704400000| PB 0x0000000704200000| Untracked |  0
|  25|0x0000000704400000, 0x0000000704600000, 0x0000000704600000|100%| O|  |TAMS 0x0000000704600000| PB 0x0000000704400000| Untracked |  0
|  26|0x0000000704600000, 0x0000000704800000, 0x0000000704800000|100%| O|  |TAMS 0x0000000704800000| PB 0x0000000704600000| Untracked |  0
|  27|0x0000000704800000, 0x0000000704a00000, 0x0000000704a00000|100%| O|  |TAMS 0x0000000704a00000| PB 0x0000000704800000| Untracked |  0
|  28|0x0000000704a00000, 0x0000000704a00000, 0x0000000704c00000|  0%| F|  |TAMS 0x0000000704a00000| PB 0x0000000704a00000| Untracked |  0
|  29|0x0000000704c00000, 0x0000000704c00000, 0x0000000704e00000|  0%| F|  |TAMS 0x0000000704c00000| PB 0x0000000704c00000| Untracked |  0
|  30|0x0000000704e00000, 0x0000000704e00000, 0x0000000705000000|  0%| F|  |TAMS 0x0000000704e00000| PB 0x0000000704e00000| Untracked |  0
|  31|0x0000000705000000, 0x0000000705000000, 0x0000000705200000|  0%| F|  |TAMS 0x0000000705000000| PB 0x0000000705000000| Untracked |  0
|  32|0x0000000705200000, 0x0000000705200000, 0x0000000705400000|  0%| F|  |TAMS 0x0000000705200000| PB 0x0000000705200000| Untracked |  0
|  33|0x0000000705400000, 0x0000000705400000, 0x0000000705600000|  0%| F|  |TAMS 0x0000000705400000| PB 0x0000000705400000| Untracked |  0
|  34|0x0000000705600000, 0x0000000705600000, 0x0000000705800000|  0%| F|  |TAMS 0x0000000705600000| PB 0x0000000705600000| Untracked |  0
|  35|0x0000000705800000, 0x0000000705800000, 0x0000000705a00000|  0%| F|  |TAMS 0x0000000705800000| PB 0x0000000705800000| Untracked |  0
|  36|0x0000000705a00000, 0x0000000705a00000, 0x0000000705c00000|  0%| F|  |TAMS 0x0000000705a00000| PB 0x0000000705a00000| Untracked |  0
|  37|0x0000000705c00000, 0x0000000705c00000, 0x0000000705e00000|  0%| F|  |TAMS 0x0000000705c00000| PB 0x0000000705c00000| Untracked |  0
|  38|0x0000000705e00000, 0x0000000705e00000, 0x0000000706000000|  0%| F|  |TAMS 0x0000000705e00000| PB 0x0000000705e00000| Untracked |  0
|  39|0x0000000706000000, 0x0000000706000000, 0x0000000706200000|  0%| F|  |TAMS 0x0000000706000000| PB 0x0000000706000000| Untracked |  0
|  40|0x0000000706200000, 0x0000000706200000, 0x0000000706400000|  0%| F|  |TAMS 0x0000000706200000| PB 0x0000000706200000| Untracked |  0
|  41|0x0000000706400000, 0x00000007064ce900, 0x0000000706600000| 40%| S|CS|TAMS 0x0000000706400000| PB 0x0000000706400000| Complete |  0
|  42|0x0000000706600000, 0x0000000706600000, 0x0000000706800000|  0%| F|  |TAMS 0x0000000706600000| PB 0x0000000706600000| Untracked |  0
|  43|0x0000000706800000, 0x0000000706800000, 0x0000000706a00000|  0%| F|  |TAMS 0x0000000706800000| PB 0x0000000706800000| Untracked |  0
|  44|0x0000000706a00000, 0x0000000706a00000, 0x0000000706c00000|  0%| F|  |TAMS 0x0000000706a00000| PB 0x0000000706a00000| Untracked |  0
|  45|0x0000000706c00000, 0x0000000706c00000, 0x0000000706e00000|  0%| F|  |TAMS 0x0000000706c00000| PB 0x0000000706c00000| Untracked |  0
|  46|0x0000000706e00000, 0x0000000706e00000, 0x0000000707000000|  0%| F|  |TAMS 0x0000000706e00000| PB 0x0000000706e00000| Untracked |  0
|  47|0x0000000707000000, 0x0000000707000000, 0x0000000707200000|  0%| F|  |TAMS 0x0000000707000000| PB 0x0000000707000000| Untracked |  0
|  48|0x0000000707200000, 0x0000000707200000, 0x0000000707400000|  0%| F|  |TAMS 0x0000000707200000| PB 0x0000000707200000| Untracked |  0
|  49|0x0000000707400000, 0x0000000707400000, 0x0000000707600000|  0%| F|  |TAMS 0x0000000707400000| PB 0x0000000707400000| Untracked |  0
| 127|0x0000000711000000, 0x0000000711000000, 0x0000000711200000|  0%| F|  |TAMS 0x0000000711000000| PB 0x0000000711000000| Untracked |  0
|2037|0x00000007ffc00000, 0x00000007ffe00000, 0x00000007ffe00000|100%| O|  |TAMS 0x00000007ffc7a440| PB 0x00000007ffc00000| Untracked |  0
|2038|0x00000007ffe00000, 0x0000000800000000, 0x0000000800000000|100%| O|  |TAMS 0x0000000800000000| PB 0x00000007ffe00000| Untracked |  0

Card table byte_map: [0x00000272e0190000,0x00000272e0990000] _byte_map_base: 0x00000272dc987000

Marking Bits: (CMBitMap*) 0x00000272d23ab480
 Bits: [0x00000272e0990000, 0x00000272e4948000)

Polling page: 0x00000272d2400000

Metaspace:

Usage:
  Non-class:     69.61 MB used.
      Class:     11.81 MB used.
       Both:     81.42 MB used.

Virtual space:
  Non-class space:      128.00 MB reserved,      70.19 MB ( 55%) committed,  2 nodes.
      Class space:        1.00 GB reserved,      12.31 MB (  1%) committed,  1 nodes.
             Both:        1.12 GB reserved,      82.50 MB (  7%) committed. 

Chunk freelists:
   Non-Class:  9.33 MB
       Class:  3.67 MB
        Both:  13.00 MB

MaxMetaspaceSize: unlimited
CompressedClassSpaceSize: 1.00 GB
Initial GC threshold: 21.00 MB
Current GC threshold: 131.19 MB
CDS: on
 - commit_granule_bytes: 65536.
 - commit_granule_words: 8192.
 - virtual_space_node_default_size: 8388608.
 - enlarge_chunks_in_place: 1.
 - use_allocation_guard: 0.


Internal statistics:

num_allocs_failed_limit: 9.
num_arena_births: 2076.
num_arena_deaths: 398.
num_vsnodes_births: 3.
num_vsnodes_deaths: 0.
num_space_committed: 1320.
num_space_uncommitted: 0.
num_chunks_returned_to_freelist: 449.
num_chunks_taken_from_freelist: 5302.
num_chunk_merges: 111.
num_chunk_splits: 3646.
num_chunks_enlarged: 2751.
num_inconsistent_stats: 0.

CodeCache: size=49152Kb used=18838Kb max_used=18838Kb free=30313Kb
 bounds [0x00000272dbe70000, 0x00000272dd0e0000, 0x00000272dee70000]
 total_blobs=10237 nmethods=9222 adapters=934
 compilation: enabled
              stopped_count=0, restarted_count=0
 full_count=0

Compilation events (20 events):
Event: 77.029 Thread 0x00000272ce2fa0f0 nmethod 9310 0x00000272dd0d1790 code [0x00000272dd0d1a00, 0x00000272dd0d2160]
Event: 77.029 Thread 0x00000272ce2bef60 9311       1       org.apache.catalina.connector.OutputBuffer::write (16 bytes)
Event: 77.029 Thread 0x00000272ce2bef60 nmethod 9311 0x00000272dd0d2690 code [0x00000272dd0d2840, 0x00000272dd0d2958]
Event: 77.029 Thread 0x00000272ce2fa0f0 9312   !   1       org.apache.catalina.connector.CoyoteOutputStream::write (43 bytes)
Event: 77.030 Thread 0x00000272ce2e5360 9313       1       org.springframework.security.web.util.OnCommittedResponseWrapper$SaveContextServletOutputStream::write (20 bytes)
Event: 77.030 Thread 0x00000272ce2e5360 nmethod 9313 0x00000272dd0d2a10 code [0x00000272dd0d2bc0, 0x00000272dd0d2d20]
Event: 77.030 Thread 0x00000272c513ddc0 9314       1       org.apache.catalina.connector.OutputBuffer::append (70 bytes)
Event: 77.030 Thread 0x00000272ce2fa0f0 nmethod 9312 0x00000272dd0d2e10 code [0x00000272dd0d2fe0, 0x00000272dd0d3230]
Event: 77.030 Thread 0x00000272c513ddc0 nmethod 9314 0x00000272dd0d3410 code [0x00000272dd0d3600, 0x00000272dd0d38b8]
Event: 77.031 Thread 0x00000272c513ddc0 9315       1       org.springframework.web.servlet.mvc.method.RequestMappingInfoHandlerMapping$PartialMatchHelper::<init> (80 bytes)
Event: 77.031 Thread 0x00000272ce2fa0f0 9316       1       org.springframework.web.servlet.FrameworkServlet::getWebApplicationContext (5 bytes)
Event: 77.031 Thread 0x00000272ce2bef60 9317       1       org.springframework.http.MediaType::parseMediaTypes (82 bytes)
Event: 77.031 Thread 0x00000272ce2fa0f0 nmethod 9316 0x00000272dd0d3a90 code [0x00000272dd0d3c20, 0x00000272dd0d3cf0]
Event: 77.031 Thread 0x00000272ce2e5360 9318       1       org.springframework.web.servlet.mvc.condition.AbstractMediaTypeExpression::isNegated (5 bytes)
Event: 77.031 Thread 0x00000272c513ddc0 nmethod 9315 0x00000272dd0d3d90 code [0x00000272dd0d3fa0, 0x00000272dd0d4468]
Event: 77.031 Thread 0x00000272ce2e5360 nmethod 9318 0x00000272dd0d4690 code [0x00000272dd0d4820, 0x00000272dd0d48f0]
Event: 77.031 Thread 0x00000272ce2fa0f0 9319       1       org.apache.catalina.connector.RequestFacade::getHeaders (35 bytes)
Event: 77.031 Thread 0x00000272ce2fa0f0 nmethod 9319 0x00000272dd0d4990 code [0x00000272dd0d4b60, 0x00000272dd0d4dd0]
Event: 77.032 Thread 0x00000272ce2bef60 nmethod 9317 0x00000272dd0d4f90 code [0x00000272dd0d51e0, 0x00000272dd0d5780]
Event: 77.032 Thread 0x00000272ce2bef60 9320       1       org.apache.catalina.connector.OutputBuffer::appendByteArray (61 bytes)

GC Heap History (20 events):
Event: 1.871 GC heap after
{Heap after GC invocations=7 (full 0):
 garbage-first heap   total reserved 4175872K, committed 161792K, used 26203K [0x0000000701200000, 0x0000000800000000)
  region size 2048K, 4 young (8192K), 4 survivors (8192K)
 Metaspace       used 35547K, committed 36096K, reserved 1114112K
  class space    used 4916K, committed 5184K, reserved 1048576K
}
Event: 2.399 GC heap before
{Heap before GC invocations=8 (full 0):
 garbage-first heap   total reserved 4175872K, committed 96256K, used 75355K [0x0000000701200000, 0x0000000800000000)
  region size 2048K, 28 young (57344K), 4 survivors (8192K)
 Metaspace       used 46309K, committed 46912K, reserved 1114112K
  class space    used 6507K, committed 6784K, reserved 1048576K
}
Event: 2.403 GC heap after
{Heap after GC invocations=9 (full 0):
 garbage-first heap   total reserved 4175872K, committed 96256K, used 29414K [0x0000000701200000, 0x0000000800000000)
  region size 2048K, 2 young (4096K), 2 survivors (4096K)
 Metaspace       used 46309K, committed 46912K, reserved 1114112K
  class space    used 6507K, committed 6784K, reserved 1048576K
}
Event: 2.936 GC heap before
{Heap before GC invocations=9 (full 0):
 garbage-first heap   total reserved 4175872K, committed 96256K, used 74470K [0x0000000701200000, 0x0000000800000000)
  region size 2048K, 25 young (51200K), 2 survivors (4096K)
 Metaspace       used 57239K, committed 57920K, reserved 1114112K
  class space    used 8200K, committed 8512K, reserved 1048576K
}
Event: 2.941 GC heap after
{Heap after GC invocations=10 (full 0):
 garbage-first heap   total reserved 4175872K, committed 96256K, used 32184K [0x0000000701200000, 0x0000000800000000)
  region size 2048K, 4 young (8192K), 4 survivors (8192K)
 Metaspace       used 57239K, committed 57920K, reserved 1114112K
  class space    used 8200K, committed 8512K, reserved 1048576K
}
Event: 3.080 GC heap before
{Heap before GC invocations=10 (full 0):
 garbage-first heap   total reserved 4175872K, committed 96256K, used 48568K [0x0000000701200000, 0x0000000800000000)
  region size 2048K, 13 young (26624K), 4 survivors (8192K)
 Metaspace       used 59714K, committed 60416K, reserved 1114112K
  class space    used 8568K, committed 8896K, reserved 1048576K
}
Event: 3.084 GC heap after
{Heap after GC invocations=11 (full 0):
 garbage-first heap   total reserved 4175872K, committed 96256K, used 32690K [0x0000000701200000, 0x0000000800000000)
  region size 2048K, 2 young (4096K), 2 survivors (4096K)
 Metaspace       used 59714K, committed 60416K, reserved 1114112K
  class space    used 8568K, committed 8896K, reserved 1048576K
}
Event: 3.849 GC heap before
{Heap before GC invocations=12 (full 0):
 garbage-first heap   total reserved 4175872K, committed 96256K, used 81842K [0x0000000701200000, 0x0000000800000000)
  region size 2048K, 26 young (53248K), 2 survivors (4096K)
 Metaspace       used 65918K, committed 66624K, reserved 1114112K
  class space    used 9532K, committed 9856K, reserved 1048576K
}
Event: 3.853 GC heap after
{Heap after GC invocations=13 (full 0):
 garbage-first heap   total reserved 4175872K, committed 96256K, used 36864K [0x0000000701200000, 0x0000000800000000)
  region size 2048K, 4 young (8192K), 4 survivors (8192K)
 Metaspace       used 65918K, committed 66624K, reserved 1114112K
  class space    used 9532K, committed 9856K, reserved 1048576K
}
Event: 4.110 GC heap before
{Heap before GC invocations=13 (full 0):
 garbage-first heap   total reserved 4175872K, committed 96256K, used 79872K [0x0000000701200000, 0x0000000800000000)
  region size 2048K, 25 young (51200K), 4 survivors (8192K)
 Metaspace       used 69051K, committed 69824K, reserved 1114112K
  class space    used 10016K, committed 10368K, reserved 1048576K
}
Event: 4.115 GC heap after
{Heap after GC invocations=14 (full 0):
 garbage-first heap   total reserved 4175872K, committed 96256K, used 40100K [0x0000000701200000, 0x0000000800000000)
  region size 2048K, 2 young (4096K), 2 survivors (4096K)
 Metaspace       used 69051K, committed 69824K, reserved 1114112K
  class space    used 10016K, committed 10368K, reserved 1048576K
}
Event: 11.685 GC heap before
{Heap before GC invocations=14 (full 0):
 garbage-first heap   total reserved 4175872K, committed 96256K, used 83108K [0x0000000701200000, 0x0000000800000000)
  region size 2048K, 23 young (47104K), 2 survivors (4096K)
 Metaspace       used 73742K, committed 74624K, reserved 1114112K
  class space    used 10733K, committed 11072K, reserved 1048576K
}
Event: 11.689 GC heap after
{Heap after GC invocations=15 (full 0):
 garbage-first heap   total reserved 4175872K, committed 96256K, used 43781K [0x0000000701200000, 0x0000000800000000)
  region size 2048K, 2 young (4096K), 2 survivors (4096K)
 Metaspace       used 73742K, committed 74624K, reserved 1114112K
  class space    used 10733K, committed 11072K, reserved 1048576K
}
Event: 74.979 GC heap before
{Heap before GC invocations=15 (full 0):
 garbage-first heap   total reserved 4175872K, committed 96256K, used 82693K [0x0000000701200000, 0x0000000800000000)
  region size 2048K, 22 young (45056K), 2 survivors (4096K)
 Metaspace       used 79323K, committed 80256K, reserved 1179648K
  class space    used 11513K, committed 11904K, reserved 1048576K
}
Event: 74.984 GC heap after
{Heap after GC invocations=16 (full 0):
 garbage-first heap   total reserved 4175872K, committed 96256K, used 48717K [0x0000000701200000, 0x0000000800000000)
  region size 2048K, 3 young (6144K), 3 survivors (6144K)
 Metaspace       used 79323K, committed 80256K, reserved 1179648K
  class space    used 11513K, committed 11904K, reserved 1048576K
}
Event: 75.296 GC heap before
{Heap before GC invocations=17 (full 0):
 garbage-first heap   total reserved 4175872K, committed 96256K, used 81485K [0x0000000701200000, 0x0000000800000000)
  region size 2048K, 19 young (38912K), 3 survivors (6144K)
 Metaspace       used 82455K, committed 83328K, reserved 1179648K
  class space    used 11905K, committed 12288K, reserved 1048576K
}
Event: 75.301 GC heap after
{Heap after GC invocations=18 (full 0):
 garbage-first heap   total reserved 4175872K, committed 96256K, used 53438K [0x0000000701200000, 0x0000000800000000)
  region size 2048K, 3 young (6144K), 3 survivors (6144K)
 Metaspace       used 82455K, committed 83328K, reserved 1179648K
  class space    used 11905K, committed 12288K, reserved 1048576K
}
Event: 75.441 GC heap before
{Heap before GC invocations=18 (full 0):
 garbage-first heap   total reserved 4175872K, committed 96256K, used 82110K [0x0000000701200000, 0x0000000800000000)
  region size 2048K, 17 young (34816K), 3 survivors (6144K)
 Metaspace       used 82952K, committed 83968K, reserved 1179648K
  class space    used 12018K, committed 12480K, reserved 1048576K
}
Event: 75.447 GC heap after
{Heap after GC invocations=19 (full 0):
 garbage-first heap   total reserved 4175872K, committed 100352K, used 53240K [0x0000000701200000, 0x0000000800000000)
  region size 2048K, 2 young (4096K), 2 survivors (4096K)
 Metaspace       used 82952K, committed 83968K, reserved 1179648K
  class space    used 12018K, committed 12480K, reserved 1048576K
}
Event: 77.032 GC heap before
{Heap before GC invocations=19 (full 0):
 garbage-first heap   total reserved 4175872K, committed 100352K, used 61432K [0x0000000701200000, 0x0000000800000000)
  region size 2048K, 7 young (14336K), 2 survivors (4096K)
 Metaspace       used 83374K, committed 84480K, reserved 1179648K
  class space    used 12093K, committed 12608K, reserved 1048576K
}

Dll operation events (13 events):
Event: 0.006 Loaded shared library C:\Program Files\Java\jdk-22\bin\java.dll
Event: 0.089 Loaded shared library C:\Program Files\Java\jdk-22\bin\zip.dll
Event: 0.091 Loaded shared library C:\Program Files\Java\jdk-22\bin\instrument.dll
Event: 0.093 Loaded shared library C:\Program Files\Java\jdk-22\bin\net.dll
Event: 0.094 Loaded shared library C:\Program Files\Java\jdk-22\bin\nio.dll
Event: 0.095 Loaded shared library C:\Program Files\Java\jdk-22\bin\zip.dll
Event: 0.131 Loaded shared library C:\Program Files\Java\jdk-22\bin\jimage.dll
Event: 0.156 Loaded shared library C:\Program Files\JetBrains\IntelliJ IDEA 2024.1.4\bin\breakgen64.dll
Event: 0.160 Loaded shared library C:\Program Files\Java\jdk-22\bin\extnet.dll
Event: 0.165 Loaded shared library C:\Program Files\Java\jdk-22\bin\management.dll
Event: 0.172 Loaded shared library C:\Program Files\Java\jdk-22\bin\management_ext.dll
Event: 0.324 Loaded shared library C:\Program Files\Java\jdk-22\bin\verify.dll
Event: 0.844 Loaded shared library C:\Program Files\Java\jdk-22\bin\sunmscapi.dll

Deoptimization events (20 events):
Event: 3.567 Thread 0x00000272d210faa0 DEOPT PACKING pc=0x00000272dc51efba sp=0x000000b2b8cfc580
Event: 3.567 Thread 0x00000272d210faa0 DEOPT UNPACKING pc=0x00000272dbec4e42 sp=0x000000b2b8cfbac8 mode 3
Event: 3.624 Thread 0x00000272d210faa0 DEOPT PACKING pc=0x00000272dc5c2a3c sp=0x000000b2b8cfca60
Event: 3.624 Thread 0x00000272d210faa0 DEOPT UNPACKING pc=0x00000272dbec4e42 sp=0x000000b2b8cfbfb8 mode 0
Event: 4.079 Thread 0x00000272d210faa0 DEOPT PACKING pc=0x00000272dc3e7214 sp=0x000000b2b8cfb310
Event: 4.079 Thread 0x00000272d210faa0 DEOPT UNPACKING pc=0x00000272dbec4e42 sp=0x000000b2b8cfa848 mode 0
Event: 4.079 Thread 0x00000272d210faa0 DEOPT PACKING pc=0x00000272dc3e5b44 sp=0x000000b2b8cfb420
Event: 4.079 Thread 0x00000272d210faa0 DEOPT UNPACKING pc=0x00000272dbec4e42 sp=0x000000b2b8cfa8d8 mode 0
Event: 4.235 Thread 0x00000272d210faa0 DEOPT PACKING pc=0x00000272dcb89e04 sp=0x000000b2b8cfe4e0
Event: 4.235 Thread 0x00000272d210faa0 DEOPT UNPACKING pc=0x00000272dbec4e42 sp=0x000000b2b8cfda88 mode 0
Event: 11.980 Thread 0x00000272c5230950 DEOPT PACKING pc=0x00000272dca934bc sp=0x000000b2ba2fecf0
Event: 11.980 Thread 0x00000272c5230950 DEOPT UNPACKING pc=0x00000272dbec4e42 sp=0x000000b2ba2fe188 mode 0
Event: 77.003 Thread 0x00000272c658f100 DEOPT PACKING pc=0x00000272dd0364fc sp=0x000000b2bbdfa020
Event: 77.003 Thread 0x00000272c658f100 DEOPT UNPACKING pc=0x00000272dbec4e42 sp=0x000000b2bbdf9618 mode 0
Event: 77.003 Thread 0x00000272c658f100 DEOPT PACKING pc=0x00000272dd035fbc sp=0x000000b2bbdfa230
Event: 77.003 Thread 0x00000272c658f100 DEOPT UNPACKING pc=0x00000272dbec4e42 sp=0x000000b2bbdf97b8 mode 0
Event: 77.024 Thread 0x00000272c658f100 DEOPT PACKING pc=0x00000272dd035fbc sp=0x000000b2bbdfa440
Event: 77.024 Thread 0x00000272c658f100 DEOPT UNPACKING pc=0x00000272dbec4e42 sp=0x000000b2bbdf99c8 mode 0
Event: 77.024 Thread 0x00000272c658f100 DEOPT PACKING pc=0x00000272dd02e99c sp=0x000000b2bbdfa7e0
Event: 77.024 Thread 0x00000272c658f100 DEOPT UNPACKING pc=0x00000272dbec4e42 sp=0x000000b2bbdf9c90 mode 0

Classes loaded (20 events):
Event: 75.386 Loading class java/lang/SystemCustomizer
Event: 75.386 Loading class java/lang/SystemCustomizer done
Event: 75.437 Loading class java/util/Collections$UnmodifiableRandomAccessListBeanInfo
Event: 75.437 Loading class java/util/Collections$UnmodifiableRandomAccessListBeanInfo done
Event: 75.437 Loading class java/util/Collections$UnmodifiableRandomAccessListBeanInfo
Event: 75.437 Loading class java/util/Collections$UnmodifiableRandomAccessListBeanInfo done
Event: 75.437 Loading class java/util/Collections$UnmodifiableListBeanInfo
Event: 75.437 Loading class java/util/Collections$UnmodifiableListBeanInfo done
Event: 75.437 Loading class java/util/Collections$UnmodifiableListBeanInfo
Event: 75.437 Loading class java/util/Collections$UnmodifiableListBeanInfo done
Event: 75.437 Loading class java/util/Collections$UnmodifiableListCustomizer
Event: 75.437 Loading class java/util/Collections$UnmodifiableListCustomizer done
Event: 75.438 Loading class java/util/Collections$UnmodifiableListCustomizer
Event: 75.438 Loading class java/util/Collections$UnmodifiableListCustomizer done
Event: 75.438 Loading class java/util/Collections$UnmodifiableRandomAccessListCustomizer
Event: 75.438 Loading class java/util/Collections$UnmodifiableRandomAccessListCustomizer done
Event: 75.438 Loading class java/util/Collections$UnmodifiableRandomAccessListCustomizer
Event: 75.438 Loading class java/util/Collections$UnmodifiableRandomAccessListCustomizer done
Event: 76.970 Loading class java/util/function/LongSupplier
Event: 76.970 Loading class java/util/function/LongSupplier done

Classes unloaded (20 events):
Event: 75.001 Thread 0x00000272e6eea7c0 Unloading class 0x000002728100cc00 'java/lang/invoke/LambdaForm$MH+0x000002728100cc00'
Event: 75.001 Thread 0x00000272e6eea7c0 Unloading class 0x000002728100c800 'java/lang/invoke/LambdaForm$DMH+0x000002728100c800'
Event: 75.001 Thread 0x00000272e6eea7c0 Unloading class 0x000002728100c400 'java/lang/invoke/LambdaForm$DMH+0x000002728100c400'
Event: 75.001 Thread 0x00000272e6eea7c0 Unloading class 0x000002728100b800 'java/lang/invoke/LambdaForm$MH+0x000002728100b800'
Event: 75.001 Thread 0x00000272e6eea7c0 Unloading class 0x000002728100ac00 'java/lang/invoke/LambdaForm$MH+0x000002728100ac00'
Event: 75.001 Thread 0x00000272e6eea7c0 Unloading class 0x000002728100a800 'java/lang/invoke/LambdaForm$MH+0x000002728100a800'
Event: 75.001 Thread 0x00000272e6eea7c0 Unloading class 0x000002728100a400 'java/lang/invoke/LambdaForm$MH+0x000002728100a400'
Event: 75.001 Thread 0x00000272e6eea7c0 Unloading class 0x0000027281009c00 'java/lang/invoke/LambdaForm$MH+0x0000027281009c00'
Event: 75.001 Thread 0x00000272e6eea7c0 Unloading class 0x0000027281009000 'java/lang/invoke/LambdaForm$MH+0x0000027281009000'
Event: 75.001 Thread 0x00000272e6eea7c0 Unloading class 0x0000027281007c00 'java/lang/invoke/LambdaForm$MH+0x0000027281007c00'
Event: 75.001 Thread 0x00000272e6eea7c0 Unloading class 0x0000027281007800 'java/lang/invoke/LambdaForm$MH+0x0000027281007800'
Event: 75.001 Thread 0x00000272e6eea7c0 Unloading class 0x0000027281007000 'java/lang/invoke/LambdaForm$MH+0x0000027281007000'
Event: 75.001 Thread 0x00000272e6eea7c0 Unloading class 0x0000027281006800 'java/lang/invoke/LambdaForm$MH+0x0000027281006800'
Event: 75.001 Thread 0x00000272e6eea7c0 Unloading class 0x0000027281006000 'java/lang/invoke/LambdaForm$MH+0x0000027281006000'
Event: 75.001 Thread 0x00000272e6eea7c0 Unloading class 0x0000027281005800 'java/lang/invoke/LambdaForm$MH+0x0000027281005800'
Event: 75.001 Thread 0x00000272e6eea7c0 Unloading class 0x0000027281005000 'java/lang/invoke/LambdaForm$MH+0x0000027281005000'
Event: 75.001 Thread 0x00000272e6eea7c0 Unloading class 0x0000027281003400 'java/lang/invoke/LambdaForm$MH+0x0000027281003400'
Event: 75.001 Thread 0x00000272e6eea7c0 Unloading class 0x0000027281003000 'java/lang/invoke/LambdaForm$MH+0x0000027281003000'
Event: 75.001 Thread 0x00000272e6eea7c0 Unloading class 0x0000027281002c00 'java/lang/invoke/LambdaForm$MH+0x0000027281002c00'
Event: 75.001 Thread 0x00000272e6eea7c0 Unloading class 0x0000027281002400 'java/lang/invoke/LambdaForm$MH+0x0000027281002400'

Classes redefined (0 events):
No events

Internal exceptions (20 events):
Event: 75.429 Thread 0x00000272c6592580 Exception <a 'java/lang/NoSuchMethodError'{0x00000007054602e0}: 'int java.lang.invoke.DirectMethodHandle$Holder.invokeSpecial(java.lang.Object, java.lang.Object, java.lang.Object, java.lang.Object, java.lang.Object, java.lang.Object, java.lang.Object)'> (0x00000007054602e0) 
thrown [s\open\src\hotspot\share\interpreter\linkResolver.cpp, line 774]
Event: 75.434 Thread 0x00000272c6592580 Exception <a 'java/lang/ClassNotFoundException'{0x0000000705527b08}: org/thymeleaf/engine/ElementModelStructureHandlerBeanInfo> (0x0000000705527b08) 
thrown [s\open\src\hotspot\share\classfile\systemDictionary.cpp, line 313]
Event: 75.435 Thread 0x00000272c6592580 Exception <a 'java/lang/ClassNotFoundException'{0x0000000705530cc8}: org/thymeleaf/engine/ElementModelStructureHandlerCustomizer> (0x0000000705530cc8) 
thrown [s\open\src\hotspot\share\classfile\systemDictionary.cpp, line 313]
Event: 75.435 Thread 0x00000272c6592580 Exception <a 'java/lang/NoSuchMethodError'{0x00000007055449b0}: 'void java.lang.invoke.DirectMethodHandle$Holder.invokeStaticInit(java.lang.Object, java.lang.Object, java.lang.Object, java.lang.Object, int)'> (0x00000007055449b0) 
thrown [s\open\src\hotspot\share\interpreter\linkResolver.cpp, line 774]
Event: 75.435 Thread 0x00000272c6592580 Exception <a 'java/lang/NoSuchMethodError'{0x000000070554bed8}: 'void java.lang.invoke.DelegatingMethodHandle$Holder.reinvoke_L(java.lang.Object, java.lang.Object, java.lang.Object, java.lang.Object, int)'> (0x000000070554bed8) 
thrown [s\open\src\hotspot\share\interpreter\linkResolver.cpp, line 774]
Event: 75.437 Thread 0x00000272c6592580 Exception <a 'java/lang/ClassNotFoundException'{0x0000000705581480}: java/util/Collections$UnmodifiableRandomAccessListBeanInfo> (0x0000000705581480) 
thrown [s\open\src\hotspot\share\classfile\systemDictionary.cpp, line 313]
Event: 75.437 Thread 0x00000272c6592580 Exception <a 'java/lang/ClassNotFoundException'{0x0000000705585a28}: java/util/Collections$UnmodifiableListBeanInfo> (0x0000000705585a28) 
thrown [s\open\src\hotspot\share\classfile\systemDictionary.cpp, line 313]
Event: 75.438 Thread 0x00000272c6592580 Exception <a 'java/lang/ClassNotFoundException'{0x0000000705589ce8}: java/util/Collections$UnmodifiableListCustomizer> (0x0000000705589ce8) 
thrown [s\open\src\hotspot\share\classfile\systemDictionary.cpp, line 313]
Event: 75.438 Thread 0x00000272c6592580 Exception <a 'java/lang/ClassNotFoundException'{0x00000007055cb598}: java/util/Collections$UnmodifiableRandomAccessListCustomizer> (0x00000007055cb598) 
thrown [s\open\src\hotspot\share\classfile\systemDictionary.cpp, line 313]
Event: 75.464 Thread 0x00000272c6592580 Exception <a 'java/lang/NoSuchMethodError'{0x0000000711112e50}: 'java.lang.Object java.lang.invoke.Invokers$Holder.linkToCallSite(java.lang.Object, java.lang.Object, int, java.lang.Object)'> (0x0000000711112e50) 
thrown [s\open\src\hotspot\share\interpreter\linkResolver.cpp, line 774]
Event: 75.466 Thread 0x00000272c6592580 Exception <a 'java/lang/ClassNotFoundException'{0x000000071112b090}: org/thymeleaf/engine/ElementTagStructureHandlerBeanInfo> (0x000000071112b090) 
thrown [s\open\src\hotspot\share\classfile\systemDictionary.cpp, line 313]
Event: 75.467 Thread 0x00000272c6592580 Exception <a 'java/lang/ClassNotFoundException'{0x00000007111341e0}: org/thymeleaf/engine/ElementTagStructureHandlerCustomizer> (0x00000007111341e0) 
thrown [s\open\src\hotspot\share\classfile\systemDictionary.cpp, line 313]
Event: 75.467 Thread 0x00000272c6592580 Exception <a 'java/lang/NoSuchMethodError'{0x0000000711148520}: 'void java.lang.invoke.DirectMethodHandle$Holder.invokeInterface(java.lang.Object, java.lang.Object, java.lang.Object, int)'> (0x0000000711148520) 
thrown [s\open\src\hotspot\share\interpreter\linkResolver.cpp, line 774]
Event: 75.467 Thread 0x00000272c6592580 Exception <a 'java/lang/NoSuchMethodError'{0x000000071114c880}: 'void java.lang.invoke.DirectMethodHandle$Holder.invokeSpecial(java.lang.Object, java.lang.Object, java.lang.Object, java.lang.Object, int)'> (0x000000071114c880) 
thrown [s\open\src\hotspot\share\interpreter\linkResolver.cpp, line 774]
Event: 75.467 Thread 0x00000272c6592580 Exception <a 'java/lang/NoSuchMethodError'{0x0000000711150588}: 'void java.lang.invoke.DelegatingMethodHandle$Holder.reinvoke_L(java.lang.Object, java.lang.Object, java.lang.Object, int)'> (0x0000000711150588) 
thrown [s\open\src\hotspot\share\interpreter\linkResolver.cpp, line 774]
Event: 75.468 Thread 0x00000272c6592580 Exception <a 'java/lang/NoSuchMethodError'{0x000000071115a2c0}: 'java.lang.Object java.lang.invoke.DelegatingMethodHandle$Holder.delegate(java.lang.Object, java.lang.Object, java.lang.Object, java.lang.Object, int)'> (0x000000071115a2c0) 
thrown [s\open\src\hotspot\share\interpreter\linkResolver.cpp, line 774]
Event: 75.468 Thread 0x00000272c6592580 Exception <a 'java/lang/NoSuchMethodError'{0x0000000711169968}: 'int java.lang.invoke.DirectMethodHandle$Holder.invokeSpecial(java.lang.Object, java.lang.Object, java.lang.Object, java.lang.Object, int)'> (0x0000000711169968) 
thrown [s\open\src\hotspot\share\interpreter\linkResolver.cpp, line 774]
Event: 76.961 Thread 0x00000272c658f100 Exception <a 'java/lang/NoSuchMethodError'{0x0000000707536fe8}: 'java.lang.Object java.lang.invoke.DirectMethodHandle$Holder.invokeVirtual(java.lang.Object, java.lang.Object, int, java.lang.Object, java.lang.Object)'> (0x0000000707536fe8) 
thrown [s\open\src\hotspot\share\interpreter\linkResolver.cpp, line 774]
Event: 76.962 Thread 0x00000272c658f100 Exception <a 'java/lang/NoSuchMethodError'{0x000000070753ac38}: 'java.lang.Object java.lang.invoke.DelegatingMethodHandle$Holder.reinvoke_L(java.lang.Object, java.lang.Object, int, java.lang.Object, java.lang.Object)'> (0x000000070753ac38) 
thrown [s\open\src\hotspot\share\interpreter\linkResolver.cpp, line 774]
Event: 76.965 Thread 0x00000272c658f100 Exception <a 'java/lang/IncompatibleClassChangeError'{0x000000070757fb50}: Found class java.lang.Object, but interface was expected> (0x000000070757fb50) 
thrown [s\open\src\hotspot\share\interpreter\linkResolver.cpp, line 841]

ZGC Phase Switch (0 events):
No events

VM Operations (20 events):
Event: 75.276 Executing VM operation: HandshakeAllThreads (Deoptimize) done
Event: 75.276 Executing VM operation: HandshakeAllThreads (Deoptimize)
Event: 75.277 Executing VM operation: HandshakeAllThreads (Deoptimize) done
Event: 75.277 Executing VM operation: HandshakeAllThreads (Deoptimize)
Event: 75.277 Executing VM operation: HandshakeAllThreads (Deoptimize) done
Event: 75.278 Executing VM operation: HandshakeAllThreads (Deoptimize)
Event: 75.278 Executing VM operation: HandshakeAllThreads (Deoptimize) done
Event: 75.279 Executing VM operation: HandshakeAllThreads (Deoptimize)
Event: 75.279 Executing VM operation: HandshakeAllThreads (Deoptimize) done
Event: 75.281 Executing VM operation: HandshakeAllThreads (Deoptimize)
Event: 75.281 Executing VM operation: HandshakeAllThreads (Deoptimize) done
Event: 75.296 Executing VM operation: G1CollectForAllocation (G1 Evacuation Pause)
Event: 75.301 Executing VM operation: G1CollectForAllocation (G1 Evacuation Pause) done
Event: 75.441 Executing VM operation: G1CollectForAllocation (G1 Evacuation Pause)
Event: 75.448 Executing VM operation: G1CollectForAllocation (G1 Evacuation Pause) done
Event: 76.450 Executing VM operation: Cleanup
Event: 76.450 Executing VM operation: Cleanup done
Event: 77.002 Executing VM operation: HandshakeAllThreads (Deoptimize)
Event: 77.002 Executing VM operation: HandshakeAllThreads (Deoptimize) done
Event: 77.032 Executing VM operation: G1TryInitiateConcMark (CodeCache GC Threshold)

Events (20 events):
Event: 75.007 Thread 0x00000272e6eea7c0 flushing nmethod 0x00000272dc297a90
Event: 75.007 Thread 0x00000272e6eea7c0 flushing nmethod 0x00000272dc938e10
Event: 75.007 Thread 0x00000272e6eea7c0 flushing nmethod 0x00000272dc221a10
Event: 75.007 Thread 0x00000272e6eea7c0 flushing nmethod 0x00000272dc83fe10
Event: 75.007 Thread 0x00000272e6eea7c0 flushing nmethod 0x00000272dc840110
Event: 75.007 Thread 0x00000272e6eea7c0 flushing nmethod 0x00000272dc94ce90
Event: 75.007 Thread 0x00000272e6eea7c0 flushing nmethod 0x00000272dc699b90
Event: 75.007 Thread 0x00000272e6eea7c0 flushing nmethod 0x00000272dc6f0710
Event: 75.007 Thread 0x00000272e6eea7c0 flushing nmethod 0x00000272dc1f8e10
Event: 75.007 Thread 0x00000272e6eea7c0 flushing nmethod 0x00000272dc73fc90
Event: 75.007 Thread 0x00000272e6eea7c0 flushing nmethod 0x00000272dc797790
Event: 75.007 Thread 0x00000272e6eea7c0 flushing nmethod 0x00000272dc9edd10
Event: 75.007 Thread 0x00000272e6eea7c0 flushing nmethod 0x00000272dc9f1790
Event: 75.007 Thread 0x00000272e6eea7c0 flushing nmethod 0x00000272dc6ef190
Event: 75.007 Thread 0x00000272e6eea7c0 flushing nmethod 0x00000272dc9d4e10
Event: 75.109 Thread 0x00000272ce2bef60 Thread added: 0x00000272ce2bef60
Event: 75.109 Thread 0x00000272ce2e5360 Thread added: 0x00000272ce2e5360
Event: 75.136 Thread 0x00000272ce2fa0f0 Thread added: 0x00000272ce2fa0f0
Event: 75.272 Thread 0x00000272c943a980 Thread added: 0x00000272c943a980
Event: 75.272 Thread 0x00000272c94395d0 Thread added: 0x00000272c94395d0


Dynamic libraries:
0x00007ff765380000 - 0x00007ff765390000 	C:\Program Files\Java\jdk-22\bin\java.exe
0x00007ffeeb7b0000 - 0x00007ffeeb9a8000 	C:\Windows\SYSTEM32\ntdll.dll
0x00007ffeeafa0000 - 0x00007ffeeb05d000 	C:\Windows\System32\KERNEL32.DLL
0x00007ffee8fc0000 - 0x00007ffee92b6000 	C:\Windows\System32\KERNELBASE.dll
0x00007ffee9550000 - 0x00007ffee9650000 	C:\Windows\System32\ucrtbase.dll
0x00007ffedd090000 - 0x00007ffedd0ab000 	C:\Program Files\Java\jdk-22\bin\VCRUNTIME140.dll
0x00007ffedd1c0000 - 0x00007ffedd1d7000 	C:\Program Files\Java\jdk-22\bin\jli.dll
0x00007ffeea790000 - 0x00007ffeea843000 	C:\Windows\System32\ADVAPI32.dll
0x00007ffee9d70000 - 0x00007ffee9e0e000 	C:\Windows\System32\msvcrt.dll
0x00007ffeeb520000 - 0x00007ffeeb5bf000 	C:\Windows\System32\sechost.dll
0x00007ffeeb3f0000 - 0x00007ffeeb516000 	C:\Windows\System32\RPCRT4.dll
0x00007ffee9450000 - 0x00007ffee9477000 	C:\Windows\System32\bcrypt.dll
0x00007ffeea2e0000 - 0x00007ffeea47e000 	C:\Windows\System32\USER32.dll
0x00007ffee9480000 - 0x00007ffee94a2000 	C:\Windows\System32\win32u.dll
0x00007ffedf0a0000 - 0x00007ffedf33a000 	C:\Windows\WinSxS\amd64_microsoft.windows.common-controls_6595b64144ccf1df_6.0.19041.3636_none_60b6a03d71f818d5\COMCTL32.dll
0x00007ffeeb740000 - 0x00007ffeeb76c000 	C:\Windows\System32\GDI32.dll
0x00007ffee92c0000 - 0x00007ffee93da000 	C:\Windows\System32\gdi32full.dll
0x00007ffee94b0000 - 0x00007ffee954d000 	C:\Windows\System32\msvcp_win.dll
0x00007ffee30a0000 - 0x00007ffee30aa000 	C:\Windows\SYSTEM32\VERSION.dll
0x00007ffeeb060000 - 0x00007ffeeb090000 	C:\Windows\System32\IMM32.DLL
0x00007ffedd1a0000 - 0x00007ffedd1ac000 	C:\Program Files\Java\jdk-22\bin\vcruntime140_1.dll
0x00007ffec3650000 - 0x00007ffec36de000 	C:\Program Files\Java\jdk-22\bin\msvcp140.dll
0x00007ffe8d6c0000 - 0x00007ffe8e407000 	C:\Program Files\Java\jdk-22\bin\server\jvm.dll
0x00007ffeea5d0000 - 0x00007ffeea63b000 	C:\Windows\System32\WS2_32.dll
0x00007ffee8420000 - 0x00007ffee846b000 	C:\Windows\SYSTEM32\POWRPROF.dll
0x00007ffeda1d0000 - 0x00007ffeda1f7000 	C:\Windows\SYSTEM32\WINMM.dll
0x00007ffee8290000 - 0x00007ffee82a2000 	C:\Windows\SYSTEM32\UMPDC.dll
0x00007ffee6d50000 - 0x00007ffee6d62000 	C:\Windows\SYSTEM32\kernel.appcore.dll
0x00007ffedd050000 - 0x00007ffedd05a000 	C:\Program Files\Java\jdk-22\bin\jimage.dll
0x00007ffedf7a0000 - 0x00007ffedf984000 	C:\Windows\SYSTEM32\DBGHELP.DLL
0x00007ffeda8a0000 - 0x00007ffeda8d4000 	C:\Windows\SYSTEM32\dbgcore.DLL
0x00007ffee8e80000 - 0x00007ffee8f02000 	C:\Windows\System32\bcryptPrimitives.dll
0x00007ffeda760000 - 0x00007ffeda76f000 	C:\Program Files\Java\jdk-22\bin\instrument.dll
0x00007ffedcfd0000 - 0x00007ffedcfee000 	C:\Program Files\Java\jdk-22\bin\java.dll
0x00007ffeea850000 - 0x00007ffeeaf95000 	C:\Windows\System32\SHELL32.dll
0x00007ffeea4a0000 - 0x00007ffeea5cb000 	C:\Windows\System32\ole32.dll
0x00007ffeeb090000 - 0x00007ffeeb3e4000 	C:\Windows\System32\combase.dll
0x00007ffee6f50000 - 0x00007ffee76eb000 	C:\Windows\SYSTEM32\windows.storage.dll
0x00007ffee88b0000 - 0x00007ffee88dd000 	C:\Windows\SYSTEM32\Wldp.dll
0x00007ffee9910000 - 0x00007ffee99bd000 	C:\Windows\System32\SHCORE.dll
0x00007ffeea640000 - 0x00007ffeea695000 	C:\Windows\System32\shlwapi.dll
0x00007ffee8db0000 - 0x00007ffee8dd5000 	C:\Windows\SYSTEM32\profapi.dll
0x00007ffeda770000 - 0x00007ffeda787000 	C:\Program Files\Java\jdk-22\bin\zip.dll
0x00007ffeda7d0000 - 0x00007ffeda7e0000 	C:\Program Files\Java\jdk-22\bin\net.dll
0x00007ffee8610000 - 0x00007ffee867a000 	C:\Windows\system32\mswsock.dll
0x00007ffeda790000 - 0x00007ffeda7a6000 	C:\Program Files\Java\jdk-22\bin\nio.dll
0x00007ffec8030000 - 0x00007ffec804a000 	C:\Program Files\JetBrains\IntelliJ IDEA 2024.1.4\bin\breakgen64.dll
0x00007ffee82f0000 - 0x00007ffee83ba000 	C:\Windows\SYSTEM32\DNSAPI.dll
0x00007ffee82b0000 - 0x00007ffee82eb000 	C:\Windows\SYSTEM32\IPHLPAPI.DLL
0x00007ffeea480000 - 0x00007ffeea488000 	C:\Windows\System32\NSI.dll
0x00007ffeda6c0000 - 0x00007ffeda6c9000 	C:\Program Files\Java\jdk-22\bin\extnet.dll
0x0000000050f40000 - 0x0000000050f66000 	C:\Program Files\Bonjour\mdnsNSP.dll
0x00007ffee1340000 - 0x00007ffee134a000 	C:\Windows\System32\rasadhlp.dll
0x00007ffee0fb0000 - 0x00007ffee1030000 	C:\Windows\System32\fwpuclnt.dll
0x00007ffeced30000 - 0x00007ffeced3a000 	C:\Program Files\Java\jdk-22\bin\management.dll
0x00007ffecd500000 - 0x00007ffecd50b000 	C:\Program Files\Java\jdk-22\bin\management_ext.dll
0x00007ffeea6a0000 - 0x00007ffeea6a8000 	C:\Windows\System32\PSAPI.DLL
0x00007ffee8800000 - 0x00007ffee8818000 	C:\Windows\SYSTEM32\CRYPTSP.dll
0x00007ffee7ed0000 - 0x00007ffee7f04000 	C:\Windows\system32\rsaenh.dll
0x00007ffee8d70000 - 0x00007ffee8d9e000 	C:\Windows\SYSTEM32\USERENV.dll
0x00007ffee8820000 - 0x00007ffee882c000 	C:\Windows\SYSTEM32\CRYPTBASE.dll
0x00007ffecd870000 - 0x00007ffecd887000 	C:\Windows\system32\napinsp.dll
0x00007ffecd850000 - 0x00007ffecd86b000 	C:\Windows\system32\pnrpnsp.dll
0x00007ffecd830000 - 0x00007ffecd845000 	C:\Windows\system32\wshbth.dll
0x00007ffee4830000 - 0x00007ffee484d000 	C:\Windows\system32\NLAapi.dll
0x00007ffecd790000 - 0x00007ffecd7a2000 	C:\Windows\System32\winrnr.dll
0x00007ffecb9a0000 - 0x00007ffecb9b0000 	C:\Program Files\Java\jdk-22\bin\verify.dll
0x00007ffebfc30000 - 0x00007ffebfc79000 	C:\Windows\SYSTEM32\pdh.dll
0x00007ffec9710000 - 0x00007ffec971f000 	C:\Windows\System32\perfproc.dll
0x00007ffee47d0000 - 0x00007ffee47df000 	C:\Windows\System32\perfos.dll
0x00007ffeda710000 - 0x00007ffeda71e000 	C:\Program Files\Java\jdk-22\bin\sunmscapi.dll
0x00007ffee9650000 - 0x00007ffee97ad000 	C:\Windows\System32\CRYPT32.dll
0x00007ffee8920000 - 0x00007ffee8948000 	C:\Windows\SYSTEM32\ncrypt.dll
0x00007ffee88e0000 - 0x00007ffee891b000 	C:\Windows\SYSTEM32\NTASN1.dll
0x00007ffee2d00000 - 0x00007ffee2d07000 	C:\Windows\system32\wshunix.dll

dbghelp: loaded successfully - version: 4.0.5 - missing functions: none
symbol engine: initialized successfully - sym options: 0x614 - pdb path: .;C:\Program Files\Java\jdk-22\bin;C:\Windows\SYSTEM32;C:\Windows\WinSxS\amd64_microsoft.windows.common-controls_6595b64144ccf1df_6.0.19041.3636_none_60b6a03d71f818d5;C:\Program Files\Java\jdk-22\bin\server;C:\Program Files\JetBrains\IntelliJ IDEA 2024.1.4\bin;C:\Program Files\Bonjour

VM Arguments:
jvm_args: -XX:TieredStopAtLevel=1 -Dspring.output.ansi.enabled=always -Dcom.sun.management.jmxremote -Dspring.jmx.enabled=true -Dspring.liveBeansView.mbeanDomain -Dspring.application.admin.enabled=true -Dmanagement.endpoints.jmx.exposure.include=* -javaagent:C:\Program Files\JetBrains\IntelliJ IDEA 2024.1.4\lib\idea_rt.jar=55222:C:\Program Files\JetBrains\IntelliJ IDEA 2024.1.4\bin -Dfile.encoding=UTF-8 -Dsun.stdout.encoding=UTF-8 -Dsun.stderr.encoding=UTF-8 
java_command: com.clinica.sistema.inventario.InventarioApplication
java_class_path (initial): C:\Users\User\Desktop\Adriel\AUTODIDACTA\UNI-JAVA\sistema.inventario\target\classes;C:\Users\User\.m2\repository\org\springframework\boot\spring-boot-starter-data-jdbc\3.3.3\spring-boot-starter-data-jdbc-3.3.3.jar;C:\Users\User\.m2\repository\org\springframework\boot\spring-boot-starter-jdbc\3.3.3\spring-boot-starter-jdbc-3.3.3.jar;C:\Users\User\.m2\repository\org\springframework\spring-jdbc\6.1.12\spring-jdbc-6.1.12.jar;C:\Users\User\.m2\repository\org\springframework\data\spring-data-jdbc\3.3.3\spring-data-jdbc-3.3.3.jar;C:\Users\User\.m2\repository\org\springframework\data\spring-data-relational\3.3.3\spring-data-relational-3.3.3.jar;C:\Users\User\.m2\repository\org\springframework\data\spring-data-commons\3.3.3\spring-data-commons-3.3.3.jar;C:\Users\User\.m2\repository\org\springframework\spring-beans\6.1.12\spring-beans-6.1.12.jar;C:\Users\User\.m2\repository\org\springframework\boot\spring-boot-starter-thymeleaf\3.3.3\spring-boot-starter-thymeleaf-3.3.3.jar;C:\Users\User\.m2\repository\org\springframework\boot\spring-boot-starter\3.3.3\spring-boot-starter-3.3.3.jar;C:\Users\User\.m2\repository\org\springframework\boot\spring-boot\3.3.3\spring-boot-3.3.3.jar;C:\Users\User\.m2\repository\org\springframework\boot\spring-boot-autoconfigure\3.3.3\spring-boot-autoconfigure-3.3.3.jar;C:\Users\User\.m2\repository\org\springframework\boot\spring-boot-starter-logging\3.3.3\spring-boot-starter-logging-3.3.3.jar;C:\Users\User\.m2\repository\ch\qos\logback\logback-classic\1.5.7\logback-classic-1.5.7.jar;C:\Users\User\.m2\repository\ch\qos\logback\logback-core\1.5.7\logback-core-1.5.7.jar;C:\Users\User\.m2\repository\org\apache\logging\log4j\log4j-to-slf4j\2.23.1\log4j-to-slf4j-2.23.1.jar;C:\Users\User\.m2\repository\org\apache\logging\log4j\log4j-api\2.23.1\log4j-api-2.23.1.jar;C:\Users\User\.m2\repository\org\slf4j\jul-to-slf4j\2.0.16\jul-to-slf4j-2.0.16.jar;C:\Users\User\.m2\repository\jakarta\annotation\jakarta.annotation-api\2.1.1\jakarta.annotation-api-2.1.1.jar;C:\Users\User\.m2\repository\org\yaml\snakeyaml\2.2\snakeyaml-2.2.jar;C:\Users\User\.m2\repository\org\thymeleaf\thymeleaf-spring6\3.1.2.RELEASE\thymeleaf-spring6-3.1.2.RELEASE.jar;C:\Users\User\.m2\repository\org\springframework\boot\spring-boot-starter-data-jpa\3.3.3\spring-boot-starter-data-jpa-3.3.3.jar;C:\Users\User\.m2\repository\org\springframework\boot\spring-boot-starter-aop\3.3.3\spring-boot-starter-aop-3.3.3.jar;C:\Users\User\.m2\repository\org\aspectj\aspectjweaver\1.9.22.1\aspectjweaver-1.9.22.1.jar;C:\Users\User\.m2\repository\org\hibernate\orm\hibernate-core\6.5.2.Final\hibernate-core-6.5.2.Final.jar;C:\Users\User\.m2\repository\jakarta\persistence\jakarta.persistence-api\3.1.0\jakarta.persistence-api-3.1.0.jar;C:\Users\User\.m2\repository\jakarta\transaction\jakarta.transaction-api\2.0.1\jakarta.transaction-api-2.0.1.jar;C:\Users\User\.m2\repository\org\jboss\logging\jboss-logging\3.5.3.Final\jboss-logging-3.5.3.Final.jar;C:\Users\User\.m2\repository\org\hibernate\common\hibernate-commons-annotations\6.0.6.Final\hibernate-commons-annotations-6.0.6.Final.jar;C:\Users\User\.m2\repository\io\smallrye\jandex\3.1.2\jandex-3.1.2.jar;C:\Users\User\.m2\repository\com\fasterxml\classmate\1.7.0\classmate-1.7.0.jar;C:\Users\User\.m2\repository\net\bytebuddy\byte-buddy\1.14.19\byte-buddy-1.14.19.jar;C:\Users\User\.m2\repository\org\glassfish\jaxb\jaxb-runtime\4.0.5\jaxb-runtime-4.0.5.jar;C:\Users\User\.m2\repository\org\glassfish\jaxb\jaxb-core\4.0.5\jaxb-core-4.0.5.jar;C:\Users\User\.m2\repository\org\glassfish\jaxb\txw2\4.0.5\txw2-4.0.5.jar;C:\Users\User\.m2\repository\com\sun\istack\istack-commons-runtime\4.1.2\istack-commons-runtime-4.1.2.jar;C:\Users\User\.m2\repository\jakarta\inject\jakarta.inject-api\2.0.1\jakarta.inject-api-2.0.1.jar;C:\Users\User\.m2\repository\org\antlr\antlr4-runtime\4.13.0\antlr4-runtime-4.13.0.jar;C:\Users\User\.m2\repository\org\springframework\data\spring-data-jpa\3.3.3\spring-data-jpa-3.3.3.jar;C:\Users\User\.m2\repository\org\springframework\spring-orm\6.1.12\spring-orm-6.1.12.jar;C:\Users\User\.m2\repository\org\springframework\spring-aspects\6.1.12\spring-aspects-6.1.12.jar;C:\Users\User\.m2\repository\org\springframework\boot\spring-boot-starter-mail\3.3.3\spring-boot-starter-mail-3.3.3.jar;C:\Users\User\.m2\repository\org\springframework\spring-context-support\6.1.12\spring-context-support-6.1.12.jar;C:\Users\User\.m2\repository\org\eclipse\angus\jakarta.mail\2.0.3\jakarta.mail-2.0.3.jar;C:\Users\User\.m2\repository\jakarta\activation\jakarta.activation-api\2.1.3\jakarta.activation-api-2.1.3.jar;C:\Users\User\.m2\repository\org\eclipse\angus\angus-activation\2.0.2\angus-activation-2.0.2.jar;C:\Users\User\.m2\repository\org\springframework\boot\spring-boot-starter-security\3.3.3\spring-boot-starter-security-3.3.3.jar;C:\Users\User\.m2\repository\org\springframework\spring-aop\6.1.12\spring-aop-6.1.12.jar;C:\Users\User\.m2\repository\org\springframework\security\spring-security-config\6.3.3\spring-security-config-6.3.3.jar;C:\Users\User\.m2\repository\org\springframework\security\spring-security-web\6.3.3\spring-security-web-6.3.3.jar;C:\Users\User\.m2\repository\org\springframework\spring-expression\6.1.12\spring-expression-6.1.12.jar;C:\Users\User\.m2\repository\org\springframework\boot\spring-boot-starter-web\3.3.3\spring-boot-starter-web-3.3.3.jar;C:\Users\User\.m2\repository\org\springframework\boot\spring-boot-starter-json\3.3.3\spring-boot-starter-json-3.3.3.jar;C:\Users\User\.m2\repository\com\fasterxml\jackson\datatype\jackson-datatype-jdk8\2.17.2\jackson-datatype-jdk8-2.17.2.jar;C:\Users\User\.m2\repository\com\fasterxml\jackson\datatype\jackson-datatype-jsr310\2.17.2\jackson-datatype-jsr310-2.17.2.jar;C:\Users\User\.m2\repository\com\fasterxml\jackson\module\jackson-module-parameter-names\2.17.2\jackson-module-parameter-names-2.17.2.jar;C:\Users\User\.m2\repository\org\springframework\boot\spring-boot-starter-tomcat\3.3.3\spring-boot-starter-tomcat-3.3.3.jar;C:\Users\User\.m2\repository\org\apache\tomcat\embed\tomcat-embed-core\10.1.28\tomcat-embed-core-10.1.28.jar;C:\Users\User\.m2\repository\org\apache\tomcat\embed\tomcat-embed-el\10.1.28\tomcat-embed-el-10.1.28.jar;C:\Users\User\.m2\repository\org\apache\tomcat\embed\tomcat-embed-websocket\10.1.28\tomcat-embed-websocket-10.1.28.jar;C:\Users\User\.m2\repository\org\springframework\spring-web\6.1.12\spring-web-6.1.12.jar;C:\Users\User\.m2\repository\org\springframework\spring-webmvc\6.1.12\spring-webmvc-6.1.12.jar;C:\Users\User\.m2\repository\org\primefaces\primefaces\14.0.1\primefaces-14.0.1.jar;C:\Users\User\.m2\repository\javax\validation\validation-api\2.0.1.Final\validation-api-2.0.1.Final.jar;C:\Users\User\.m2\repository\org\glassfish\javax.faces\2.3.9\javax.faces-2.3.9.jar;C:\Users\User\.m2\repository\com\zaxxer\HikariCP\5.0.1\HikariCP-5.0.1.jar;C:\Users\User\.m2\repository\org\slf4j\slf4j-api\2.0.16\slf4j-api-2.0.16.jar;C:\Users\User\.m2\repository\net\sf\jasperreports\jasperreports\6.17.0\jasperreports-6.17.0.jar;C:\Users\User\.m2\repository\commons-beanutils\commons-beanutils\1.9.4\commons-beanutils-1.9.4.jar;C:\Users\User\.m2\repository\commons-collections\commons-collections\3.2.2\commons-collections-3.2.2.jar;C:\Users\User\.m2\repository\commons-digester\commons-digester\2.1\commons-digester-2.1.jar;C:\Users\User\.m2\repository\commons-logging\commons-logging\1.1.1\commons-logging-1.1.1.jar;C:\Users\User\.m2\repository\org\apache\commons\commons-collections4\4.2\commons-collections4-4.2.jar;C:\Users\User\.m2\repository\com\lowagie\itext\2.1.7.js8\itext-2.1.7.js8.jar;C:\Users\User\.m2\repository\org\bouncycastle\bcprov-jdk15on\1.64\bcprov-jdk15on-1.64.jar;C:\Users\User\.m2\repository\org\jfree\jcommon\1.0.23\jcommon-1.0.23.jar;C:\Users\User\.m2\repository\org\jfree\jfreechart\1.0.19\jfreechart-1.0.19.jar;C:\Users\User\.m2\repository\org\eclipse\jdt\ecj\3.21.0\ecj-3.21.0.jar;C:\Users\User\.m2\repository\org\codehaus\castor\castor-xml\1.4.1\castor-xml-1.4.1.jar;C:\Users\User\.m2\repository\org\codehaus\castor\castor-core\1.4.1\castor-core-1.4.1.jar;C:\Users\User\.m2\repository\org\apache\commons\commons-lang3\3.14.0\commons-lang3-3.14.0.jar;C:\Users\User\.m2\repository\javax\inject\javax.inject\1\javax.inject-1.jar;C:\Users\User\.m2\repository\com\fasterxml\jackson\core\jackson-core\2.17.2\jackson-core-2.17.2.jar;C:\Users\User\.m2\repository\com\fasterxml\jackson\core\jackson-databind\2.17.2\jackson-databind-2.17.2.jar;C:\Users\User\.m2\repository\com\fasterxml\jackson\core\jackson-annotations\2.17.2\jackson-annotations-2.17.2.jar;C:\Users\User\.m2\repository\nz\net\ultraq\thymeleaf\thymeleaf-layout-dialect\3.3.0\thymeleaf-layout-dialect-3.3.0.jar;C:\Users\User\.m2\repository\org\apache\groovy\groovy\4.0.22\groovy-4.0.22.jar;C:\Users\User\.m2\repository\nz\net\ultraq\groovy\groovy-extensions\2.1.0\groovy-extensions-2.1.0.jar;C:\Users\User\.m2\repository\nz\net\ultraq\thymeleaf\thymeleaf-expression-processor\3.2.0\thymeleaf-expression-processor-3.2.0.jar;C:\Users\User\.m2\repository\org\thymeleaf\thymeleaf\3.1.2.RELEASE\thymeleaf-3.1.2.RELEASE.jar;C:\Users\User\.m2\repository\ognl\ognl\3.3.4\ognl-3.3.4.jar;C:\Users\User\.m2\repository\org\javassist\javassist\3.29.0-GA\javassist-3.29.0-GA.jar;C:\Users\User\.m2\repository\org\attoparser\attoparser\2.0.7.RELEASE\attoparser-2.0.7.RELEASE.jar;C:\Users\User\.m2\repository\org\unbescape\unbescape\1.1.6.RELEASE\unbescape-1.1.6.RELEASE.jar;C:\Users\User\.m2\repository\org\springframework\integration\spring-integration-core\6.3.3\spring-integration-core-6.3.3.jar;C:\Users\User\.m2\repository\org\springframework\spring-context\6.1.12\spring-context-6.1.12.jar;C:\Users\User\.m2\repository\org\springframework\spring-messaging\6.1.12\spring-messaging-6.1.12.jar;C:\Users\User\.m2\repository\org\springframework\spring-tx\6.1.12\spring-tx-6.1.12.jar;C:\Users\User\.m2\repository\org\springframework\retry\spring-retry\2.0.8\spring-retry-2.0.8.jar;C:\Users\User\.m2\repository\io\projectreactor\reactor-core\3.6.9\reactor-core-3.6.9.jar;C:\Users\User\.m2\repository\org\reactivestreams\reactive-streams\1.0.4\reactive-streams-1.0.4.jar;C:\Users\User\.m2\repository\io\micrometer\micrometer-observation\1.13.3\micrometer-observation-1.13.3.jar;C:\Users\User\.m2\repository\io\micrometer\micrometer-commons\1.13.3\micrometer-commons-1.13.3.jar;C:\Users\User\.m2\repository\com\mysql\mysql-connector-j\8.3.0\mysql-connector-j-8.3.0.jar;C:\Users\User\.m2\repository\org\projectlombok\lombok\1.18.34\lombok-1.18.34.jar;C:\Users\User\.m2\repository\jakarta\xml\bind\jakarta.xml.bind-api\4.0.2\jakarta.xml.bind-api-4.0.2.jar;C:\Users\User\.m2\repository\org\springframework\spring-core\6.1.12\spring-core-6.1.12.jar;C:\Users\User\.m2\repository\org\springframework\spring-jcl\6.1.12\spring-jcl-6.1.12.jar;C:\Users\User\.m2\repository\org\springframework\security\spring-security-core\6.3.3\spring-security-core-6.3.3.jar;C:\Users\User\.m2\repository\org\springframework\security\spring-security-crypto\6.3.3\spring-security-crypto-6.3.3.jar
Launcher Type: SUN_STANDARD

[Global flags]
     intx CICompilerCount                          = 4                                         {product} {ergonomic}
     uint ConcGCThreads                            = 3                                         {product} {ergonomic}
     uint G1ConcRefinementThreads                  = 10                                        {product} {ergonomic}
   size_t G1HeapRegionSize                         = 2097152                                   {product} {ergonomic}
   size_t InitialHeapSize                          = 268435456                                 {product} {ergonomic}
     bool ManagementServer                         = true                                      {product} {command line}
   size_t MarkStackSize                            = 4194304                                   {product} {ergonomic}
   size_t MaxHeapSize                              = 4276092928                                {product} {ergonomic}
   size_t MaxNewSize                               = 2564816896                                {product} {ergonomic}
   size_t MinHeapDeltaBytes                        = 2097152                                   {product} {ergonomic}
   size_t MinHeapSize                              = 8388608                                   {product} {ergonomic}
    uintx NonNMethodCodeHeapSize                   = 4096                                   {pd product} {ergonomic}
    uintx NonProfiledCodeHeapSize                  = 0                                      {pd product} {ergonomic}
     bool ProfileInterpreter                       = false                                  {pd product} {command line}
    uintx ProfiledCodeHeapSize                     = 0                                      {pd product} {ergonomic}
   size_t SoftMaxHeapSize                          = 4276092928                             {manageable} {ergonomic}
     intx TieredStopAtLevel                        = 1                                         {product} {command line}
     bool UseCompressedOops                        = true                           {product lp64_product} {ergonomic}
     bool UseG1GC                                  = true                                      {product} {ergonomic}
     bool UseLargePagesIndividualAllocation        = false                                  {pd product} {ergonomic}

Logging:
Log output configuration:
 #0: stdout all=warning uptime,level,tags foldmultilines=false
 #1: stderr all=off uptime,level,tags foldmultilines=false

Environment Variables:
JAVA_HOME=C:\Program Files\Java\jdk-19
PATH=C:\Program Files\Common Files\Oracle\Java\javapath;C:\Program Files\swipl\bin;C:\Program Files\NVIDIA Corporation\NVIDIA NvDLISR;C:\Program Files\Git\cmd;C:\Program Files\MySQL\MySQL Shell 8.0\bin\;C:\Users\User\AppData\Local\Microsoft\WindowsApps;C:\Program Files\mingw-w64\x86_64-8.1.0-posix-seh-rt_v6-rev0\mingw64\bin;C:\msys64\usr\bin;C:\Users\User\AppData\Roaming\npm;C:\Users\User\AppData\Local\Programs\Microsoft VS Code\bin;C:\Program Files\Azure Data Studio\bin;C:\MinGW\bin;C:\Program Files (x86)\GnuWin32\bin;C:\Program Files\Java\jdk-19\bin;C:\Program Files\Java\jdk-19\lib;C:\Program Files\swipl\lib;C:\Windows\system32\cmd.exe;C:\Program Files\JetBrains\IntelliJ IDEA 2024.1.4\bin;C:\Users\User\AppData\Local\gitkraken\bin
USERNAME=User
OS=Windows_NT
PROCESSOR_IDENTIFIER=AMD64 Family 25 Model 33 Stepping 0, AuthenticAMD
TMP=C:\Users\User\AppData\Local\Temp
TEMP=C:\Users\User\AppData\Local\Temp




Periodic native trim disabled

---------------  S Y S T E M  ---------------

OS:
 Windows 10 , 64 bit Build 19041 (10.0.19041.3636)
OS uptime: 5 days 22:29 hours

CPU: total 12 (initial active 12) (12 cores per cpu, 2 threads per core) family 25 model 33 stepping 0 microcode 0x0, cx8, cmov, fxsr, ht, mmx, 3dnowpref, sse, sse2, sse3, ssse3, sse4a, sse4.1, sse4.2, popcnt, lzcnt, tsc, tscinvbit, avx, avx2, aes, erms, clmul, bmi1, bmi2, adx, sha, fma, vzeroupper, clflush, clflushopt, rdtscp, rdpid, fsrm, f16c, pku, cet_ss
Processor Information for all 12 processors :
  Max Mhz: 3701, Current Mhz: 3701, Mhz Limit: 3701

Memory: 4k page, system-wide physical 16310M (5219M free)
TotalPageFile size 18358M (AvailPageFile size 13M)
current process WorkingSet (physical memory assigned to process): 302M, peak: 302M
current process commit charge ("private bytes"): 356M, peak: 392M

vm_info: Java HotSpot(TM) 64-Bit Server VM (22.0.1+8-16) for windows-amd64 JRE (22.0.1+8-16), built on 2024-03-12T10:33:16Z by "mach5one" with MS VC++ 17.6 (VS2022)

END.
