#
# There is insufficient memory for the Java Runtime Environment to continue.
# Native memory allocation (malloc) failed to allocate 32744 bytes. Error detail: Chunk::new
# Possible reasons:
#   The system is out of physical RAM or swap space
#   This process is running with CompressedOops enabled, and the Java Heap may be blocking the growth of the native heap
# Possible solutions:
#   Reduce memory load on the system
#   Increase physical memory or swap space
#   Check if swap backing store is full
#   Decrease Java heap size (-Xmx/-Xms)
#   Decrease number of Java threads
#   Decrease Java thread stack sizes (-Xss)
#   Set larger code cache with -XX:ReservedCodeCacheSize=
#   JVM is running with Zero Based Compressed Oops mode in which the Java heap is
#     placed in the first 32GB address space. The Java Heap base address is the
#     maximum limit for the native heap growth. Please use -XX:HeapBaseMinAddress
#     to set the Java Heap base and to place the Java Heap above 32GB virtual address.
# This output file may be truncated or incomplete.
#
#  Out of Memory Error (arena.cpp:150), pid=14692, tid=12200
#
# JRE version: Java(TM) SE Runtime Environment (22.0.1+8) (build 22.0.1+8-16)
# Java VM: Java HotSpot(TM) 64-Bit Server VM (22.0.1+8-16, mixed mode, sharing, tiered, compressed oops, compressed class ptrs, g1 gc, windows-amd64)
# No core dump will be written. Minidumps are not enabled by default on client versions of Windows
#

---------------  S U M M A R Y ------------

Command Line: -Dmaven.multiModuleProjectDirectory=C:\Users\User\Desktop\sistema.inventario\sistema.inventario -Djansi.passthrough=true -Dmaven.home=C:\Program Files\JetBrains\IntelliJ IDEA 2024.1.4\plugins\maven\lib\maven3 -Dclassworlds.conf=C:\Program Files\JetBrains\IntelliJ IDEA 2024.1.4\plugins\maven\lib\maven3\bin\m2.conf -Dmaven.ext.class.path=C:\Program Files\JetBrains\IntelliJ IDEA 2024.1.4\plugins\maven\lib\maven-event-listener.jar -javaagent:C:\Program Files\JetBrains\IntelliJ IDEA 2024.1.4\lib\idea_rt.jar=63146:C:\Program Files\JetBrains\IntelliJ IDEA 2024.1.4\bin -Dfile.encoding=UTF-8 -Dsun.stdout.encoding=UTF-8 -Dsun.stderr.encoding=UTF-8 org.codehaus.classworlds.Launcher -Didea.version=2024.3.2.2 package

Host: AMD Ryzen 5 5600X 6-Core Processor             , 12 cores, 15G,  Windows 10 , 64 bit Build 19041 (10.0.19041.3636)
Time: Sat Mar  8 01:33:48 2025 Hora est. Pacífico, Sudamérica elapsed time: 5.739135 seconds (0d 0h 0m 5s)

---------------  T H R E A D  ---------------

Current thread (0x000002086310b110):  JavaThread "C2 CompilerThread1" daemon [_thread_in_native, id=12200, stack(0x0000001bf4800000,0x0000001bf4900000) (1024K)]


Current CompileTask:
C2:5739 10219       4       org.codehaus.plexus.classworlds.realm.ClassRealm::loadClass (7 bytes)

Stack: [0x0000001bf4800000,0x0000001bf4900000]
Native frames: (J=compiled Java code, j=interpreted, Vv=VM code, C=native code)
V  [jvm.dll+0x6e2279]  (no source info available)
V  [jvm.dll+0x874e33]  (no source info available)
V  [jvm.dll+0x87725e]  (no source info available)
V  [jvm.dll+0x877933]  (no source info available)
V  [jvm.dll+0x27fd76]  (no source info available)
V  [jvm.dll+0xc3d0f]  (no source info available)
V  [jvm.dll+0xc3f6b]  (no source info available)
V  [jvm.dll+0x3c099d]  (no source info available)
V  [jvm.dll+0x3c01c1]  (no source info available)
V  [jvm.dll+0x3c0204]  (no source info available)
V  [jvm.dll+0x5ed47b]  (no source info available)
V  [jvm.dll+0x5edc35]  (no source info available)
V  [jvm.dll+0x387b9a]  (no source info available)
V  [jvm.dll+0x386fda]  (no source info available)
V  [jvm.dll+0x247918]  (no source info available)
V  [jvm.dll+0x246fbf]  (no source info available)
V  [jvm.dll+0x1c4e90]  (no source info available)
V  [jvm.dll+0x2569fe]  (no source info available)
V  [jvm.dll+0x254cba]  (no source info available)
V  [jvm.dll+0x3f5336]  (no source info available)
V  [jvm.dll+0x81d44b]  (no source info available)
V  [jvm.dll+0x6e0915]  (no source info available)
C  [ucrtbase.dll+0x21bb2]  (no source info available)
C  [KERNEL32.DLL+0x17344]  (no source info available)
C  [ntdll.dll+0x526b1]  (no source info available)


---------------  P R O C E S S  ---------------

Threads class SMR info:
_java_thread_list=0x00000208aa5fb6c0, length=21, elements={
0x0000020843c10fa0, 0x00000208630d60e0, 0x00000208630d7e10, 0x00000208630de420,
0x00000208630e0500, 0x00000208630df150, 0x00000208630e25d0, 0x0000020863107d30,
0x0000020863108830, 0x00000208630e1f40, 0x000002086310b110, 0x00000208630df7e0,
0x00000208630e18b0, 0x000002086310b7e0, 0x00000208630dfe70, 0x00000208aa049220,
0x00000208aa04cd30, 0x00000208aa048b90, 0x00000208aa0498b0, 0x00000208aa04b2f0,
0x00000208aa049f40
}

Java Threads: ( => current thread )
  0x0000020843c10fa0 JavaThread "main"                              [_thread_in_native, id=12724, stack(0x0000001bf3700000,0x0000001bf3800000) (1024K)]
  0x00000208630d60e0 JavaThread "Reference Handler"          daemon [_thread_blocked, id=24932, stack(0x0000001bf3f00000,0x0000001bf4000000) (1024K)]
  0x00000208630d7e10 JavaThread "Finalizer"                  daemon [_thread_blocked, id=9784, stack(0x0000001bf4000000,0x0000001bf4100000) (1024K)]
  0x00000208630de420 JavaThread "Signal Dispatcher"          daemon [_thread_blocked, id=15720, stack(0x0000001bf4100000,0x0000001bf4200000) (1024K)]
  0x00000208630e0500 JavaThread "Attach Listener"            daemon [_thread_blocked, id=14736, stack(0x0000001bf4200000,0x0000001bf4300000) (1024K)]
  0x00000208630df150 JavaThread "Service Thread"             daemon [_thread_blocked, id=26460, stack(0x0000001bf4300000,0x0000001bf4400000) (1024K)]
  0x00000208630e25d0 JavaThread "Monitor Deflation Thread"   daemon [_thread_blocked, id=5348, stack(0x0000001bf4400000,0x0000001bf4500000) (1024K)]
  0x0000020863107d30 JavaThread "C2 CompilerThread0"         daemon [_thread_in_native, id=18292, stack(0x0000001bf4500000,0x0000001bf4600000) (1024K)]
  0x0000020863108830 JavaThread "C1 CompilerThread0"         daemon [_thread_blocked, id=9472, stack(0x0000001bf4600000,0x0000001bf4700000) (1024K)]
  0x00000208630e1f40 JavaThread "Common-Cleaner"             daemon [_thread_blocked, id=24204, stack(0x0000001bf4700000,0x0000001bf4800000) (1024K)]
=>0x000002086310b110 JavaThread "C2 CompilerThread1"         daemon [_thread_in_native, id=12200, stack(0x0000001bf4800000,0x0000001bf4900000) (1024K)]
  0x00000208630df7e0 JavaThread "Monitor Ctrl-Break"         daemon [_thread_in_native, id=19688, stack(0x0000001bf4900000,0x0000001bf4a00000) (1024K)]
  0x00000208630e18b0 JavaThread "Notification Thread"        daemon [_thread_blocked, id=9072, stack(0x0000001bf4a00000,0x0000001bf4b00000) (1024K)]
  0x000002086310b7e0 JavaThread "C2 CompilerThread2"         daemon [_thread_in_native, id=10064, stack(0x0000001bf4b00000,0x0000001bf4c00000) (1024K)]
  0x00000208630dfe70 JavaThread "Thread-1"                   daemon [_thread_blocked, id=11800, stack(0x0000001bf5500000,0x0000001bf5600000) (1024K)]
  0x00000208aa049220 JavaThread "timeout-check-timer"        daemon [_thread_blocked, id=6528, stack(0x0000001bf5800000,0x0000001bf5900000) (1024K)]
  0x00000208aa04cd30 JavaThread "ping-timer-10s"             daemon [_thread_blocked, id=7764, stack(0x0000001bf5900000,0x0000001bf5a00000) (1024K)]
  0x00000208aa048b90 JavaThread "ThreadedStreamConsumer"     daemon [_thread_blocked, id=13016, stack(0x0000001bf5a00000,0x0000001bf5b00000) (1024K)]
  0x00000208aa0498b0 JavaThread "fork-1-err-thread"          daemon [_thread_in_native, id=21900, stack(0x0000001bf5b00000,0x0000001bf5c00000) (1024K)]
  0x00000208aa04b2f0 JavaThread "commands-fork-1"            daemon [_thread_blocked, id=4412, stack(0x0000001bf5c00000,0x0000001bf5d00000) (1024K)]
  0x00000208aa049f40 JavaThread "fork-1-event-thread"        daemon [_thread_in_native, id=9652, stack(0x0000001bf5d00000,0x0000001bf5e00000) (1024K)]
Total: 21

Other Threads:
  0x00000208630bdaa0 VMThread "VM Thread"                           [id=14140, stack(0x0000001bf3e00000,0x0000001bf3f00000) (1024K)]
  0x00000208630a4490 WatcherThread "VM Periodic Task Thread"        [id=18140, stack(0x0000001bf3d00000,0x0000001bf3e00000) (1024K)]
  0x0000020843c79ab0 WorkerThread "GC Thread#0"                     [id=11660, stack(0x0000001bf3800000,0x0000001bf3900000) (1024K)]
  0x00000208a9256f00 WorkerThread "GC Thread#1"                     [id=17984, stack(0x0000001bf4c00000,0x0000001bf4d00000) (1024K)]
  0x00000208a91fd930 WorkerThread "GC Thread#2"                     [id=1968, stack(0x0000001bf4d00000,0x0000001bf4e00000) (1024K)]
  0x00000208a95c73f0 WorkerThread "GC Thread#3"                     [id=14408, stack(0x0000001bf4e00000,0x0000001bf4f00000) (1024K)]
  0x00000208a95c77a0 WorkerThread "GC Thread#4"                     [id=20088, stack(0x0000001bf4f00000,0x0000001bf5000000) (1024K)]
  0x00000208a9196aa0 WorkerThread "GC Thread#5"                     [id=11044, stack(0x0000001bf5000000,0x0000001bf5100000) (1024K)]
  0x00000208a9999bc0 WorkerThread "GC Thread#6"                     [id=9756, stack(0x0000001bf5100000,0x0000001bf5200000) (1024K)]
  0x0000020863e0e980 WorkerThread "GC Thread#7"                     [id=9328, stack(0x0000001bf5200000,0x0000001bf5300000) (1024K)]
  0x00000208a98b4240 WorkerThread "GC Thread#8"                     [id=2752, stack(0x0000001bf5300000,0x0000001bf5400000) (1024K)]
  0x00000208a98b45f0 WorkerThread "GC Thread#9"                     [id=23196, stack(0x0000001bf5400000,0x0000001bf5500000) (1024K)]
  0x0000020843c8aa30 ConcurrentGCThread "G1 Main Marker"            [id=4552, stack(0x0000001bf3900000,0x0000001bf3a00000) (1024K)]
  0x0000020843c8bbf0 WorkerThread "G1 Conc#0"                       [id=21372, stack(0x0000001bf3a00000,0x0000001bf3b00000) (1024K)]
  0x00000208a9ca8700 WorkerThread "G1 Conc#1"                       [id=4680, stack(0x0000001bf5600000,0x0000001bf5700000) (1024K)]
  0x00000208a9ca8350 WorkerThread "G1 Conc#2"                       [id=19016, stack(0x0000001bf5700000,0x0000001bf5800000) (1024K)]
  0x0000020862f61170 ConcurrentGCThread "G1 Refine#0"               [id=3556, stack(0x0000001bf3b00000,0x0000001bf3c00000) (1024K)]
  0x0000020862f62c10 ConcurrentGCThread "G1 Service"                [id=6332, stack(0x0000001bf3c00000,0x0000001bf3d00000) (1024K)]
Total: 18

Threads with active compile tasks:
C2 CompilerThread0  5785 10220   !   4       org.codehaus.plexus.classworlds.realm.ClassRealm::loadClass (33 bytes)
C2 CompilerThread1  5786 10219       4       org.codehaus.plexus.classworlds.realm.ClassRealm::loadClass (7 bytes)
C2 CompilerThread2  5786 9989   !   4       java.lang.ClassLoader::loadClass (121 bytes)
Total: 3

VM state: not at safepoint (normal execution)

VM Mutex/Monitor currently owned by a thread: None

Heap address: 0x0000000701200000, size: 4078 MB, Compressed Oops mode: Zero based, Oop shift amount: 3

CDS archive(s) mapped at: [0x0000020864000000-0x0000020864c60000-0x0000020864c60000), size 12976128, SharedBaseAddress: 0x0000020864000000, ArchiveRelocationMode: 1.
Compressed class space mapped at: 0x0000020865000000-0x00000208a5000000, reserved size: 1073741824
Narrow klass base: 0x0000020864000000, Narrow klass shift: 0, Narrow klass range: 0x41000000

GC Precious Log:
 CardTable entry size: 512
 Card Set container configuration: InlinePtr #cards 4 size 8 Array Of Cards #cards 16 size 48 Howl #buckets 8 coarsen threshold 3686 Howl Bitmap #cards 512 size 80 coarsen threshold 460 Card regions per heap region 1 cards per card region 4096
 CPUs: 12 total, 12 available
 Memory: 16310M
 Large Page Support: Disabled
 NUMA Support: Disabled
 Compressed Oops: Enabled (Zero based)
 Heap Region Size: 2M
 Heap Min Capacity: 8M
 Heap Initial Capacity: 256M
 Heap Max Capacity: 4078M
 Pre-touch: Disabled
 Parallel Workers: 10
 Concurrent Workers: 3
 Concurrent Refinement Workers: 10
 Periodic GC: Disabled

Heap:
 garbage-first heap   total reserved 4175872K, committed 202752K, used 114181K [0x0000000701200000, 0x0000000800000000)
  region size 2048K, 13 young (26624K), 1 survivors (2048K)
 Metaspace       used 35304K, committed 35968K, reserved 1114112K
  class space    used 3975K, committed 4288K, reserved 1048576K

Heap Regions: E=young(eden), S=young(survivor), O=old, HS=humongous(starts), HC=humongous(continues), CS=collection set, F=free, TAMS=top-at-mark-start, PB=parsable bottom
|   0|0x0000000701200000, 0x0000000701400000, 0x0000000701400000|100%| O|  |TAMS 0x0000000701200000| PB 0x0000000701200000| Untracked |  0
|   1|0x0000000701400000, 0x0000000701600000, 0x0000000701600000|100%| O|  |TAMS 0x0000000701400000| PB 0x0000000701400000| Untracked |  0
|   2|0x0000000701600000, 0x0000000701800000, 0x0000000701800000|100%| O|  |TAMS 0x0000000701600000| PB 0x0000000701600000| Untracked |  0
|   3|0x0000000701800000, 0x0000000701a00000, 0x0000000701a00000|100%|HS|  |TAMS 0x0000000701800000| PB 0x0000000701800000| Complete |  0
|   4|0x0000000701a00000, 0x0000000701c00000, 0x0000000701c00000|100%| O|  |TAMS 0x0000000701a00000| PB 0x0000000701a00000| Untracked |  0
|   5|0x0000000701c00000, 0x0000000701e00000, 0x0000000701e00000|100%| O|  |TAMS 0x0000000701c00000| PB 0x0000000701c00000| Untracked |  0
|   6|0x0000000701e00000, 0x0000000702000000, 0x0000000702000000|100%| O|  |TAMS 0x0000000701e00000| PB 0x0000000701e00000| Untracked |  0
|   7|0x0000000702000000, 0x0000000702200000, 0x0000000702200000|100%| O|  |TAMS 0x0000000702000000| PB 0x0000000702000000| Untracked |  0
|   8|0x0000000702200000, 0x0000000702400000, 0x0000000702400000|100%| O|  |TAMS 0x0000000702200000| PB 0x0000000702200000| Untracked |  0
|   9|0x0000000702400000, 0x0000000702600000, 0x0000000702600000|100%| O|  |TAMS 0x0000000702400000| PB 0x0000000702400000| Untracked |  0
|  10|0x0000000702600000, 0x0000000702800000, 0x0000000702800000|100%| O|Cm|TAMS 0x0000000702600000| PB 0x0000000702600000| Complete |  0
|  11|0x0000000702800000, 0x0000000702800000, 0x0000000702a00000|  0%| F|  |TAMS 0x0000000702800000| PB 0x0000000702800000| Untracked |  0
|  12|0x0000000702a00000, 0x0000000702a00000, 0x0000000702c00000|  0%| F|  |TAMS 0x0000000702a00000| PB 0x0000000702a00000| Untracked |  0
|  13|0x0000000702c00000, 0x0000000702e00000, 0x0000000702e00000|100%| O|Cm|TAMS 0x0000000702c00000| PB 0x0000000702c00000| Complete |  0
|  14|0x0000000702e00000, 0x0000000703000000, 0x0000000703000000|100%| O|Cm|TAMS 0x0000000702e00000| PB 0x0000000702e00000| Complete |  0
|  15|0x0000000703000000, 0x0000000703200000, 0x0000000703200000|100%| O|Cm|TAMS 0x0000000703000000| PB 0x0000000703000000| Complete |  0
|  16|0x0000000703200000, 0x0000000703400000, 0x0000000703400000|100%| O|Cm|TAMS 0x0000000703200000| PB 0x0000000703200000| Complete |  0
|  17|0x0000000703400000, 0x0000000703600000, 0x0000000703600000|100%| O|  |TAMS 0x0000000703400000| PB 0x0000000703400000| Untracked |  0
|  18|0x0000000703600000, 0x0000000703800000, 0x0000000703800000|100%| O|  |TAMS 0x0000000703600000| PB 0x0000000703600000| Untracked |  0
|  19|0x0000000703800000, 0x0000000703a00000, 0x0000000703a00000|100%| O|Cm|TAMS 0x0000000703800000| PB 0x0000000703800000| Complete |  0
|  20|0x0000000703a00000, 0x0000000703c00000, 0x0000000703c00000|100%| O|Cm|TAMS 0x0000000703a00000| PB 0x0000000703a00000| Complete |  0
|  21|0x0000000703c00000, 0x0000000703e00000, 0x0000000703e00000|100%|HS|  |TAMS 0x0000000703c00000| PB 0x0000000703c00000| Complete |  0
|  22|0x0000000703e00000, 0x0000000704000000, 0x0000000704000000|100%| O|  |TAMS 0x0000000703e00000| PB 0x0000000703e00000| Untracked |  0
|  23|0x0000000704000000, 0x0000000704200000, 0x0000000704200000|100%| O|  |TAMS 0x0000000704000000| PB 0x0000000704000000| Untracked |  0
|  24|0x0000000704200000, 0x0000000704400000, 0x0000000704400000|100%| O|Cm|TAMS 0x0000000704200000| PB 0x0000000704200000| Complete |  0
|  25|0x0000000704400000, 0x0000000704600000, 0x0000000704600000|100%| O|Cm|TAMS 0x0000000704400000| PB 0x0000000704400000| Complete |  0
|  26|0x0000000704600000, 0x0000000704800000, 0x0000000704800000|100%| O|  |TAMS 0x0000000704600000| PB 0x0000000704600000| Untracked |  0
|  27|0x0000000704800000, 0x0000000704a00000, 0x0000000704a00000|100%| O|  |TAMS 0x0000000704800000| PB 0x0000000704800000| Untracked |  0
|  28|0x0000000704a00000, 0x0000000704b86d30, 0x0000000704c00000| 76%| O|  |TAMS 0x0000000704a00000| PB 0x0000000704a00000| Untracked |  0
|  29|0x0000000704c00000, 0x0000000704c00000, 0x0000000704e00000|  0%| F|  |TAMS 0x0000000704c00000| PB 0x0000000704c00000| Untracked |  0
|  30|0x0000000704e00000, 0x0000000704e00000, 0x0000000705000000|  0%| F|  |TAMS 0x0000000704e00000| PB 0x0000000704e00000| Untracked |  0
|  31|0x0000000705000000, 0x0000000705000000, 0x0000000705200000|  0%| F|  |TAMS 0x0000000705000000| PB 0x0000000705000000| Untracked |  0
|  32|0x0000000705200000, 0x0000000705400000, 0x0000000705400000|100%| O|Cm|TAMS 0x0000000705200000| PB 0x0000000705200000| Complete |  0
|  33|0x0000000705400000, 0x0000000705600000, 0x0000000705600000|100%| O|Cm|TAMS 0x0000000705400000| PB 0x0000000705400000| Complete |  0
|  34|0x0000000705600000, 0x0000000705800000, 0x0000000705800000|100%| O|Cm|TAMS 0x0000000705600000| PB 0x0000000705600000| Complete |  0
|  35|0x0000000705800000, 0x0000000705a00000, 0x0000000705a00000|100%| O|Cm|TAMS 0x0000000705800000| PB 0x0000000705800000| Complete |  0
|  36|0x0000000705a00000, 0x0000000705c00000, 0x0000000705c00000|100%| O|Cm|TAMS 0x0000000705a00000| PB 0x0000000705a00000| Complete |  0
|  37|0x0000000705c00000, 0x0000000705e00000, 0x0000000705e00000|100%| O|Cm|TAMS 0x0000000705c00000| PB 0x0000000705c00000| Complete |  0
|  38|0x0000000705e00000, 0x0000000706000000, 0x0000000706000000|100%| O|  |TAMS 0x0000000705e00000| PB 0x0000000705e00000| Untracked |  0
|  39|0x0000000706000000, 0x0000000706200000, 0x0000000706200000|100%| O|Cm|TAMS 0x0000000706000000| PB 0x0000000706000000| Complete |  0
|  40|0x0000000706200000, 0x0000000706200000, 0x0000000706400000|  0%| F|  |TAMS 0x0000000706200000| PB 0x0000000706200000| Untracked |  0
|  41|0x0000000706400000, 0x0000000706400000, 0x0000000706600000|  0%| F|  |TAMS 0x0000000706400000| PB 0x0000000706400000| Untracked |  0
|  42|0x0000000706600000, 0x0000000706600000, 0x0000000706800000|  0%| F|  |TAMS 0x0000000706600000| PB 0x0000000706600000| Untracked |  0
|  43|0x0000000706800000, 0x0000000706800000, 0x0000000706a00000|  0%| F|  |TAMS 0x0000000706800000| PB 0x0000000706800000| Untracked |  0
|  44|0x0000000706a00000, 0x0000000706a00000, 0x0000000706c00000|  0%| F|  |TAMS 0x0000000706a00000| PB 0x0000000706a00000| Untracked |  0
|  45|0x0000000706c00000, 0x0000000706c00000, 0x0000000706e00000|  0%| F|  |TAMS 0x0000000706c00000| PB 0x0000000706c00000| Untracked |  0
|  46|0x0000000706e00000, 0x0000000706e00000, 0x0000000707000000|  0%| F|  |TAMS 0x0000000706e00000| PB 0x0000000706e00000| Untracked |  0
|  47|0x0000000707000000, 0x0000000707000000, 0x0000000707200000|  0%| F|  |TAMS 0x0000000707000000| PB 0x0000000707000000| Untracked |  0
|  48|0x0000000707200000, 0x0000000707200000, 0x0000000707400000|  0%| F|  |TAMS 0x0000000707200000| PB 0x0000000707200000| Untracked |  0
|  49|0x0000000707400000, 0x0000000707400000, 0x0000000707600000|  0%| F|  |TAMS 0x0000000707400000| PB 0x0000000707400000| Untracked |  0
|  50|0x0000000707600000, 0x0000000707600000, 0x0000000707800000|  0%| F|  |TAMS 0x0000000707600000| PB 0x0000000707600000| Untracked |  0
|  51|0x0000000707800000, 0x00000007079fa840, 0x0000000707a00000| 98%| S|CS|TAMS 0x0000000707800000| PB 0x0000000707800000| Complete |  0
|  52|0x0000000707a00000, 0x0000000707a00000, 0x0000000707c00000|  0%| F|  |TAMS 0x0000000707a00000| PB 0x0000000707a00000| Untracked |  0
|  53|0x0000000707c00000, 0x0000000707c00000, 0x0000000707e00000|  0%| F|  |TAMS 0x0000000707c00000| PB 0x0000000707c00000| Untracked |  0
|  54|0x0000000707e00000, 0x0000000707e00000, 0x0000000708000000|  0%| F|  |TAMS 0x0000000707e00000| PB 0x0000000707e00000| Untracked |  0
|  55|0x0000000708000000, 0x0000000708000000, 0x0000000708200000|  0%| F|  |TAMS 0x0000000708000000| PB 0x0000000708000000| Untracked |  0
|  56|0x0000000708200000, 0x0000000708200000, 0x0000000708400000|  0%| F|  |TAMS 0x0000000708200000| PB 0x0000000708200000| Untracked |  0
|  57|0x0000000708400000, 0x0000000708400000, 0x0000000708600000|  0%| F|  |TAMS 0x0000000708400000| PB 0x0000000708400000| Untracked |  0
|  58|0x0000000708600000, 0x0000000708600000, 0x0000000708800000|  0%| F|  |TAMS 0x0000000708600000| PB 0x0000000708600000| Untracked |  0
|  59|0x0000000708800000, 0x0000000708800000, 0x0000000708a00000|  0%| F|  |TAMS 0x0000000708800000| PB 0x0000000708800000| Untracked |  0
|  60|0x0000000708a00000, 0x0000000708a00000, 0x0000000708c00000|  0%| F|  |TAMS 0x0000000708a00000| PB 0x0000000708a00000| Untracked |  0
|  61|0x0000000708c00000, 0x0000000708c00000, 0x0000000708e00000|  0%| F|  |TAMS 0x0000000708c00000| PB 0x0000000708c00000| Untracked |  0
|  62|0x0000000708e00000, 0x0000000708e00000, 0x0000000709000000|  0%| F|  |TAMS 0x0000000708e00000| PB 0x0000000708e00000| Untracked |  0
|  63|0x0000000709000000, 0x0000000709000000, 0x0000000709200000|  0%| F|  |TAMS 0x0000000709000000| PB 0x0000000709000000| Untracked |  0
|  64|0x0000000709200000, 0x0000000709200000, 0x0000000709400000|  0%| F|  |TAMS 0x0000000709200000| PB 0x0000000709200000| Untracked |  0
|  65|0x0000000709400000, 0x0000000709400000, 0x0000000709600000|  0%| F|  |TAMS 0x0000000709400000| PB 0x0000000709400000| Untracked |  0
|  66|0x0000000709600000, 0x0000000709600000, 0x0000000709800000|  0%| F|  |TAMS 0x0000000709600000| PB 0x0000000709600000| Untracked |  0
|  67|0x0000000709800000, 0x0000000709800000, 0x0000000709a00000|  0%| F|  |TAMS 0x0000000709800000| PB 0x0000000709800000| Untracked |  0
|  68|0x0000000709a00000, 0x0000000709a00000, 0x0000000709c00000|  0%| F|  |TAMS 0x0000000709a00000| PB 0x0000000709a00000| Untracked |  0
|  69|0x0000000709c00000, 0x0000000709c00000, 0x0000000709e00000|  0%| F|  |TAMS 0x0000000709c00000| PB 0x0000000709c00000| Untracked |  0
|  70|0x0000000709e00000, 0x0000000709e00000, 0x000000070a000000|  0%| F|  |TAMS 0x0000000709e00000| PB 0x0000000709e00000| Untracked |  0
|  71|0x000000070a000000, 0x000000070a000000, 0x000000070a200000|  0%| F|  |TAMS 0x000000070a000000| PB 0x000000070a000000| Untracked |  0
|  72|0x000000070a200000, 0x000000070a200000, 0x000000070a400000|  0%| F|  |TAMS 0x000000070a200000| PB 0x000000070a200000| Untracked |  0
|  73|0x000000070a400000, 0x000000070a400000, 0x000000070a600000|  0%| F|  |TAMS 0x000000070a400000| PB 0x000000070a400000| Untracked |  0
|  74|0x000000070a600000, 0x000000070a600000, 0x000000070a800000|  0%| F|  |TAMS 0x000000070a600000| PB 0x000000070a600000| Untracked |  0
|  75|0x000000070a800000, 0x000000070a800000, 0x000000070aa00000|  0%| F|  |TAMS 0x000000070a800000| PB 0x000000070a800000| Untracked |  0
|  76|0x000000070aa00000, 0x000000070aa00000, 0x000000070ac00000|  0%| F|  |TAMS 0x000000070aa00000| PB 0x000000070aa00000| Untracked |  0
|  77|0x000000070ac00000, 0x000000070ac00000, 0x000000070ae00000|  0%| F|  |TAMS 0x000000070ac00000| PB 0x000000070ac00000| Untracked |  0
|  78|0x000000070ae00000, 0x000000070ae8ae30, 0x000000070b000000| 27%| E|  |TAMS 0x000000070ae00000| PB 0x000000070ae00000| Complete |  0
|  79|0x000000070b000000, 0x000000070b200000, 0x000000070b200000|100%| E|CS|TAMS 0x000000070b000000| PB 0x000000070b000000| Complete |  0
|  80|0x000000070b200000, 0x000000070b400000, 0x000000070b400000|100%| E|CS|TAMS 0x000000070b200000| PB 0x000000070b200000| Complete |  0
|  81|0x000000070b400000, 0x000000070b600000, 0x000000070b600000|100%| E|CS|TAMS 0x000000070b400000| PB 0x000000070b400000| Complete |  0
|  82|0x000000070b600000, 0x000000070b800000, 0x000000070b800000|100%| E|CS|TAMS 0x000000070b600000| PB 0x000000070b600000| Complete |  0
|  83|0x000000070b800000, 0x000000070ba00000, 0x000000070ba00000|100%| E|CS|TAMS 0x000000070b800000| PB 0x000000070b800000| Complete |  0
|  84|0x000000070ba00000, 0x000000070bc00000, 0x000000070bc00000|100%| E|CS|TAMS 0x000000070ba00000| PB 0x000000070ba00000| Complete |  0
|  85|0x000000070bc00000, 0x000000070be00000, 0x000000070be00000|100%| E|CS|TAMS 0x000000070bc00000| PB 0x000000070bc00000| Complete |  0
| 113|0x000000070f400000, 0x000000070f600000, 0x000000070f600000|100%| E|CS|TAMS 0x000000070f400000| PB 0x000000070f400000| Complete |  0
| 114|0x000000070f600000, 0x000000070f800000, 0x000000070f800000|100%| E|CS|TAMS 0x000000070f600000| PB 0x000000070f600000| Complete |  0
| 115|0x000000070f800000, 0x000000070fa00000, 0x000000070fa00000|100%| E|CS|TAMS 0x000000070f800000| PB 0x000000070f800000| Complete |  0
| 127|0x0000000711000000, 0x0000000711200000, 0x0000000711200000|100%| E|CS|TAMS 0x0000000711000000| PB 0x0000000711000000| Complete |  0
|2030|0x00000007fee00000, 0x00000007ff000000, 0x00000007ff000000|100%| O|Cm|TAMS 0x00000007fee00000| PB 0x00000007fee00000| Complete |  0
|2031|0x00000007ff000000, 0x00000007ff200000, 0x00000007ff200000|100%| O|Cm|TAMS 0x00000007ff000000| PB 0x00000007ff000000| Complete |  0
|2032|0x00000007ff200000, 0x00000007ff400000, 0x00000007ff400000|100%| O|Cm|TAMS 0x00000007ff200000| PB 0x00000007ff200000| Complete |  0
|2033|0x00000007ff400000, 0x00000007ff600000, 0x00000007ff600000|100%| O|  |TAMS 0x00000007ff400000| PB 0x00000007ff400000| Untracked |  0
|2034|0x00000007ff600000, 0x00000007ff800000, 0x00000007ff800000|100%| O|  |TAMS 0x00000007ff600000| PB 0x00000007ff600000| Untracked |  0
|2035|0x00000007ff800000, 0x00000007ffa00000, 0x00000007ffa00000|100%| O|Cm|TAMS 0x00000007ff800000| PB 0x00000007ff800000| Complete |  0
|2036|0x00000007ffa00000, 0x00000007ffc00000, 0x00000007ffc00000|100%| O|Cm|TAMS 0x00000007ffa00000| PB 0x00000007ffa00000| Complete |  0
|2037|0x00000007ffc00000, 0x00000007ffe00000, 0x00000007ffe00000|100%| O|Cm|TAMS 0x00000007ffc00000| PB 0x00000007ffc00000| Complete |  0
|2038|0x00000007ffe00000, 0x0000000800000000, 0x0000000800000000|100%| O|  |TAMS 0x00000007ffe00000| PB 0x00000007ffe00000| Untracked |  0

Card table byte_map: [0x000002085bcb0000,0x000002085c4b0000] _byte_map_base: 0x00000208584a7000

Marking Bits: (CMBitMap*) 0x0000020843c7a0d0
 Bits: [0x000002085c4b0000, 0x0000020860468000)

Polling page: 0x0000020841bf0000

Metaspace:

Usage:
  Non-class:     30.59 MB used.
      Class:      3.88 MB used.
       Both:     34.48 MB used.

Virtual space:
  Non-class space:       64.00 MB reserved,      30.94 MB ( 48%) committed,  1 nodes.
      Class space:        1.00 GB reserved,       4.19 MB ( <1%) committed,  1 nodes.
             Both:        1.06 GB reserved,      35.12 MB (  3%) committed. 

Chunk freelists:
   Non-Class:  432.00 KB
       Class:  11.67 MB
        Both:  12.09 MB

MaxMetaspaceSize: unlimited
CompressedClassSpaceSize: 1.00 GB
Initial GC threshold: 21.00 MB
Current GC threshold: 55.56 MB
CDS: on
 - commit_granule_bytes: 65536.
 - commit_granule_words: 8192.
 - virtual_space_node_default_size: 8388608.
 - enlarge_chunks_in_place: 1.
 - use_allocation_guard: 0.


Internal statistics:

num_allocs_failed_limit: 3.
num_arena_births: 610.
num_arena_deaths: 6.
num_vsnodes_births: 2.
num_vsnodes_deaths: 0.
num_space_committed: 577.
num_space_uncommitted: 7.
num_chunks_returned_to_freelist: 103.
num_chunks_taken_from_freelist: 2026.
num_chunk_merges: 21.
num_chunk_splits: 1374.
num_chunks_enlarged: 1035.
num_inconsistent_stats: 0.

CodeHeap 'non-profiled nmethods': size=120000Kb used=5997Kb max_used=6797Kb free=114002Kb
 bounds [0x0000020853a30000, 0x00000208540e0000, 0x000002085af60000]
CodeHeap 'profiled nmethods': size=120000Kb used=20422Kb max_used=22937Kb free=99577Kb
 bounds [0x000002084bf60000, 0x000002084d5d0000, 0x0000020853490000]
CodeHeap 'non-nmethods': size=5760Kb used=1531Kb max_used=1557Kb free=4228Kb
 bounds [0x0000020853490000, 0x0000020853700000, 0x0000020853a30000]
 total_blobs=9677 nmethods=9078 adapters=503
 compilation: enabled
              stopped_count=0, restarted_count=0
 full_count=0

Compilation events (20 events):
Event: 5.095 Thread 0x000002086310b110 nmethod 10186 0x0000020853a82e10 code [0x0000020853a82fa0, 0x0000020853a833f8]
Event: 5.095 Thread 0x000002086310b110 10187       4       java.util.regex.Matcher::find (69 bytes)
Event: 5.099 Thread 0x000002086310b110 nmethod 10187 0x0000020853a4bd90 code [0x0000020853a4bf40, 0x0000020853a4c360]
Event: 5.099 Thread 0x000002086310b110 10182       4       java.util.regex.Pattern$TreeInfo::reset (21 bytes)
Event: 5.099 Thread 0x000002086310b110 nmethod 10182 0x0000020853abd490 code [0x0000020853abd600, 0x0000020853abd698]
Event: 5.099 Thread 0x000002086310b110 10178       4       java.lang.System$2::encodeASCII (11 bytes)
Event: 5.099 Thread 0x000002086310b110 nmethod 10178 0x0000020853abd110 code [0x0000020853abd280, 0x0000020853abd3f8]
Event: 5.101 Thread 0x000002086310b110 10219       4       org.codehaus.plexus.classworlds.realm.ClassRealm::loadClass (7 bytes)
Event: 5.102 Thread 0x0000020863107d30 nmethod 10185 0x0000020853ac5a10 code [0x0000020853ac5d20, 0x0000020853ac7760]
Event: 5.103 Thread 0x0000020863107d30 10220   !   4       org.codehaus.plexus.classworlds.realm.ClassRealm::loadClass (33 bytes)
Event: 5.110 Thread 0x0000020863108830 10221       3       java.lang.AbstractStringBuilder::append (45 bytes)
Event: 5.111 Thread 0x0000020863108830 nmethod 10221 0x000002084cfa3690 code [0x000002084cfa38a0, 0x000002084cfa3dd0]
Event: 5.111 Thread 0x0000020863108830 10222       3       java.lang.String::getBytes (44 bytes)
Event: 5.111 Thread 0x0000020863108830 nmethod 10222 0x000002084c6ef990 code [0x000002084c6efb60, 0x000002084c6efe70]
Event: 5.362 Thread 0x0000020863108830 10223       1       java.util.concurrent.atomic.AtomicInteger::get (5 bytes)
Event: 5.362 Thread 0x0000020863108830 nmethod 10223 0x0000020853c0a890 code [0x0000020853c0aa20, 0x0000020853c0aae8]
Event: 5.586 Thread 0x0000020863108830 10224       3       java.lang.StringBuilder::append (8 bytes)
Event: 5.586 Thread 0x0000020863108830 nmethod 10224 0x000002084c1baf10 code [0x000002084c1bb0c0, 0x000002084c1bb210]
Event: 5.625 Thread 0x0000020863108830 10225   !   3       java.io.FileInputStream::available (24 bytes)
Event: 5.625 Thread 0x0000020863108830 nmethod 10225 0x000002084c74e390 code [0x000002084c74e560, 0x000002084c74e770]

GC Heap History (20 events):
Event: 2.041 GC heap before
{Heap before GC invocations=3 (full 0):
 garbage-first heap   total reserved 4175872K, committed 262144K, used 44289K [0x0000000701200000, 0x0000000800000000)
  region size 2048K, 19 young (38912K), 7 survivors (14336K)
 Metaspace       used 21173K, committed 21504K, reserved 1114112K
  class space    used 2473K, committed 2624K, reserved 1048576K
}
Event: 2.047 GC heap after
{Heap after GC invocations=4 (full 0):
 garbage-first heap   total reserved 4175872K, committed 262144K, used 26299K [0x0000000701200000, 0x0000000800000000)
  region size 2048K, 3 young (6144K), 3 survivors (6144K)
 Metaspace       used 21173K, committed 21504K, reserved 1114112K
  class space    used 2473K, committed 2624K, reserved 1048576K
}
Event: 2.470 GC heap before
{Heap before GC invocations=5 (full 0):
 garbage-first heap   total reserved 4175872K, committed 96256K, used 93883K [0x0000000701200000, 0x0000000800000000)
  region size 2048K, 36 young (73728K), 3 survivors (6144K)
 Metaspace       used 26273K, committed 26688K, reserved 1114112K
  class space    used 3043K, committed 3200K, reserved 1048576K
}
Event: 2.481 GC heap after
{Heap after GC invocations=6 (full 0):
 garbage-first heap   total reserved 4175872K, committed 124928K, used 47805K [0x0000000701200000, 0x0000000800000000)
  region size 2048K, 10 young (20480K), 10 survivors (20480K)
 Metaspace       used 26273K, committed 26688K, reserved 1114112K
  class space    used 3043K, committed 3200K, reserved 1048576K
}
Event: 2.818 GC heap before
{Heap before GC invocations=6 (full 0):
 garbage-first heap   total reserved 4175872K, committed 124928K, used 94909K [0x0000000701200000, 0x0000000800000000)
  region size 2048K, 33 young (67584K), 10 survivors (20480K)
 Metaspace       used 27882K, committed 28352K, reserved 1114112K
  class space    used 3172K, committed 3392K, reserved 1048576K
}
Event: 2.832 GC heap after
{Heap after GC invocations=7 (full 0):
 garbage-first heap   total reserved 4175872K, committed 126976K, used 55436K [0x0000000701200000, 0x0000000800000000)
  region size 2048K, 4 young (8192K), 4 survivors (8192K)
 Metaspace       used 27882K, committed 28352K, reserved 1114112K
  class space    used 3172K, committed 3392K, reserved 1048576K
}
Event: 3.144 GC heap before
{Heap before GC invocations=7 (full 0):
 garbage-first heap   total reserved 4175872K, committed 126976K, used 102540K [0x0000000701200000, 0x0000000800000000)
  region size 2048K, 27 young (55296K), 4 survivors (8192K)
 Metaspace       used 29526K, committed 30016K, reserved 1114112K
  class space    used 3393K, committed 3648K, reserved 1048576K
}
Event: 3.150 GC heap after
{Heap after GC invocations=8 (full 0):
 garbage-first heap   total reserved 4175872K, committed 126976K, used 56829K [0x0000000701200000, 0x0000000800000000)
  region size 2048K, 1 young (2048K), 1 survivors (2048K)
 Metaspace       used 29526K, committed 30016K, reserved 1114112K
  class space    used 3393K, committed 3648K, reserved 1048576K
}
Event: 3.335 GC heap before
{Heap before GC invocations=8 (full 0):
 garbage-first heap   total reserved 4175872K, committed 126976K, used 105981K [0x0000000701200000, 0x0000000800000000)
  region size 2048K, 25 young (51200K), 1 survivors (2048K)
 Metaspace       used 30012K, committed 30528K, reserved 1114112K
  class space    used 3437K, committed 3712K, reserved 1048576K
}
Event: 3.340 GC heap after
{Heap after GC invocations=9 (full 0):
 garbage-first heap   total reserved 4175872K, committed 126976K, used 57847K [0x0000000701200000, 0x0000000800000000)
  region size 2048K, 2 young (4096K), 2 survivors (4096K)
 Metaspace       used 30012K, committed 30528K, reserved 1114112K
  class space    used 3437K, committed 3712K, reserved 1048576K
}
Event: 3.483 GC heap before
{Heap before GC invocations=9 (full 0):
 garbage-first heap   total reserved 4175872K, committed 126976K, used 109047K [0x0000000701200000, 0x0000000800000000)
  region size 2048K, 27 young (55296K), 2 survivors (4096K)
 Metaspace       used 30149K, committed 30656K, reserved 1114112K
  class space    used 3440K, committed 3712K, reserved 1048576K
}
Event: 3.487 GC heap after
{Heap after GC invocations=10 (full 0):
 garbage-first heap   total reserved 4175872K, committed 157696K, used 58286K [0x0000000701200000, 0x0000000800000000)
  region size 2048K, 2 young (4096K), 2 survivors (4096K)
 Metaspace       used 30149K, committed 30656K, reserved 1114112K
  class space    used 3440K, committed 3712K, reserved 1048576K
}
Event: 3.897 GC heap before
{Heap before GC invocations=10 (full 0):
 garbage-first heap   total reserved 4175872K, committed 157696K, used 136110K [0x0000000701200000, 0x0000000800000000)
  region size 2048K, 40 young (81920K), 2 survivors (4096K)
 Metaspace       used 32163K, committed 32768K, reserved 1114112K
  class space    used 3677K, committed 3968K, reserved 1048576K
}
Event: 3.902 GC heap after
{Heap after GC invocations=11 (full 0):
 garbage-first heap   total reserved 4175872K, committed 157696K, used 60250K [0x0000000701200000, 0x0000000800000000)
  region size 2048K, 3 young (6144K), 3 survivors (6144K)
 Metaspace       used 32163K, committed 32768K, reserved 1114112K
  class space    used 3677K, committed 3968K, reserved 1048576K
}
Event: 4.309 GC heap before
{Heap before GC invocations=11 (full 0):
 garbage-first heap   total reserved 4175872K, committed 157696K, used 140122K [0x0000000701200000, 0x0000000800000000)
  region size 2048K, 41 young (83968K), 3 survivors (6144K)
 Metaspace       used 32596K, committed 33152K, reserved 1114112K
  class space    used 3705K, committed 3968K, reserved 1048576K
}
Event: 4.324 GC heap after
{Heap after GC invocations=12 (full 0):
 garbage-first heap   total reserved 4175872K, committed 167936K, used 83722K [0x0000000701200000, 0x0000000800000000)
  region size 2048K, 6 young (12288K), 6 survivors (12288K)
 Metaspace       used 32596K, committed 33152K, reserved 1114112K
  class space    used 3705K, committed 3968K, reserved 1048576K
}
Event: 4.647 GC heap before
{Heap before GC invocations=12 (full 0):
 garbage-first heap   total reserved 4175872K, committed 167936K, used 136970K [0x0000000701200000, 0x0000000800000000)
  region size 2048K, 32 young (65536K), 6 survivors (12288K)
 Metaspace       used 33230K, committed 33792K, reserved 1114112K
  class space    used 3789K, committed 4032K, reserved 1048576K
}
Event: 4.655 GC heap after
{Heap after GC invocations=13 (full 0):
 garbage-first heap   total reserved 4175872K, committed 167936K, used 96256K [0x0000000701200000, 0x0000000800000000)
  region size 2048K, 4 young (8192K), 4 survivors (8192K)
 Metaspace       used 33230K, committed 33792K, reserved 1114112K
  class space    used 3789K, committed 4032K, reserved 1048576K
}
Event: 4.911 GC heap before
{Heap before GC invocations=13 (full 0):
 garbage-first heap   total reserved 4175872K, committed 167936K, used 139264K [0x0000000701200000, 0x0000000800000000)
  region size 2048K, 25 young (51200K), 4 survivors (8192K)
 Metaspace       used 34366K, committed 34944K, reserved 1114112K
  class space    used 3893K, committed 4160K, reserved 1048576K
}
Event: 4.915 GC heap after
{Heap after GC invocations=14 (full 0):
 garbage-first heap   total reserved 4175872K, committed 202752K, used 95749K [0x0000000701200000, 0x0000000800000000)
  region size 2048K, 1 young (2048K), 1 survivors (2048K)
 Metaspace       used 34366K, committed 34944K, reserved 1114112K
  class space    used 3893K, committed 4160K, reserved 1048576K
}

Dll operation events (12 events):
Event: 0.004 Loaded shared library C:\Program Files\Java\jdk-22\bin\java.dll
Event: 0.024 Loaded shared library C:\Program Files\Java\jdk-22\bin\jsvml.dll
Event: 0.045 Loaded shared library C:\Program Files\Java\jdk-22\bin\zip.dll
Event: 0.047 Loaded shared library C:\Program Files\Java\jdk-22\bin\instrument.dll
Event: 0.049 Loaded shared library C:\Program Files\Java\jdk-22\bin\net.dll
Event: 0.050 Loaded shared library C:\Program Files\Java\jdk-22\bin\nio.dll
Event: 0.051 Loaded shared library C:\Program Files\Java\jdk-22\bin\zip.dll
Event: 0.058 Loaded shared library C:\Program Files\JetBrains\IntelliJ IDEA 2024.1.4\bin\breakgen64.dll
Event: 0.063 Loaded shared library C:\Program Files\Java\jdk-22\bin\extnet.dll
Event: 0.111 Loaded shared library C:\Program Files\Java\jdk-22\bin\jimage.dll
Event: 0.117 Loaded shared library C:\Users\User\AppData\Local\Temp\jansi-2.4.1-7e733d89234f54c3-jansi.dll
Event: 0.123 Loaded shared library C:\Program Files\Java\jdk-22\bin\verify.dll

Deoptimization events (20 events):
Event: 5.109 Thread 0x00000208aa0498b0 Uncommon trap: trap_request=0xffffff45 fr.pc=0x0000020853a5fd90 relative=0x00000000000000f0
Event: 5.109 Thread 0x00000208aa0498b0 Uncommon trap: reason=unstable_if action=reinterpret pc=0x0000020853a5fd90 method=java.lang.String.getBytes([BIB)V @ 5 c2
Event: 5.109 Thread 0x00000208aa0498b0 DEOPT PACKING pc=0x0000020853a5fd90 sp=0x0000001bf5bfed90
Event: 5.109 Thread 0x00000208aa0498b0 DEOPT UNPACKING pc=0x00000208534e46a2 sp=0x0000001bf5bfed58 mode 2
Event: 5.109 Thread 0x00000208aa0498b0 Uncommon trap: trap_request=0xffffff45 fr.pc=0x0000020853b21dbc relative=0x00000000000004fc
Event: 5.109 Thread 0x00000208aa0498b0 Uncommon trap: reason=unstable_if action=reinterpret pc=0x0000020853b21dbc method=java.lang.String.<init>(Ljava/lang/AbstractStringBuilder;Ljava/lang/Void;)V @ 19 c2
Event: 5.109 Thread 0x00000208aa0498b0 DEOPT PACKING pc=0x0000020853b21dbc sp=0x0000001bf5bfeed0
Event: 5.109 Thread 0x00000208aa0498b0 DEOPT UNPACKING pc=0x00000208534e46a2 sp=0x0000001bf5bfedd0 mode 2
Event: 5.109 Thread 0x00000208aa0498b0 Uncommon trap: trap_request=0xffffff76 fr.pc=0x00000208540d2378 relative=0x0000000000001f98
Event: 5.109 Thread 0x00000208aa0498b0 Uncommon trap: reason=predicate action=maybe_recompile pc=0x00000208540d2378 method=java.util.regex.Pattern.compile()V @ 78 c2
Event: 5.109 Thread 0x00000208aa0498b0 DEOPT PACKING pc=0x00000208540d2378 sp=0x0000001bf5bfeed0
Event: 5.109 Thread 0x00000208aa0498b0 DEOPT UNPACKING pc=0x00000208534e46a2 sp=0x0000001bf5bfeea0 mode 2
Event: 5.109 Thread 0x00000208aa0498b0 Uncommon trap: trap_request=0xffffff45 fr.pc=0x0000020853be9768 relative=0x00000000000000c8
Event: 5.109 Thread 0x00000208aa0498b0 Uncommon trap: reason=unstable_if action=reinterpret pc=0x0000020853be9768 method=java.lang.String.codePointAt(I)I @ 4 c2
Event: 5.109 Thread 0x00000208aa0498b0 DEOPT PACKING pc=0x0000020853be9768 sp=0x0000001bf5bfeea0
Event: 5.109 Thread 0x00000208aa0498b0 DEOPT UNPACKING pc=0x00000208534e46a2 sp=0x0000001bf5bfee38 mode 2
Event: 5.110 Thread 0x00000208aa0498b0 Uncommon trap: trap_request=0xffffffc6 fr.pc=0x0000020853c7b348 relative=0x0000000000000288
Event: 5.110 Thread 0x00000208aa0498b0 Uncommon trap: reason=bimorphic_or_optimized_type_check action=maybe_recompile pc=0x0000020853c7b348 method=java.util.regex.Matcher.getTextLength()I @ 4 c2
Event: 5.110 Thread 0x00000208aa0498b0 DEOPT PACKING pc=0x0000020853c7b348 sp=0x0000001bf5bfef40
Event: 5.110 Thread 0x00000208aa0498b0 DEOPT UNPACKING pc=0x00000208534e46a2 sp=0x0000001bf5bfee70 mode 2

Classes loaded (20 events):
Event: 5.097 Loading class jdk/internal/logger/LoggerFinderLoader
Event: 5.098 Loading class jdk/internal/logger/LoggerFinderLoader done
Event: 5.098 Loading class jdk/internal/logger/LoggerFinderLoader$TemporaryLoggerFinder
Event: 5.098 Loading class jdk/internal/logger/LoggerFinderLoader$TemporaryLoggerFinder done
Event: 5.098 Loading class sun/util/logging/internal/LoggingProviderImpl$JULWrapper
Event: 5.098 Loading class sun/util/logging/PlatformLogger$ConfigurableBridge$LoggerConfiguration
Event: 5.098 Loading class sun/util/logging/PlatformLogger$ConfigurableBridge$LoggerConfiguration done
Event: 5.098 Loading class sun/util/logging/internal/LoggingProviderImpl$JULWrapper done
Event: 5.098 Loading class java/lang/System$Logger$Level
Event: 5.098 Loading class java/lang/System$Logger$Level done
Event: 5.099 Loading class java/nio/channels/ClosedChannelException
Event: 5.099 Loading class java/nio/channels/ClosedChannelException done
Event: 5.100 Loading class java/nio/channels/NonReadableChannelException
Event: 5.100 Loading class java/nio/channels/NonReadableChannelException done
Event: 5.100 Loading class java/nio/channels/NonWritableChannelException
Event: 5.100 Loading class java/nio/channels/NonWritableChannelException done
Event: 5.107 Loading class java/util/Scanner
Event: 5.108 Loading class java/util/Scanner done
Event: 5.109 Loading class java/util/Scanner$PatternLRUCache
Event: 5.109 Loading class java/util/Scanner$PatternLRUCache done

Classes unloaded (20 events):
Event: 4.926 Thread 0x00000208630bdaa0 Unloading class 0x000002086533e7e8 'lombok/javac/apt/MessagerDiagnosticsReceiver'
Event: 4.926 Thread 0x00000208630bdaa0 Unloading class 0x000002086533e420 'lombok/javac/apt/InterceptingJavaFileManager'
Event: 4.926 Thread 0x00000208630bdaa0 Unloading class 0x000002086533e218 'lombok/permit/dummy/Parent'
Event: 4.926 Thread 0x00000208630bdaa0 Unloading class 0x000002086533e000 'lombok/core/CleanupRegistry'
Event: 4.926 Thread 0x00000208630bdaa0 Unloading class 0x000002086533dde8 'lombok/permit/Permit$Fake'
Event: 4.926 Thread 0x00000208630bdaa0 Unloading class 0x000002086533dbe8 'lombok/permit/Permit'
Event: 4.926 Thread 0x00000208630bdaa0 Unloading class 0x000002086533d9f0 'lombok/core/DiagnosticsReceiver'
Event: 4.926 Thread 0x00000208630bdaa0 Unloading class 0x000002086533d700 'lombok/javac/apt/LombokProcessor$1'
Event: 4.926 Thread 0x00000208630bdaa0 Unloading class 0x000002086533d468 'lombok/javac/apt/LombokProcessor'
Event: 4.926 Thread 0x00000208630bdaa0 Unloading class 0x000002086533d238 'lombok/core/AnnotationProcessor$EcjDescriptor'
Event: 4.926 Thread 0x00000208630bdaa0 Unloading class 0x000002086533d000 'lombok/core/AnnotationProcessor$JavacDescriptor'
Event: 4.926 Thread 0x00000208630bdaa0 Unloading class 0x000002086533ca80 'lombok/core/AnnotationProcessor$ProcessorDescriptor'
Event: 4.926 Thread 0x00000208630bdaa0 Unloading class 0x000002086533c800 'lombok/core/AnnotationProcessor'
Event: 4.926 Thread 0x00000208630bdaa0 Unloading class 0x0000020865395000 'lombok/launch/AnnotationProcessorHider$ClaimingProcessor'
Event: 4.926 Thread 0x00000208630bdaa0 Unloading class 0x000002086533c498 'lombok/launch/AnnotationProcessorHider$AstModificationNotifierData'
Event: 4.926 Thread 0x00000208630bdaa0 Unloading class 0x000002086533c218 'lombok/launch/ClassFileMetaData'
Event: 4.926 Thread 0x00000208630bdaa0 Unloading class 0x000002086533c000 'lombok/launch/PackageShader'
Event: 4.926 Thread 0x00000208630bdaa0 Unloading class 0x0000020865318480 'lombok/launch/ShadowClassLoader'
Event: 4.926 Thread 0x00000208630bdaa0 Unloading class 0x0000020865318280 'lombok/launch/Main'
Event: 4.926 Thread 0x00000208630bdaa0 Unloading class 0x0000020865318000 'lombok/launch/AnnotationProcessorHider$AnnotationProcessor'

Classes redefined (0 events):
No events

Internal exceptions (20 events):
Event: 4.758 Thread 0x0000020843c10fa0 Exception <a 'sun/nio/fs/WindowsException'{0x0000000709790b78}> (0x0000000709790b78) 
thrown [s\open\src\hotspot\share\prims\jni.cpp, line 520]
Event: 4.759 Thread 0x0000020843c10fa0 Exception <a 'sun/nio/fs/WindowsException'{0x00000007097b47d8}> (0x00000007097b47d8) 
thrown [s\open\src\hotspot\share\prims\jni.cpp, line 520]
Event: 4.759 Thread 0x0000020843c10fa0 Exception <a 'sun/nio/fs/WindowsException'{0x00000007097b51f0}> (0x00000007097b51f0) 
thrown [s\open\src\hotspot\share\prims\jni.cpp, line 520]
Event: 4.759 Thread 0x0000020843c10fa0 Exception <a 'sun/nio/fs/WindowsException'{0x00000007097b5cd0}> (0x00000007097b5cd0) 
thrown [s\open\src\hotspot\share\prims\jni.cpp, line 520]
Event: 4.761 Thread 0x0000020843c10fa0 Exception <a 'sun/nio/fs/WindowsException'{0x000000070943a5b0}> (0x000000070943a5b0) 
thrown [s\open\src\hotspot\share\prims\jni.cpp, line 520]
Event: 4.762 Thread 0x0000020843c10fa0 Exception <a 'sun/nio/fs/WindowsException'{0x00000007094541a8}> (0x00000007094541a8) 
thrown [s\open\src\hotspot\share\prims\jni.cpp, line 520]
Event: 4.764 Thread 0x0000020843c10fa0 Exception <a 'sun/nio/fs/WindowsException'{0x0000000709470658}> (0x0000000709470658) 
thrown [s\open\src\hotspot\share\prims\jni.cpp, line 520]
Event: 4.764 Thread 0x0000020843c10fa0 Exception <a 'sun/nio/fs/WindowsException'{0x0000000709470df0}> (0x0000000709470df0) 
thrown [s\open\src\hotspot\share\prims\jni.cpp, line 520]
Event: 4.764 Thread 0x0000020843c10fa0 Exception <a 'sun/nio/fs/WindowsException'{0x00000007094713c0}> (0x00000007094713c0) 
thrown [s\open\src\hotspot\share\prims\jni.cpp, line 520]
Event: 4.764 Thread 0x0000020843c10fa0 Exception <a 'sun/nio/fs/WindowsException'{0x0000000709471b20}> (0x0000000709471b20) 
thrown [s\open\src\hotspot\share\prims\jni.cpp, line 520]
Event: 4.764 Thread 0x0000020843c10fa0 Exception <a 'sun/nio/fs/WindowsException'{0x0000000709472268}> (0x0000000709472268) 
thrown [s\open\src\hotspot\share\prims\jni.cpp, line 520]
Event: 4.764 Thread 0x0000020843c10fa0 Exception <a 'sun/nio/fs/WindowsException'{0x0000000709472998}> (0x0000000709472998) 
thrown [s\open\src\hotspot\share\prims\jni.cpp, line 520]
Event: 4.816 Thread 0x0000020843c10fa0 Implicit null exception at 0x0000020853ccea9a to 0x0000020853ccff10
Event: 4.956 Thread 0x00000208aa047e70 Exception <a 'java/lang/NoSuchMethodError'{0x000000070f6235e0}: 'java.lang.Object java.lang.invoke.DirectMethodHandle$Holder.invokeStatic(java.lang.Object, long, java.lang.Object)'> (0x000000070f6235e0) 
thrown [s\open\src\hotspot\share\interpreter\linkResolver.cpp, line 774]
Event: 4.956 Thread 0x00000208aa047e70 Exception <a 'java/lang/NoSuchMethodError'{0x000000070f6269b8}: 'java.lang.Object java.lang.invoke.DirectMethodHandle$Holder.invokeStaticInit(java.lang.Object, long, java.lang.Object)'> (0x000000070f6269b8) 
thrown [s\open\src\hotspot\share\interpreter\linkResolver.cpp, line 774]
Event: 4.957 Thread 0x00000208aa047e70 Exception <a 'java/lang/NoSuchMethodError'{0x000000070f62beb0}: 'java.lang.Object java.lang.invoke.DirectMethodHandle$Holder.newInvokeSpecial(java.lang.Object, long)'> (0x000000070f62beb0) 
thrown [s\open\src\hotspot\share\interpreter\linkResolver.cpp, line 774]
Event: 4.957 Thread 0x00000208aa047e70 Exception <a 'java/lang/NoSuchMethodError'{0x000000070f630768}: 'long java.lang.invoke.DirectMethodHandle$Holder.invokeInterface(java.lang.Object, java.lang.Object)'> (0x000000070f630768) 
thrown [s\open\src\hotspot\share\interpreter\linkResolver.cpp, line 774]
Event: 4.957 Thread 0x00000208aa047e70 Exception <a 'java/lang/NoSuchMethodError'{0x000000070f633c50}: 'long java.lang.invoke.DelegatingMethodHandle$Holder.reinvoke_L(java.lang.Object, java.lang.Object)'> (0x000000070f633c50) 
thrown [s\open\src\hotspot\share\interpreter\linkResolver.cpp, line 774]
Event: 4.997 Thread 0x0000020843c10fa0 Exception <a 'java/lang/NoSuchMethodError'{0x000000070f555a98}: 'java.lang.Object java.lang.invoke.DirectMethodHandle$Holder.invokeStaticInit(java.lang.Object, java.lang.Object, int, int, int, int)'> (0x000000070f555a98) 
thrown [s\open\src\hotspot\share\interpreter\linkResolver.cpp, line 774]
Event: 5.095 Thread 0x0000020843c10fa0 Exception <a 'java/lang/NoSuchMethodError'{0x000000070b2ae1a0}: 'void java.lang.invoke.DirectMethodHandle$Holder.invokeStatic(java.lang.Object, long)'> (0x000000070b2ae1a0) 
thrown [s\open\src\hotspot\share\interpreter\linkResolver.cpp, line 774]

ZGC Phase Switch (0 events):
No events

VM Operations (20 events):
Event: 4.911 Executing VM operation: G1CollectForAllocation (G1 Evacuation Pause)
Event: 4.915 Executing VM operation: G1CollectForAllocation (G1 Evacuation Pause) done
Event: 4.925 Executing VM operation: G1PauseRemark
Event: 4.937 Executing VM operation: G1PauseRemark done
Event: 4.942 Executing VM operation: G1PauseCleanup
Event: 4.942 Executing VM operation: G1PauseCleanup done
Event: 4.963 Executing VM operation: HandshakeAllThreads (Deoptimize)
Event: 4.963 Executing VM operation: HandshakeAllThreads (Deoptimize) done
Event: 5.050 Executing VM operation: HandshakeAllThreads (Deoptimize)
Event: 5.050 Executing VM operation: HandshakeAllThreads (Deoptimize) done
Event: 5.051 Executing VM operation: HandshakeAllThreads (Deoptimize)
Event: 5.051 Executing VM operation: HandshakeAllThreads (Deoptimize) done
Event: 5.067 Executing VM operation: HandshakeAllThreads (Deoptimize)
Event: 5.067 Executing VM operation: HandshakeAllThreads (Deoptimize) done
Event: 5.073 Executing VM operation: HandshakeAllThreads (Deoptimize)
Event: 5.073 Executing VM operation: HandshakeAllThreads (Deoptimize) done
Event: 5.073 Executing VM operation: HandshakeAllThreads (Deoptimize)
Event: 5.073 Executing VM operation: HandshakeAllThreads (Deoptimize) done
Event: 5.097 Executing VM operation: HandshakeAllThreads (Deoptimize)
Event: 5.097 Executing VM operation: HandshakeAllThreads (Deoptimize) done

Events (20 events):
Event: 4.936 Thread 0x00000208630bdaa0 flushing nmethod 0x000002084cfff210
Event: 4.936 Thread 0x00000208630bdaa0 flushing nmethod 0x000002084d000490
Event: 4.936 Thread 0x00000208630bdaa0 flushing nmethod 0x000002084d000810
Event: 4.936 Thread 0x00000208630bdaa0 flushing nmethod 0x000002084d001190
Event: 4.936 Thread 0x00000208630bdaa0 flushing nmethod 0x000002084d001710
Event: 4.936 Thread 0x00000208630bdaa0 flushing nmethod 0x000002084d002010
Event: 4.936 Thread 0x00000208630bdaa0 flushing nmethod 0x000002084d006210
Event: 4.936 Thread 0x00000208630bdaa0 flushing nmethod 0x000002084d093590
Event: 4.936 Thread 0x00000208630bdaa0 flushing nmethod 0x000002084d13ed90
Event: 4.936 Thread 0x00000208630bdaa0 flushing nmethod 0x000002084d40c310
Event: 4.936 Thread 0x00000208630bdaa0 flushing nmethod 0x000002084d448410
Event: 4.936 Thread 0x00000208630bdaa0 flushing nmethod 0x000002084d449e90
Event: 4.951 Thread 0x00000208aa047e70 Thread added: 0x00000208aa047e70
Event: 4.958 Thread 0x00000208aa047e70 Thread exited: 0x00000208aa047e70
Event: 5.036 Thread 0x00000208aa049220 Thread added: 0x00000208aa049220
Event: 5.038 Thread 0x00000208aa04cd30 Thread added: 0x00000208aa04cd30
Event: 5.091 Thread 0x00000208aa048b90 Thread added: 0x00000208aa048b90
Event: 5.107 Thread 0x00000208aa0498b0 Thread added: 0x00000208aa0498b0
Event: 5.107 Thread 0x00000208aa04b2f0 Thread added: 0x00000208aa04b2f0
Event: 5.117 Thread 0x00000208aa049f40 Thread added: 0x00000208aa049f40


Dynamic libraries:
0x00007ff655db0000 - 0x00007ff655dc0000 	C:\Program Files\Java\jdk-22\bin\java.exe
0x00007ff9774d0000 - 0x00007ff9776c8000 	C:\Windows\SYSTEM32\ntdll.dll
0x00007ff975520000 - 0x00007ff9755dd000 	C:\Windows\System32\KERNEL32.DLL
0x00007ff975220000 - 0x00007ff975516000 	C:\Windows\System32\KERNELBASE.dll
0x00007ff974eb0000 - 0x00007ff974fb0000 	C:\Windows\System32\ucrtbase.dll
0x00007ff95edd0000 - 0x00007ff95edeb000 	C:\Program Files\Java\jdk-22\bin\VCRUNTIME140.dll
0x00007ff95fc60000 - 0x00007ff95fc77000 	C:\Program Files\Java\jdk-22\bin\jli.dll
0x00007ff976be0000 - 0x00007ff976c93000 	C:\Windows\System32\ADVAPI32.dll
0x00007ff975790000 - 0x00007ff97582e000 	C:\Windows\System32\msvcrt.dll
0x00007ff9772c0000 - 0x00007ff97735f000 	C:\Windows\System32\sechost.dll
0x00007ff976d30000 - 0x00007ff976e56000 	C:\Windows\System32\RPCRT4.dll
0x00007ff975170000 - 0x00007ff975197000 	C:\Windows\System32\bcrypt.dll
0x00007ff976a40000 - 0x00007ff976bde000 	C:\Windows\System32\USER32.dll
0x00007ff9751f0000 - 0x00007ff975212000 	C:\Windows\System32\win32u.dll
0x00007ff960ad0000 - 0x00007ff960d6a000 	C:\Windows\WinSxS\amd64_microsoft.windows.common-controls_6595b64144ccf1df_6.0.19041.3636_none_60b6a03d71f818d5\COMCTL32.dll
0x00007ff975d00000 - 0x00007ff975d2c000 	C:\Windows\System32\GDI32.dll
0x00007ff974d00000 - 0x00007ff974e1a000 	C:\Windows\System32\gdi32full.dll
0x00007ff974fb0000 - 0x00007ff97504d000 	C:\Windows\System32\msvcp_win.dll
0x00007ff96ea90000 - 0x00007ff96ea9a000 	C:\Windows\SYSTEM32\VERSION.dll
0x00007ff9770d0000 - 0x00007ff977100000 	C:\Windows\System32\IMM32.DLL
0x00007ff962080000 - 0x00007ff96208c000 	C:\Program Files\Java\jdk-22\bin\vcruntime140_1.dll
0x00007ff94a360000 - 0x00007ff94a3ee000 	C:\Program Files\Java\jdk-22\bin\msvcp140.dll
0x00007ff92c550000 - 0x00007ff92d297000 	C:\Program Files\Java\jdk-22\bin\server\jvm.dll
0x00007ff976f40000 - 0x00007ff976fab000 	C:\Windows\System32\WS2_32.dll
0x00007ff974140000 - 0x00007ff97418b000 	C:\Windows\SYSTEM32\POWRPROF.dll
0x00007ff96e160000 - 0x00007ff96e187000 	C:\Windows\SYSTEM32\WINMM.dll
0x00007ff973fb0000 - 0x00007ff973fc2000 	C:\Windows\SYSTEM32\UMPDC.dll
0x00007ff972a70000 - 0x00007ff972a82000 	C:\Windows\SYSTEM32\kernel.appcore.dll
0x00007ff95eef0000 - 0x00007ff95eefa000 	C:\Program Files\Java\jdk-22\bin\jimage.dll
0x00007ff961740000 - 0x00007ff961924000 	C:\Windows\SYSTEM32\DBGHELP.DLL
0x00007ff95c6d0000 - 0x00007ff95c704000 	C:\Windows\SYSTEM32\dbgcore.DLL
0x00007ff974e20000 - 0x00007ff974ea2000 	C:\Windows\System32\bcryptPrimitives.dll
0x00007ff9722d0000 - 0x00007ff9722df000 	C:\Program Files\Java\jdk-22\bin\instrument.dll
0x00007ff95e680000 - 0x00007ff95e69e000 	C:\Program Files\Java\jdk-22\bin\java.dll
0x00007ff975d30000 - 0x00007ff976475000 	C:\Windows\System32\SHELL32.dll
0x00007ff976900000 - 0x00007ff976a2b000 	C:\Windows\System32\ole32.dll
0x00007ff976540000 - 0x00007ff976894000 	C:\Windows\System32\combase.dll
0x00007ff972c70000 - 0x00007ff97340b000 	C:\Windows\SYSTEM32\windows.storage.dll
0x00007ff9745d0000 - 0x00007ff9745fd000 	C:\Windows\SYSTEM32\Wldp.dll
0x00007ff976480000 - 0x00007ff97652d000 	C:\Windows\System32\SHCORE.dll
0x00007ff975830000 - 0x00007ff975885000 	C:\Windows\System32\shlwapi.dll
0x00007ff974ad0000 - 0x00007ff974af5000 	C:\Windows\SYSTEM32\profapi.dll
0x00007ff956aa0000 - 0x00007ff956b77000 	C:\Program Files\Java\jdk-22\bin\jsvml.dll
0x00007ff95d760000 - 0x00007ff95d777000 	C:\Program Files\Java\jdk-22\bin\zip.dll
0x00007ff95ee30000 - 0x00007ff95ee40000 	C:\Program Files\Java\jdk-22\bin\net.dll
0x00007ff974330000 - 0x00007ff97439a000 	C:\Windows\system32\mswsock.dll
0x00007ff95d7b0000 - 0x00007ff95d7c6000 	C:\Program Files\Java\jdk-22\bin\nio.dll
0x00007ff95aae0000 - 0x00007ff95aafa000 	C:\Program Files\JetBrains\IntelliJ IDEA 2024.1.4\bin\breakgen64.dll
0x00007ff95d910000 - 0x00007ff95d919000 	C:\Program Files\Java\jdk-22\bin\extnet.dll
0x00007ff962e30000 - 0x00007ff962e54000 	C:\Users\User\AppData\Local\Temp\jansi-2.4.1-7e733d89234f54c3-jansi.dll
0x00007ff9624b0000 - 0x00007ff9624c0000 	C:\Program Files\Java\jdk-22\bin\verify.dll
0x00007ff973c80000 - 0x00007ff973cb3000 	C:\Windows\SYSTEM32\ntmarta.dll
0x00007ff974520000 - 0x00007ff974538000 	C:\Windows\SYSTEM32\CRYPTSP.dll
0x00007ff973bf0000 - 0x00007ff973c24000 	C:\Windows\system32\rsaenh.dll
0x00007ff974a50000 - 0x00007ff974a7e000 	C:\Windows\SYSTEM32\USERENV.dll
0x00007ff974540000 - 0x00007ff97454c000 	C:\Windows\SYSTEM32\CRYPTBASE.dll
0x00007ff973fd0000 - 0x00007ff97400b000 	C:\Windows\SYSTEM32\IPHLPAPI.DLL
0x00007ff976530000 - 0x00007ff976538000 	C:\Windows\System32\NSI.dll

dbghelp: loaded successfully - version: 4.0.5 - missing functions: none
symbol engine: initialized successfully - sym options: 0x614 - pdb path: .;C:\Program Files\Java\jdk-22\bin;C:\Windows\SYSTEM32;C:\Windows\WinSxS\amd64_microsoft.windows.common-controls_6595b64144ccf1df_6.0.19041.3636_none_60b6a03d71f818d5;C:\Program Files\Java\jdk-22\bin\server;C:\Program Files\JetBrains\IntelliJ IDEA 2024.1.4\bin;C:\Users\User\AppData\Local\Temp

VM Arguments:
jvm_args: -Dmaven.multiModuleProjectDirectory=C:\Users\User\Desktop\sistema.inventario\sistema.inventario -Djansi.passthrough=true -Dmaven.home=C:\Program Files\JetBrains\IntelliJ IDEA 2024.1.4\plugins\maven\lib\maven3 -Dclassworlds.conf=C:\Program Files\JetBrains\IntelliJ IDEA 2024.1.4\plugins\maven\lib\maven3\bin\m2.conf -Dmaven.ext.class.path=C:\Program Files\JetBrains\IntelliJ IDEA 2024.1.4\plugins\maven\lib\maven-event-listener.jar -javaagent:C:\Program Files\JetBrains\IntelliJ IDEA 2024.1.4\lib\idea_rt.jar=63146:C:\Program Files\JetBrains\IntelliJ IDEA 2024.1.4\bin -Dfile.encoding=UTF-8 -Dsun.stdout.encoding=UTF-8 -Dsun.stderr.encoding=UTF-8 
java_command: org.codehaus.classworlds.Launcher -Didea.version=2024.3.2.2 package
java_class_path (initial): C:\Program Files\JetBrains\IntelliJ IDEA 2024.1.4\plugins\maven\lib\maven3\boot\plexus-classworlds-2.8.0.jar;C:\Program Files\JetBrains\IntelliJ IDEA 2024.1.4\plugins\maven\lib\maven3\boot\plexus-classworlds.license
Launcher Type: SUN_STANDARD

[Global flags]
     intx CICompilerCount                          = 4                                         {product} {ergonomic}
     uint ConcGCThreads                            = 3                                         {product} {ergonomic}
     uint G1ConcRefinementThreads                  = 10                                        {product} {ergonomic}
   size_t G1HeapRegionSize                         = 2097152                                   {product} {ergonomic}
   size_t InitialHeapSize                          = 268435456                                 {product} {ergonomic}
   size_t MarkStackSize                            = 4194304                                   {product} {ergonomic}
   size_t MaxHeapSize                              = 4276092928                                {product} {ergonomic}
   size_t MaxNewSize                               = 2564816896                                {product} {ergonomic}
   size_t MinHeapDeltaBytes                        = 2097152                                   {product} {ergonomic}
   size_t MinHeapSize                              = 8388608                                   {product} {ergonomic}
    uintx NonNMethodCodeHeapSize                   = 5839372                                {pd product} {ergonomic}
    uintx NonProfiledCodeHeapSize                  = 122909434                              {pd product} {ergonomic}
    uintx ProfiledCodeHeapSize                     = 122909434                              {pd product} {ergonomic}
    uintx ReservedCodeCacheSize                    = 251658240                              {pd product} {ergonomic}
     bool SegmentedCodeCache                       = true                                      {product} {ergonomic}
   size_t SoftMaxHeapSize                          = 4276092928                             {manageable} {ergonomic}
     bool UseCompressedOops                        = true                           {product lp64_product} {ergonomic}
     bool UseG1GC                                  = true                                      {product} {ergonomic}
     bool UseLargePagesIndividualAllocation        = false                                  {pd product} {ergonomic}

Logging:
Log output configuration:
 #0: stdout all=warning uptime,level,tags foldmultilines=false
 #1: stderr all=off uptime,level,tags foldmultilines=false

Environment Variables:
JAVA_HOME=C:\Program Files\Java\jdk-19
PATH=C:\Program Files\Common Files\Oracle\Java\javapath;C:\Program Files\swipl\bin;C:\Program Files\NVIDIA Corporation\NVIDIA NvDLISR;C:\Program Files\Git\cmd;C:\Program Files\dotnet\;C:\Program Files (x86)\Windows Kits\10\Windows Performance Toolkit\;C:\Program Files\nodejs\;C:\Program Files\MySQL\MySQL Shell 8.0\bin\;C:\Users\User\AppData\Local\Microsoft\WindowsApps;C:\Program Files\mingw-w64\x86_64-8.1.0-posix-seh-rt_v6-rev0\mingw64\bin;C:\msys64\usr\bin;C:\Users\User\AppData\Local\Programs\Microsoft VS Code\bin;C:\Program Files\Azure Data Studio\bin;C:\MinGW\bin;C:\Program Files (x86)\GnuWin32\bin;C:\Program Files\Java\jdk-19\bin;C:\Program Files\Java\jdk-19\lib;C:\Program Files\swipl\lib;C:\Windows\system32\cmd.exe;C:\Program Files\JetBrains\IntelliJ IDEA 2024.1.4\bin;C:\Users\User\AppData\Roaming\npm
USERNAME=User
OS=Windows_NT
PROCESSOR_IDENTIFIER=AMD64 Family 25 Model 33 Stepping 0, AuthenticAMD
TMP=C:\Users\User\AppData\Local\Temp
TEMP=C:\Users\User\AppData\Local\Temp




Periodic native trim disabled

---------------  S Y S T E M  ---------------

OS:
 Windows 10 , 64 bit Build 19041 (10.0.19041.3636)
OS uptime: 14 days 1:24 hours

CPU: total 12 (initial active 12) (12 cores per cpu, 2 threads per core) family 25 model 33 stepping 0 microcode 0x0, cx8, cmov, fxsr, ht, mmx, 3dnowpref, sse, sse2, sse3, ssse3, sse4a, sse4.1, sse4.2, popcnt, lzcnt, tsc, tscinvbit, avx, avx2, aes, erms, clmul, bmi1, bmi2, adx, sha, fma, vzeroupper, clflush, clflushopt, rdtscp, rdpid, fsrm, f16c, pku, cet_ss
Processor Information for all 12 processors :
  Max Mhz: 3701, Current Mhz: 3701, Mhz Limit: 3701

Memory: 4k page, system-wide physical 16310M (4548M free)
TotalPageFile size 18358M (AvailPageFile size 7M)
current process WorkingSet (physical memory assigned to process): 577M, peak: 577M
current process commit charge ("private bytes"): 644M, peak: 649M

vm_info: Java HotSpot(TM) 64-Bit Server VM (22.0.1+8-16) for windows-amd64 JRE (22.0.1+8-16), built on 2024-03-12T10:33:16Z by "mach5one" with MS VC++ 17.6 (VS2022)

END.
